<?xml version="1.0" encoding="UTF-8"?>
<!-- Generated by org.testng.reporters.JUnitXMLReporter -->
<testsuite hostname="NP-SADEKUNLE" ignored="0" name="ChangePasswordTest" tests="12" failures="1" timestamp="23 Mar 2017 19:41:12 GMT" time="514.397" errors="0">
  <testcase name="ChangePasswordTest" time="30.099" classname="CORE_SUITE.ChangePasswordTest"/>
  <testcase name="ChangePasswordTest" time="48.463" classname="CORE_SUITE.ChangePasswordTest"/>
  <testcase name="ChangePasswordTest" time="36.358" classname="CORE_SUITE.ChangePasswordTest"/>
  <testcase name="ChangePasswordTest" time="32.299" classname="CORE_SUITE.ChangePasswordTest"/>
  <testcase name="ChangePasswordTest" time="44.555" classname="CORE_SUITE.ChangePasswordTest"/>
  <testcase name="ChangePasswordTest" time="42.459" classname="CORE_SUITE.ChangePasswordTest"/>
  <testcase name="ChangePasswordTest" time="32.368" classname="CORE_SUITE.ChangePasswordTest"/>
  <testcase name="ChangePasswordTest" time="41.816" classname="CORE_SUITE.ChangePasswordTest"/>
  <testcase name="ChangePasswordTest" time="42.808" classname="CORE_SUITE.ChangePasswordTest"/>
  <testcase name="ChangePasswordTest" time="24.671" classname="CORE_SUITE.ChangePasswordTest">
    <failure type="java.lang.AssertionError" message="Element not found - hpUsername_xpath">
      <![CDATA[java.lang.AssertionError: Element not found - hpUsername_xpath
	at Base.TestBase.input(TestBase.java:214)
	at Base.TestBase.doLogin(TestBase.java:270)
	at Base.TestBase.doDefaultLogin(TestBase.java:285)
	at CORE_SUITE.ChangePasswordTest.ChangePasswordTest(ChangePasswordTest.java:35)
... Removed 27 stack frames]]>
    </failure>
  </testcase> <!-- ChangePasswordTest -->
  <testcase name="ChangePasswordTest" time="59.448" classname="CORE_SUITE.ChangePasswordTest"/>
  <testcase name="ChangePasswordTest" time="64.597" classname="CORE_SUITE.ChangePasswordTest"/>
</testsuite> <!-- ChangePasswordTest -->
