<html>
<head>
<title>TestNG:  ForgottenDetails Test</title>
<link href="../testng.css" rel="stylesheet" type="text/css" />
<link href="../my-testng.css" rel="stylesheet" type="text/css" />

<style type="text/css">
.log { display: none;} 
.stack-trace { display: none;} 
</style>
<script type="text/javascript">
<!--
function flip(e) {
  current = e.style.display;
  if (current == 'block') {
    e.style.display = 'none';
    return 0;
  }
  else {
    e.style.display = 'block';
    return 1;
  }
}

function toggleBox(szDivId, elem, msg1, msg2)
{
  var res = -1;  if (document.getElementById) {
    res = flip(document.getElementById(szDivId));
  }
  else if (document.all) {
    // this is the way old msie versions work
    res = flip(document.all[szDivId]);
  }
  if(elem) {
    if(res == 0) elem.innerHTML = msg1; else elem.innerHTML = msg2;
  }

}

function toggleAllBoxes() {
  if (document.getElementsByTagName) {
    d = document.getElementsByTagName('div');
    for (i = 0; i < d.length; i++) {
      if (d[i].className == 'log') {
        flip(d[i]);
      }
    }
  }
}

// -->
</script>

</head>
<body>
<h2 align='center'>ForgottenDetails Test</h2><table border='1' align="center">
<tr>
<td>Tests passed/Failed/Skipped:</td><td>11/1/0</td>
</tr><tr>
<td>Started on:</td><td>Thu Mar 23 19:41:12 GMT 2017</td>
</tr>
<tr><td>Total time:</td><td>279 seconds (279057 ms)</td>
</tr><tr>
<td>Included groups:</td><td></td>
</tr><tr>
<td>Excluded groups:</td><td></td>
</tr>
</table><p/>
<small><i>(Hover the method name to see the test class name)</i></small><p/>
<table width='100%' border='1' class='invocation-failed'>
<tr><td colspan='4' align='center'><b>FAILED TESTS</b></td></tr>
<tr><td><b>Test method</b></td>
<td width="30%"><b>Exception</b></td>
<td width="10%"><b>Time (seconds)</b></td>
<td><b>Instance</b></td>
</tr>
<tr>
<td title='CORE_SUITE.ForgottenDetailsTest.ForgottenDetailsTest()'><b>ForgottenDetailsTest</b><br>Test class: CORE_SUITE.ForgottenDetailsTest<br>Parameters: {NewPassword=££££££££££>, Username=Noblebug228, Result=Correct, Runmode=Y, Email=test@playtech.com, Expected_Result=FAILURE, ConfirmPasswordR=££££££££££>, month=NOV, year=1981.0, day=31.0, Browser=Mozilla}</td>
<td><div><pre>java.lang.AssertionError: Element not found - resetPassword_NewPassword_xpath
	at Base.TestBase.input(TestBase.java:214)
	at CORE_SUITE.ForgottenDetailsTest.ForgottenDetailsTest(ForgottenDetailsTest.java:45)
... Removed 27 stack frames</pre></div><a href='#' onClick='toggleBox("stack-trace388436342", this, "Click to show all stack frames", "Click to hide stack frames")'>Click to show all stack frames</a>
<div class='stack-trace' id='stack-trace388436342'><pre>java.lang.AssertionError: Element not found - resetPassword_NewPassword_xpath
	at org.testng.Assert.fail(Assert.java:94)
	at Base.TestBase.input(TestBase.java:214)
	at CORE_SUITE.ForgottenDetailsTest.ForgottenDetailsTest(ForgottenDetailsTest.java:45)
	at sun.reflect.NativeMethodAccessorImpl.invoke0(Native Method)
	at sun.reflect.NativeMethodAccessorImpl.invoke(NativeMethodAccessorImpl.java:62)
	at sun.reflect.DelegatingMethodAccessorImpl.invoke(DelegatingMethodAccessorImpl.java:43)
	at java.lang.reflect.Method.invoke(Method.java:498)
	at org.testng.internal.MethodInvocationHelper.invokeMethod(MethodInvocationHelper.java:104)
	at org.testng.internal.Invoker.invokeMethod(Invoker.java:645)
	at org.testng.internal.Invoker.invokeTestMethod(Invoker.java:851)
	at org.testng.internal.Invoker.invokeTestMethods(Invoker.java:1177)
	at org.testng.internal.TestMethodWorker.invokeTestMethods(TestMethodWorker.java:129)
	at org.testng.internal.TestMethodWorker.run(TestMethodWorker.java:112)
	at org.testng.TestRunner.privateRun(TestRunner.java:756)
	at org.testng.TestRunner.run(TestRunner.java:610)
	at org.testng.SuiteRunner.runTest(SuiteRunner.java:387)
	at org.testng.SuiteRunner.runSequentially(SuiteRunner.java:382)
	at org.testng.SuiteRunner.privateRun(SuiteRunner.java:340)
	at org.testng.SuiteRunner.run(SuiteRunner.java:289)
	at org.testng.SuiteRunnerWorker.runSuite(SuiteRunnerWorker.java:52)
	at org.testng.SuiteRunnerWorker.run(SuiteRunnerWorker.java:86)
	at org.testng.TestNG.runSuitesSequentially(TestNG.java:1293)
	at org.testng.TestNG.runSuitesSequentially(TestNG.java:1289)
	at org.testng.TestNG.runSuitesLocally(TestNG.java:1218)
	at org.testng.TestNG.runSuites(TestNG.java:1133)
	at org.testng.TestNG.run(TestNG.java:1104)
	at org.testng.remote.AbstractRemoteTestNG.run(AbstractRemoteTestNG.java:132)
	at org.testng.remote.RemoteTestNG.initAndRun(RemoteTestNG.java:236)
	at org.testng.remote.RemoteTestNG.main(RemoteTestNG.java:81)
</pre></div></td>
<td>30</td>
<td>CORE_SUITE.ForgottenDetailsTest@1990a65e</td></tr>
</table><p>
<table width='100%' border='1' class='invocation-passed'>
<tr><td colspan='4' align='center'><b>PASSED TESTS</b></td></tr>
<tr><td><b>Test method</b></td>
<td width="30%"><b>Exception</b></td>
<td width="10%"><b>Time (seconds)</b></td>
<td><b>Instance</b></td>
</tr>
<tr>
<td title='CORE_SUITE.ForgottenDetailsTest.ForgottenDetailsTest()'><b>ForgottenDetailsTest</b><br>Test class: CORE_SUITE.ForgottenDetailsTest<br>Parameters: {NewPassword=bola1231, Username=manggee, Result=Incorrect, Runmode=Y, Email=test@playtech.com, Expected_Result=FAILURE, ConfirmPasswordR=bola1234, month=OCT, year=1990.0, day=3.0, Browser=Chrome}</td>
<td></td>
<td>14</td>
<td>CORE_SUITE.ForgottenDetailsTest@1990a65e</td></tr>
<tr>
<td title='CORE_SUITE.ForgottenDetailsTest.ForgottenDetailsTest()'><b>ForgottenDetailsTest</b><br>Test class: CORE_SUITE.ForgottenDetailsTest<br>Parameters: {NewPassword=bola1234, Username=Nobelbug11, Result=Incorrect, Runmode=Y, Email=testplay.com, Expected_Result=FAILURE, ConfirmPasswordR=bola1234, month=Aug, year=1990.0, day=8.0, Browser=Mozilla}</td>
<td></td>
<td>14</td>
<td>CORE_SUITE.ForgottenDetailsTest@1990a65e</td></tr>
<tr>
<td title='CORE_SUITE.ForgottenDetailsTest.ForgottenDetailsTest()'><b>ForgottenDetailsTest</b><br>Test class: CORE_SUITE.ForgottenDetailsTest<br>Parameters: {NewPassword=bola1237, Username=, Result=Incorrect, Runmode=Y, Email=test@playtech.com, Expected_Result=FAILURE, ConfirmPasswordR=bola1234, month=Jan, year=1980.0, day=3.0, Browser=Chrome}</td>
<td></td>
<td>18</td>
<td>CORE_SUITE.ForgottenDetailsTest@1990a65e</td></tr>
<tr>
<td title='CORE_SUITE.ForgottenDetailsTest.ForgottenDetailsTest()'><b>ForgottenDetailsTest</b><br>Test class: CORE_SUITE.ForgottenDetailsTest<br>Parameters: {NewPassword=bola1240, Username=H, Result=Incorrect, Runmode=Y, Email=test@playtech.com, Expected_Result=FAILURE, ConfirmPasswordR=bola1234, month=Aug, year=1990.0, day=8.0, Browser=Mozilla}</td>
<td></td>
<td>16</td>
<td>CORE_SUITE.ForgottenDetailsTest@1990a65e</td></tr>
<tr>
<td title='CORE_SUITE.ForgottenDetailsTest.ForgottenDetailsTest()'><b>ForgottenDetailsTest</b><br>Test class: CORE_SUITE.ForgottenDetailsTest<br>Parameters: {NewPassword=1.2345678E7, Username=Noblebug228, Result=Correct, Runmode=Y, Email=test@playtech.com, Expected_Result=FAILURE, ConfirmPasswordR=1.2345678E7, month=OCT, year=1980.0, day=30.0, Browser=Mozilla}</td>
<td></td>
<td>24</td>
<td>CORE_SUITE.ForgottenDetailsTest@1990a65e</td></tr>
<tr>
<td title='CORE_SUITE.ForgottenDetailsTest.ForgottenDetailsTest()'><b>ForgottenDetailsTest</b><br>Test class: CORE_SUITE.ForgottenDetailsTest<br>Parameters: {NewPassword=££££££££££>, Username=Noblebug228, Result=Correct, Runmode=Y, Email=test@playtech.com, Expected_Result=FAILURE, ConfirmPasswordR=££££££££££>, month=OCT, year=1980.0, day=30.0, Browser=Mozilla}</td>
<td></td>
<td>25</td>
<td>CORE_SUITE.ForgottenDetailsTest@1990a65e</td></tr>
<tr>
<td title='CORE_SUITE.ForgottenDetailsTest.ForgottenDetailsTest()'><b>ForgottenDetailsTest</b><br>Test class: CORE_SUITE.ForgottenDetailsTest<br>Parameters: {NewPassword=bola123, Username=Noblebug228, Result=Correct, Runmode=Y, Email=test@playtech.com, Expected_Result=FAILURE, ConfirmPasswordR=bola123, month=OCT, year=1980.0, day=30.0, Browser=Mozilla}</td>
<td></td>
<td>22</td>
<td>CORE_SUITE.ForgottenDetailsTest@1990a65e</td></tr>
<tr>
<td title='CORE_SUITE.ForgottenDetailsTest.ForgottenDetailsTest()'><b>ForgottenDetailsTest</b><br>Test class: CORE_SUITE.ForgottenDetailsTest<br>Parameters: {NewPassword=bolabola, Username=Noblebug228, Result=Correct, Runmode=Y, Email=test@playtech.com, Expected_Result=FAILURE, ConfirmPasswordR=bolabola, month=OCT, year=1980.0, day=30.0, Browser=Mozilla}</td>
<td></td>
<td>24</td>
<td>CORE_SUITE.ForgottenDetailsTest@1990a65e</td></tr>
<tr>
<td title='CORE_SUITE.ForgottenDetailsTest.ForgottenDetailsTest()'><b>ForgottenDetailsTest</b><br>Test class: CORE_SUITE.ForgottenDetailsTest<br>Parameters: {NewPassword=bola1£1, Username=Noblebug228, Result=Correct, Runmode=Y, Email=test@playtech.com, Expected_Result=FAILURE, ConfirmPasswordR=bola1£1, month=OCT, year=1980.0, day=30.0, Browser=Mozilla}</td>
<td></td>
<td>25</td>
<td>CORE_SUITE.ForgottenDetailsTest@1990a65e</td></tr>
<tr>
<td title='CORE_SUITE.ForgottenDetailsTest.ForgottenDetailsTest()'><b>ForgottenDetailsTest</b><br>Test class: CORE_SUITE.ForgottenDetailsTest<br>Parameters: {NewPassword=bola123$%^£, Username=Noblebug228, Result=Correct, Runmode=Y, Email=test@playtech.com, Expected_Result=FAILURE, ConfirmPasswordR=bola123$%^£, month=OCT, year=1980.0, day=30.0, Browser=Mozilla}</td>
<td></td>
<td>25</td>
<td>CORE_SUITE.ForgottenDetailsTest@1990a65e</td></tr>
<tr>
<td title='CORE_SUITE.ForgottenDetailsTest.ForgottenDetailsTest()'><b>ForgottenDetailsTest</b><br>Test class: CORE_SUITE.ForgottenDetailsTest<br>Parameters: {NewPassword=Bola123$%^, Username=Noblebug228, Result=Correct, Runmode=Y, Email=test@playtech.com, Expected_Result=SUCCESS, ConfirmPasswordR=Bola123$%^, month=OCT, year=1980.0, day=30.0, Browser=Mozilla}</td>
<td></td>
<td>26</td>
<td>CORE_SUITE.ForgottenDetailsTest@1990a65e</td></tr>
</table><p>
</body>
</html>