<?xml version="1.0" encoding="UTF-8"?>
<!-- Generated by org.testng.reporters.JUnitXMLReporter -->
<testsuite hostname="NP-SADEKUNLE" ignored="0" name="ForgottenDetails Test" tests="12" failures="1" timestamp="23 Mar 2017 19:45:51 GMT" time="279.057" errors="0">
  <testcase name="ForgottenDetailsTest" time="14.863" classname="CORE_SUITE.ForgottenDetailsTest"/>
  <testcase name="ForgottenDetailsTest" time="14.951" classname="CORE_SUITE.ForgottenDetailsTest"/>
  <testcase name="ForgottenDetailsTest" time="18.419" classname="CORE_SUITE.ForgottenDetailsTest"/>
  <testcase name="ForgottenDetailsTest" time="16.214" classname="CORE_SUITE.ForgottenDetailsTest"/>
  <testcase name="ForgottenDetailsTest" time="30.54" classname="CORE_SUITE.ForgottenDetailsTest">
    <failure type="java.lang.AssertionError" message="Element not found - resetPassword_NewPassword_xpath">
      <![CDATA[java.lang.AssertionError: Element not found - resetPassword_NewPassword_xpath
	at Base.TestBase.input(TestBase.java:214)
	at CORE_SUITE.ForgottenDetailsTest.ForgottenDetailsTest(ForgottenDetailsTest.java:45)
... Removed 27 stack frames]]>
    </failure>
  </testcase> <!-- ForgottenDetailsTest -->
  <testcase name="ForgottenDetailsTest" time="24.999" classname="CORE_SUITE.ForgottenDetailsTest"/>
  <testcase name="ForgottenDetailsTest" time="25.558" classname="CORE_SUITE.ForgottenDetailsTest"/>
  <testcase name="ForgottenDetailsTest" time="22.823" classname="CORE_SUITE.ForgottenDetailsTest"/>
  <testcase name="ForgottenDetailsTest" time="24.105" classname="CORE_SUITE.ForgottenDetailsTest"/>
  <testcase name="ForgottenDetailsTest" time="25.153" classname="CORE_SUITE.ForgottenDetailsTest"/>
  <testcase name="ForgottenDetailsTest" time="25.852" classname="CORE_SUITE.ForgottenDetailsTest"/>
  <testcase name="ForgottenDetailsTest" time="26.773" classname="CORE_SUITE.ForgottenDetailsTest"/>
</testsuite> <!-- ForgottenDetails Test -->
