<?xml version="1.0" encoding="UTF-8"?>
<!-- Generated by org.testng.reporters.JUnitXMLReporter -->
<testsuite hostname="NP-SADEKUNLE" ignored="0" name="AboutUsTest" tests="2" failures="1" timestamp="23 Mar 2017 19:50:13 GMT" time="83.801" errors="0">
  <testcase name="AboutTest" time="44.316" classname="Casino.AboutUsTest">
    <failure type="java.lang.AssertionError" message="Element not found - aboutus_ProgressiveJackpot_xpath">
      <![CDATA[java.lang.AssertionError: Element not found - aboutus_ProgressiveJackpot_xpath
	at Base.TestBase.click(TestBase.java:186)
	at Casino.AboutUsTest.AboutTest(AboutUsTest.java:54)
... Removed 27 stack frames]]>
    </failure>
  </testcase> <!-- AboutTest -->
  <testcase name="EnjoyRespoTest" time="37.51" classname="Casino.AboutUsTest"/>
</testsuite> <!-- AboutUsTest -->
