<?xml version="1.0" encoding="UTF-8"?>
<testng-results skipped="0" failed="18" ignored="11" total="80" passed="51">
  <reporter-output>
  </reporter-output>
  <suite name="SupercasinoReDesign" duration-ms="0" started-at="2017-03-23T20:02:57Z" finished-at="2017-03-23T20:02:57Z">
    <groups>
    </groups>
  </suite> <!-- SupercasinoReDesign -->
  <suite name="CORE_SUITE" duration-ms="1445111" started-at="2017-03-23T19:24:44Z" finished-at="2017-03-23T19:48:49Z">
    <groups>
    </groups>
    <test name="Login Test" duration-ms="101590" started-at="2017-03-23T19:24:44Z" finished-at="2017-03-23T19:26:26Z">
      <class name="CORE_SUITE.LoginTest">
        <test-method status="PASS" signature="initLogs()[pri:0, instance:CORE_SUITE.LoginTest@1060b431]" name="initLogs" is-config="true" duration-ms="7" started-at="2017-03-23T19:24:44Z" finished-at="2017-03-23T19:24:44Z">
          <reporter-output>
          </reporter-output>
        </test-method> <!-- initLogs -->
        <test-method status="PASS" signature="loginTest(java.util.Hashtable)[pri:0, instance:CORE_SUITE.LoginTest@1060b431]" name="loginTest" duration-ms="20024" started-at="2017-03-23T19:24:45Z" data-provider="CORE_SUITEDataProvider" finished-at="2017-03-23T19:25:05Z">
          <params>
            <param index="0">
              <value>
                <![CDATA[{Username=mmm12, Password=MNNH$1, Runmode=Y, Expected_Result=FAILURE, Browser=Mozilla, Result=}]]>
              </value>
            </param>
          </params>
          <reporter-output>
          </reporter-output>
        </test-method> <!-- loginTest -->
        <test-method status="PASS" signature="close()[pri:0, instance:CORE_SUITE.LoginTest@1060b431]" name="close" is-config="true" duration-ms="1244" started-at="2017-03-23T19:25:05Z" finished-at="2017-03-23T19:25:06Z">
          <reporter-output>
          </reporter-output>
        </test-method> <!-- close -->
        <test-method status="PASS" signature="loginTest(java.util.Hashtable)[pri:0, instance:CORE_SUITE.LoginTest@1060b431]" name="loginTest" duration-ms="21545" started-at="2017-03-23T19:25:06Z" data-provider="CORE_SUITEDataProvider" finished-at="2017-03-23T19:25:27Z">
          <params>
            <param index="0">
              <value>
                <![CDATA[{Username=NNNNNNNNNNNNNNNNNNNNN1, Password=GGGGGGGGGGGGGGGGGGGG1, Runmode=Y, Expected_Result=FAILURE, Browser=Chrome, Result=}]]>
              </value>
            </param>
          </params>
          <reporter-output>
          </reporter-output>
        </test-method> <!-- loginTest -->
        <test-method status="PASS" signature="close()[pri:0, instance:CORE_SUITE.LoginTest@1060b431]" name="close" is-config="true" duration-ms="983" started-at="2017-03-23T19:25:27Z" finished-at="2017-03-23T19:25:28Z">
          <reporter-output>
          </reporter-output>
        </test-method> <!-- close -->
        <test-method status="PASS" signature="loginTest(java.util.Hashtable)[pri:0, instance:CORE_SUITE.LoginTest@1060b431]" name="loginTest" duration-ms="20627" started-at="2017-03-23T19:25:28Z" data-provider="CORE_SUITEDataProvider" finished-at="2017-03-23T19:25:49Z">
          <params>
            <param index="0">
              <value>
                <![CDATA[{Username=Noblebug228, Password=Bola123, Runmode=Y, Expected_Result=FAILURE, Browser=Chrome, Result=}]]>
              </value>
            </param>
          </params>
          <reporter-output>
          </reporter-output>
        </test-method> <!-- loginTest -->
        <test-method status="PASS" signature="close()[pri:0, instance:CORE_SUITE.LoginTest@1060b431]" name="close" is-config="true" duration-ms="991" started-at="2017-03-23T19:25:49Z" finished-at="2017-03-23T19:25:50Z">
          <reporter-output>
          </reporter-output>
        </test-method> <!-- close -->
        <test-method status="PASS" signature="loginTest(java.util.Hashtable)[pri:0, instance:CORE_SUITE.LoginTest@1060b431]" name="loginTest" duration-ms="34891" started-at="2017-03-23T19:25:50Z" data-provider="CORE_SUITEDataProvider" finished-at="2017-03-23T19:26:25Z">
          <params>
            <param index="0">
              <value>
                <![CDATA[{Username=Noblebug240, Password=Bola1235$%^, Runmode=Y, Expected_Result=SUCCESS, Browser=Mozilla, Result=}]]>
              </value>
            </param>
          </params>
          <reporter-output>
          </reporter-output>
        </test-method> <!-- loginTest -->
        <test-method status="PASS" signature="close()[pri:0, instance:CORE_SUITE.LoginTest@1060b431]" name="close" is-config="true" duration-ms="703" started-at="2017-03-23T19:26:25Z" finished-at="2017-03-23T19:26:26Z">
          <reporter-output>
          </reporter-output>
        </test-method> <!-- close -->
      </class> <!-- CORE_SUITE.LoginTest -->
    </test> <!-- Login Test -->
    <test name="Registration Test" duration-ms="371593" started-at="2017-03-23T19:26:26Z" finished-at="2017-03-23T19:32:37Z">
      <class name="CORE_SUITE.RegistrationTest">
        <test-method status="PASS" signature="initLogs()[pri:0, instance:CORE_SUITE.RegistrationTest@cb0ed20]" name="initLogs" is-config="true" duration-ms="12" started-at="2017-03-23T19:26:26Z" finished-at="2017-03-23T19:26:26Z">
          <reporter-output>
          </reporter-output>
        </test-method> <!-- initLogs -->
        <test-method status="PASS" signature="RegistrationTest(java.util.Hashtable)[pri:0, instance:CORE_SUITE.RegistrationTest@cb0ed20]" name="RegistrationTest" duration-ms="27031" started-at="2017-03-23T19:26:26Z" data-provider="CORE_SUITEDataProvider" finished-at="2017-03-23T19:26:53Z">
          <params>
            <param index="0">
              <value>
                <![CDATA[{Browser=Mozilla, Password=MNNH$1, contactNum=0203700700, address=8, silverthorne, Screenname=mmm12, Username=mmm12, Title=Miss, Expected_Result=FAILURE, confirmPassword=MNNH$2, lastname=MNHGF, Result=, Firstname=MJHGF-12, year=1980.0, Runmode=Y, city=London, promoCode=, day=3.0, county=l, month=OCT, Email=test@playtec.com, postcode=SW8 3HE}]]>
              </value>
            </param>
          </params>
          <reporter-output>
          </reporter-output>
        </test-method> <!-- RegistrationTest -->
        <test-method status="PASS" signature="close()[pri:0, instance:CORE_SUITE.RegistrationTest@cb0ed20]" name="close" is-config="true" duration-ms="691" started-at="2017-03-23T19:26:53Z" finished-at="2017-03-23T19:26:53Z">
          <reporter-output>
          </reporter-output>
        </test-method> <!-- close -->
        <test-method status="PASS" signature="RegistrationTest(java.util.Hashtable)[pri:0, instance:CORE_SUITE.RegistrationTest@cb0ed20]" name="RegistrationTest" duration-ms="27000" started-at="2017-03-23T19:26:53Z" data-provider="CORE_SUITEDataProvider" finished-at="2017-03-23T19:27:20Z">
          <params>
            <param index="0">
              <value>
                <![CDATA[{Browser=Chrome, Password=GGGGGGGGGGGGGGGGGGGG1, contactNum=0207000100, address=8//, Screenname=1.234543212E9, Username=NNNNNNNNNNNNNNNNNNNNN1, Title=Ms, Expected_Result=FAILURE, confirmPassword=GGGGGGGGGGGGGGGGGGGG1, lastname=AGGTR'S, Result=, Firstname=GHJUYT'S, year=1980.0, Runmode=Y, city=L, promoCode=, day=3.0, county=Greater LONDON, month=OCT, Email=test@playtec.com, postcode=SW8 3HE}]]>
              </value>
            </param>
          </params>
          <reporter-output>
          </reporter-output>
        </test-method> <!-- RegistrationTest -->
        <test-method status="PASS" signature="close()[pri:0, instance:CORE_SUITE.RegistrationTest@cb0ed20]" name="close" is-config="true" duration-ms="992" started-at="2017-03-23T19:27:20Z" finished-at="2017-03-23T19:27:21Z">
          <reporter-output>
          </reporter-output>
        </test-method> <!-- close -->
        <test-method status="PASS" signature="RegistrationTest(java.util.Hashtable)[pri:0, instance:CORE_SUITE.RegistrationTest@cb0ed20]" name="RegistrationTest" duration-ms="35561" started-at="2017-03-23T19:27:21Z" data-provider="CORE_SUITEDataProvider" finished-at="2017-03-23T19:27:57Z">
          <params>
            <param index="0">
              <value>
                <![CDATA[{Browser=Mozilla, Password=1.2345678E7, contactNum=0207001000, address=0.08, Screenname=GGGGGGGGGGGGGGGGGGGG1, Username=markge, Title=DR, Expected_Result=FAILURE, confirmPassword=1.2345678E7, lastname=HJUUT12, Result=, Firstname=AGRT BG, year=1980.0, Runmode=Y, city=london1, promoCode=Prom2345, day=3.0, county=Greatest of LONDON area of united kingdon europes, month=OCT, Email=test@playtec.com, postcode=SW8 3HE}]]>
              </value>
            </param>
          </params>
          <reporter-output>
          </reporter-output>
        </test-method> <!-- RegistrationTest -->
        <test-method status="PASS" signature="close()[pri:0, instance:CORE_SUITE.RegistrationTest@cb0ed20]" name="close" is-config="true" duration-ms="618" started-at="2017-03-23T19:27:57Z" finished-at="2017-03-23T19:27:58Z">
          <reporter-output>
          </reporter-output>
        </test-method> <!-- close -->
        <test-method status="PASS" signature="RegistrationTest(java.util.Hashtable)[pri:0, instance:CORE_SUITE.RegistrationTest@cb0ed20]" name="RegistrationTest" duration-ms="40378" started-at="2017-03-23T19:27:58Z" data-provider="CORE_SUITEDataProvider" finished-at="2017-03-23T19:28:38Z">
          <params>
            <param index="0">
              <value>
                <![CDATA[{Browser=Chrome, Password=ADSERTYG, contactNum=0207100600, address=8,silverthorne, Screenname=ASEDCFREEE, Username=1.2345678E7, Title=MR, Expected_Result=FAILURE, confirmPassword=ADSERTYG, lastname=ASEDDR, Result=, Firstname=, year=1980.0, Runmode=Y, city=Greatest of LONDON area of united kingdon europes, promoCode=BONUS200, day=3.0, county=Greatest of LONDON area of united kingdon europes, month=OCT, Email=test@playtec.com, postcode=}]]>
              </value>
            </param>
          </params>
          <reporter-output>
          </reporter-output>
        </test-method> <!-- RegistrationTest -->
        <test-method status="PASS" signature="close()[pri:0, instance:CORE_SUITE.RegistrationTest@cb0ed20]" name="close" is-config="true" duration-ms="978" started-at="2017-03-23T19:28:38Z" finished-at="2017-03-23T19:28:39Z">
          <reporter-output>
          </reporter-output>
        </test-method> <!-- close -->
        <test-method status="PASS" signature="RegistrationTest(java.util.Hashtable)[pri:0, instance:CORE_SUITE.RegistrationTest@cb0ed20]" name="RegistrationTest" duration-ms="27650" started-at="2017-03-23T19:28:39Z" data-provider="CORE_SUITEDataProvider" finished-at="2017-03-23T19:29:07Z">
          <params>
            <param index="0">
              <value>
                <![CDATA[{Browser=Mozilla, Password=lookjng£*^, contactNum=0207100601, address=, Screenname=makomi1lbugo, Username=, Title=MR, Expected_Result=FAILURE, confirmPassword=lookjng£*^, lastname=, Result=, Firstname=asderty, year=1980.0, Runmode=Y, city=london, promoCode=, day=3.0, county=London, month=OCT, Email=, postcode=}]]>
              </value>
            </param>
          </params>
          <reporter-output>
          </reporter-output>
        </test-method> <!-- RegistrationTest -->
        <test-method status="PASS" signature="close()[pri:0, instance:CORE_SUITE.RegistrationTest@cb0ed20]" name="close" is-config="true" duration-ms="700" started-at="2017-03-23T19:29:07Z" finished-at="2017-03-23T19:29:07Z">
          <reporter-output>
          </reporter-output>
        </test-method> <!-- close -->
        <test-method status="PASS" signature="RegistrationTest(java.util.Hashtable)[pri:0, instance:CORE_SUITE.RegistrationTest@cb0ed20]" name="RegistrationTest" duration-ms="23229" started-at="2017-03-23T19:29:07Z" data-provider="CORE_SUITEDataProvider" finished-at="2017-03-23T19:29:31Z">
          <params>
            <param index="0">
              <value>
                <![CDATA[{Browser=Mozilla, Password=££££££££££>, contactNum=++U13234803556000, address=80.0, Screenname=adsggtt444^$£, Username=Snetplay-TV, Title=Miss, Expected_Result=FAILURE, confirmPassword=££££££££££>, lastname=^^^^^"""**, Result=, Firstname=add*add, year=2018.0, Runmode=Y, city=London&&&, promoCode=, day=23.0, county=1234555.0, month=Jun, Email=temmtt, postcode=SW8 3HE}]]>
              </value>
            </param>
          </params>
          <reporter-output>
          </reporter-output>
        </test-method> <!-- RegistrationTest -->
        <test-method status="PASS" signature="close()[pri:0, instance:CORE_SUITE.RegistrationTest@cb0ed20]" name="close" is-config="true" duration-ms="602" started-at="2017-03-23T19:29:31Z" finished-at="2017-03-23T19:29:31Z">
          <reporter-output>
          </reporter-output>
        </test-method> <!-- close -->
        <test-method status="PASS" signature="RegistrationTest(java.util.Hashtable)[pri:0, instance:CORE_SUITE.RegistrationTest@cb0ed20]" name="RegistrationTest" duration-ms="23117" started-at="2017-03-23T19:29:31Z" data-provider="CORE_SUITEDataProvider" finished-at="2017-03-23T19:29:54Z">
          <params>
            <param index="0">
              <value>
                <![CDATA[{Browser=Chrome, Password=$$$$$%%1a, contactNum=, address=8.0, Screenname=makomi1lbugo, Username=123456£1, Title=DR, Expected_Result=FAILURE, confirmPassword=$$$$$%%1a, lastname=&$£agas, Result=, Firstname=adde$), year=2015.0, Runmode=Y, city=greater3LONDON, promoCode=, day=3.0, county=, month=, Email=testplaytech.com, postcode=}]]>
              </value>
            </param>
          </params>
          <reporter-output>
          </reporter-output>
        </test-method> <!-- RegistrationTest -->
        <test-method status="PASS" signature="close()[pri:0, instance:CORE_SUITE.RegistrationTest@cb0ed20]" name="close" is-config="true" duration-ms="968" started-at="2017-03-23T19:29:54Z" finished-at="2017-03-23T19:29:55Z">
          <reporter-output>
          </reporter-output>
        </test-method> <!-- close -->
        <test-method status="PASS" signature="RegistrationTest(java.util.Hashtable)[pri:0, instance:CORE_SUITE.RegistrationTest@cb0ed20]" name="RegistrationTest" duration-ms="21907" started-at="2017-03-23T19:29:55Z" data-provider="CORE_SUITEDataProvider" finished-at="2017-03-23T19:30:17Z">
          <params>
            <param index="0">
              <value>
                <![CDATA[{Browser=Chrome, Password=Manjuyt, contactNum=9191GGSS, address=80.0, Screenname={generator}, Username={generator}, Title=, Expected_Result=FAILURE, confirmPassword=Manjuyt, lastname=, Result=, Firstname=, year=1980.0, Runmode=Y, city=SDDDD , promoCode=, day=3.0, county=LONDON, month=OCT, Email=l@.com, postcode=SW8 %67}]]>
              </value>
            </param>
          </params>
          <reporter-output>
          </reporter-output>
        </test-method> <!-- RegistrationTest -->
        <test-method status="PASS" signature="close()[pri:0, instance:CORE_SUITE.RegistrationTest@cb0ed20]" name="close" is-config="true" duration-ms="973" started-at="2017-03-23T19:30:17Z" finished-at="2017-03-23T19:30:18Z">
          <reporter-output>
          </reporter-output>
        </test-method> <!-- close -->
        <test-method status="PASS" signature="RegistrationTest(java.util.Hashtable)[pri:0, instance:CORE_SUITE.RegistrationTest@cb0ed20]" name="RegistrationTest" duration-ms="36996" started-at="2017-03-23T19:30:18Z" data-provider="CORE_SUITEDataProvider" finished-at="2017-03-23T19:30:55Z">
          <params>
            <param index="0">
              <value>
                <![CDATA[{Browser=Mozilla, Password=Bola123$%^, contactNum=02071006020, address=80.0, Screenname=ScreenName1, Username=ScreenName1, Title=Mrs, Expected_Result=FAILURE, confirmPassword=, lastname=look, Result=, Firstname=nav, year=1980.0, Runmode=Y, city=London, promoCode=, day=3.0, county=London, month=OCT, Email=test@playtech.com, postcode=SW8 3HE}]]>
              </value>
            </param>
          </params>
          <reporter-output>
          </reporter-output>
        </test-method> <!-- RegistrationTest -->
        <test-method status="PASS" signature="close()[pri:0, instance:CORE_SUITE.RegistrationTest@cb0ed20]" name="close" is-config="true" duration-ms="653" started-at="2017-03-23T19:30:55Z" finished-at="2017-03-23T19:30:56Z">
          <reporter-output>
          </reporter-output>
        </test-method> <!-- close -->
        <test-method status="PASS" signature="RegistrationTest(java.util.Hashtable)[pri:0, instance:CORE_SUITE.RegistrationTest@cb0ed20]" name="RegistrationTest" duration-ms="34232" started-at="2017-03-23T19:30:56Z" data-provider="CORE_SUITEDataProvider" finished-at="2017-03-23T19:31:30Z">
          <params>
            <param index="0">
              <value>
                <![CDATA[{Browser=Mozilla, Password=Looking/>, contactNum=london01, address=, Screenname=yahoonnana, Username=Snetplaytv$%, Title=, Expected_Result=FAILURE, confirmPassword=Looking/>, lastname=, Result=, Firstname=lao@, year=2001.0, Runmode=Y, city=LONDON%#, promoCode=, day=3.0, county=Surrey-london, month=OCT, Email=£££test@playtech.com, postcode=SW8 3HE+8}]]>
              </value>
            </param>
          </params>
          <reporter-output>
          </reporter-output>
        </test-method> <!-- RegistrationTest -->
        <test-method status="PASS" signature="close()[pri:0, instance:CORE_SUITE.RegistrationTest@cb0ed20]" name="close" is-config="true" duration-ms="662" started-at="2017-03-23T19:31:30Z" finished-at="2017-03-23T19:31:31Z">
          <reporter-output>
          </reporter-output>
        </test-method> <!-- close -->
        <test-method status="PASS" signature="RegistrationTest(java.util.Hashtable)[pri:0, instance:CORE_SUITE.RegistrationTest@cb0ed20]" name="RegistrationTest" duration-ms="28261" started-at="2017-03-23T19:31:31Z" data-provider="CORE_SUITEDataProvider" finished-at="2017-03-23T19:31:59Z">
          <params>
            <param index="0">
              <value>
                <![CDATA[{Browser=Mozilla, Password=B123$%^, contactNum=02071006020, address=80.0, Screenname=yahoonnana, Username={generator}, Title=Mr, Expected_Result=FAILURE, confirmPassword=B123$%^, lastname=utio, Result=, Firstname=agaga, year=1980.0, Runmode=Y, city=London, promoCode=, day=3.0, county=London, month=OCT, Email=test@playtech.com, postcode=SW8 3HE}]]>
              </value>
            </param>
          </params>
          <reporter-output>
          </reporter-output>
        </test-method> <!-- RegistrationTest -->
        <test-method status="PASS" signature="close()[pri:0, instance:CORE_SUITE.RegistrationTest@cb0ed20]" name="close" is-config="true" duration-ms="631" started-at="2017-03-23T19:31:59Z" finished-at="2017-03-23T19:32:00Z">
          <reporter-output>
          </reporter-output>
        </test-method> <!-- close -->
        <test-method status="PASS" signature="RegistrationTest(java.util.Hashtable)[pri:0, instance:CORE_SUITE.RegistrationTest@cb0ed20]" name="RegistrationTest" duration-ms="36625" started-at="2017-03-23T19:32:00Z" data-provider="CORE_SUITEDataProvider" finished-at="2017-03-23T19:32:36Z">
          <params>
            <param index="0">
              <value>
                <![CDATA[{Browser=Chrome, Password=Bola123$%^, contactNum=02071006020, address=80.0, Screenname={generator}, Username={generator}, Title=MR, Expected_Result=SUCCESS, confirmPassword=Bola123$%^, lastname=bolabo, Result=, Firstname=mark, year=1980.0, Runmode=Y, city=LONDON, promoCode=, day=3.0, county=LONDON, month=OCT, Email=test@playtech.com, postcode=SW8 3HE}]]>
              </value>
            </param>
          </params>
          <reporter-output>
          </reporter-output>
        </test-method> <!-- RegistrationTest -->
        <test-method status="PASS" signature="close()[pri:0, instance:CORE_SUITE.RegistrationTest@cb0ed20]" name="close" is-config="true" duration-ms="1050" started-at="2017-03-23T19:32:36Z" finished-at="2017-03-23T19:32:37Z">
          <reporter-output>
          </reporter-output>
        </test-method> <!-- close -->
      </class> <!-- CORE_SUITE.RegistrationTest -->
    </test> <!-- Registration Test -->
    <test name="ChangePasswordTest" duration-ms="514397" started-at="2017-03-23T19:32:37Z" finished-at="2017-03-23T19:41:12Z">
      <class name="CORE_SUITE.ChangePasswordTest">
        <test-method status="PASS" signature="initLogs()[pri:0, instance:CORE_SUITE.ChangePasswordTest@a74868d]" name="initLogs" is-config="true" duration-ms="0" started-at="2017-03-23T19:32:37Z" finished-at="2017-03-23T19:32:37Z">
          <reporter-output>
          </reporter-output>
        </test-method> <!-- initLogs -->
        <test-method status="PASS" signature="ChangePasswordTest(java.util.Hashtable)[pri:0, instance:CORE_SUITE.ChangePasswordTest@a74868d]" name="ChangePasswordTest" duration-ms="30099" started-at="2017-03-23T19:32:37Z" data-provider="CORE_SUITEDataProvider" finished-at="2017-03-23T19:33:07Z">
          <params>
            <param index="0">
              <value>
                <![CDATA[{NewPassword=bola123, OldPassword=bola123, Runmode=Y, ConfirmPassword=bola123, Expected_Result=FAILURE, Browser=Chrome, Result=}]]>
              </value>
            </param>
          </params>
          <reporter-output>
          </reporter-output>
        </test-method> <!-- ChangePasswordTest -->
        <test-method status="PASS" signature="close()[pri:0, instance:CORE_SUITE.ChangePasswordTest@a74868d]" name="close" is-config="true" duration-ms="1144" started-at="2017-03-23T19:33:07Z" finished-at="2017-03-23T19:33:09Z">
          <reporter-output>
          </reporter-output>
        </test-method> <!-- close -->
        <test-method status="PASS" signature="ChangePasswordTest(java.util.Hashtable)[pri:0, instance:CORE_SUITE.ChangePasswordTest@a74868d]" name="ChangePasswordTest" duration-ms="48463" started-at="2017-03-23T19:33:09Z" data-provider="CORE_SUITEDataProvider" finished-at="2017-03-23T19:33:57Z">
          <params>
            <param index="0">
              <value>
                <![CDATA[{NewPassword=ADSERTYG, OldPassword=Bola123$%^, Runmode=Y, ConfirmPassword=ADSERTYG, Expected_Result=FAILURE, Browser=Mozilla, Result=}]]>
              </value>
            </param>
          </params>
          <reporter-output>
          </reporter-output>
        </test-method> <!-- ChangePasswordTest -->
        <test-method status="PASS" signature="close()[pri:0, instance:CORE_SUITE.ChangePasswordTest@a74868d]" name="close" is-config="true" duration-ms="646" started-at="2017-03-23T19:33:57Z" finished-at="2017-03-23T19:33:58Z">
          <reporter-output>
          </reporter-output>
        </test-method> <!-- close -->
        <test-method status="PASS" signature="ChangePasswordTest(java.util.Hashtable)[pri:0, instance:CORE_SUITE.ChangePasswordTest@a74868d]" name="ChangePasswordTest" duration-ms="36358" started-at="2017-03-23T19:33:58Z" data-provider="CORE_SUITEDataProvider" finished-at="2017-03-23T19:34:34Z">
          <params>
            <param index="0">
              <value>
                <![CDATA[{NewPassword=££££££££££>, OldPassword=Bola1235%^, Runmode=Y, ConfirmPassword=££££££££££>, Expected_Result=FAILURE, Browser=Chrome, Result=}]]>
              </value>
            </param>
          </params>
          <reporter-output>
          </reporter-output>
        </test-method> <!-- ChangePasswordTest -->
        <test-method status="PASS" signature="close()[pri:0, instance:CORE_SUITE.ChangePasswordTest@a74868d]" name="close" is-config="true" duration-ms="1038" started-at="2017-03-23T19:34:34Z" finished-at="2017-03-23T19:34:35Z">
          <reporter-output>
          </reporter-output>
        </test-method> <!-- close -->
        <test-method status="PASS" signature="ChangePasswordTest(java.util.Hashtable)[pri:0, instance:CORE_SUITE.ChangePasswordTest@a74868d]" name="ChangePasswordTest" duration-ms="32299" started-at="2017-03-23T19:34:35Z" data-provider="CORE_SUITEDataProvider" finished-at="2017-03-23T19:35:07Z">
          <params>
            <param index="0">
              <value>
                <![CDATA[{NewPassword=GGGGGGGGGGGGGGGGGGGG1122, OldPassword=Bola123$%^, Runmode=Y, ConfirmPassword=GGGGGGGGGGGGGGGGGGGG1122, Expected_Result=FAILURE, Browser=Chrome, Result=}]]>
              </value>
            </param>
          </params>
          <reporter-output>
          </reporter-output>
        </test-method> <!-- ChangePasswordTest -->
        <test-method status="PASS" signature="close()[pri:0, instance:CORE_SUITE.ChangePasswordTest@a74868d]" name="close" is-config="true" duration-ms="1073" started-at="2017-03-23T19:35:07Z" finished-at="2017-03-23T19:35:08Z">
          <reporter-output>
          </reporter-output>
        </test-method> <!-- close -->
        <test-method status="PASS" signature="ChangePasswordTest(java.util.Hashtable)[pri:0, instance:CORE_SUITE.ChangePasswordTest@a74868d]" name="ChangePasswordTest" duration-ms="44555" started-at="2017-03-23T19:35:08Z" data-provider="CORE_SUITEDataProvider" finished-at="2017-03-23T19:35:53Z">
          <params>
            <param index="0">
              <value>
                <![CDATA[{NewPassword=Bola1235$%^, OldPassword=Bola12$%^, Runmode=Y, ConfirmPassword=Bola1235$%^, Expected_Result=FAILURE, Browser=Mozilla, Result=}]]>
              </value>
            </param>
          </params>
          <reporter-output>
          </reporter-output>
        </test-method> <!-- ChangePasswordTest -->
        <test-method status="PASS" signature="close()[pri:0, instance:CORE_SUITE.ChangePasswordTest@a74868d]" name="close" is-config="true" duration-ms="692" started-at="2017-03-23T19:35:53Z" finished-at="2017-03-23T19:35:54Z">
          <reporter-output>
          </reporter-output>
        </test-method> <!-- close -->
        <test-method status="PASS" signature="ChangePasswordTest(java.util.Hashtable)[pri:0, instance:CORE_SUITE.ChangePasswordTest@a74868d]" name="ChangePasswordTest" duration-ms="42459" started-at="2017-03-23T19:35:54Z" data-provider="CORE_SUITEDataProvider" finished-at="2017-03-23T19:36:36Z">
          <params>
            <param index="0">
              <value>
                <![CDATA[{NewPassword=1.2345678E7, OldPassword=Bola123$%^, Runmode=Y, ConfirmPassword=1.2345678E7, Expected_Result=FAILURE, Browser=IE, Result=}]]>
              </value>
            </param>
          </params>
          <reporter-output>
          </reporter-output>
        </test-method> <!-- ChangePasswordTest -->
        <test-method status="PASS" signature="close()[pri:0, instance:CORE_SUITE.ChangePasswordTest@a74868d]" name="close" is-config="true" duration-ms="959" started-at="2017-03-23T19:36:36Z" finished-at="2017-03-23T19:36:37Z">
          <reporter-output>
          </reporter-output>
        </test-method> <!-- close -->
        <test-method status="PASS" signature="ChangePasswordTest(java.util.Hashtable)[pri:0, instance:CORE_SUITE.ChangePasswordTest@a74868d]" name="ChangePasswordTest" duration-ms="32368" started-at="2017-03-23T19:36:37Z" data-provider="CORE_SUITEDataProvider" finished-at="2017-03-23T19:37:09Z">
          <params>
            <param index="0">
              <value>
                <![CDATA[{NewPassword=Manjuyt, OldPassword=Bola123$%^, Runmode=Y, ConfirmPassword=Manjuyt, Expected_Result=FAILURE, Browser=Chrome, Result=}]]>
              </value>
            </param>
          </params>
          <reporter-output>
          </reporter-output>
        </test-method> <!-- ChangePasswordTest -->
        <test-method status="PASS" signature="close()[pri:0, instance:CORE_SUITE.ChangePasswordTest@a74868d]" name="close" is-config="true" duration-ms="1036" started-at="2017-03-23T19:37:09Z" finished-at="2017-03-23T19:37:10Z">
          <reporter-output>
          </reporter-output>
        </test-method> <!-- close -->
        <test-method status="PASS" signature="ChangePasswordTest(java.util.Hashtable)[pri:0, instance:CORE_SUITE.ChangePasswordTest@a74868d]" name="ChangePasswordTest" duration-ms="41816" started-at="2017-03-23T19:37:10Z" data-provider="CORE_SUITEDataProvider" finished-at="2017-03-23T19:37:52Z">
          <params>
            <param index="0">
              <value>
                <![CDATA[{NewPassword=$$$$$%%1a, OldPassword=Bola123$%^, Runmode=Y, ConfirmPassword=$$$$$%%1a, Expected_Result=FAILURE, Browser=Mozilla, Result=}]]>
              </value>
            </param>
          </params>
          <reporter-output>
          </reporter-output>
        </test-method> <!-- ChangePasswordTest -->
        <test-method status="PASS" signature="close()[pri:0, instance:CORE_SUITE.ChangePasswordTest@a74868d]" name="close" is-config="true" duration-ms="667" started-at="2017-03-23T19:37:52Z" finished-at="2017-03-23T19:37:53Z">
          <reporter-output>
          </reporter-output>
        </test-method> <!-- close -->
        <test-method status="PASS" signature="ChangePasswordTest(java.util.Hashtable)[pri:0, instance:CORE_SUITE.ChangePasswordTest@a74868d]" name="ChangePasswordTest" duration-ms="42808" started-at="2017-03-23T19:37:53Z" data-provider="CORE_SUITEDataProvider" finished-at="2017-03-23T19:38:36Z">
          <params>
            <param index="0">
              <value>
                <![CDATA[{NewPassword=Bola1217, OldPassword=Bola123$%^, Runmode=Y, ConfirmPassword=Bola1217, Expected_Result=FAILURE, Browser=Chrome, Result=}]]>
              </value>
            </param>
          </params>
          <reporter-output>
          </reporter-output>
        </test-method> <!-- ChangePasswordTest -->
        <test-method status="PASS" signature="close()[pri:0, instance:CORE_SUITE.ChangePasswordTest@a74868d]" name="close" is-config="true" duration-ms="964" started-at="2017-03-23T19:38:36Z" finished-at="2017-03-23T19:38:37Z">
          <reporter-output>
          </reporter-output>
        </test-method> <!-- close -->
        <test-method status="FAIL" signature="ChangePasswordTest(java.util.Hashtable)[pri:0, instance:CORE_SUITE.ChangePasswordTest@a74868d]" name="ChangePasswordTest" duration-ms="24671" started-at="2017-03-23T19:38:37Z" data-provider="CORE_SUITEDataProvider" finished-at="2017-03-23T19:39:01Z">
          <params>
            <param index="0">
              <value>
                <![CDATA[{NewPassword=Looking/>, OldPassword=Bola123$%^, Runmode=Y, ConfirmPassword=Looking/>, Expected_Result=FAILURE, Browser=Mozilla, Result=}]]>
              </value>
            </param>
          </params>
          <exception class="java.lang.AssertionError">
            <message>
              <![CDATA[Element not found - hpUsername_xpath]]>
            </message>
            <full-stacktrace>
              <![CDATA[java.lang.AssertionError: Element not found - hpUsername_xpath
	at org.testng.Assert.fail(Assert.java:94)
	at Base.TestBase.input(TestBase.java:214)
	at Base.TestBase.doLogin(TestBase.java:270)
	at Base.TestBase.doDefaultLogin(TestBase.java:285)
	at CORE_SUITE.ChangePasswordTest.ChangePasswordTest(ChangePasswordTest.java:35)
	at sun.reflect.NativeMethodAccessorImpl.invoke0(Native Method)
	at sun.reflect.NativeMethodAccessorImpl.invoke(NativeMethodAccessorImpl.java:62)
	at sun.reflect.DelegatingMethodAccessorImpl.invoke(DelegatingMethodAccessorImpl.java:43)
	at java.lang.reflect.Method.invoke(Method.java:498)
	at org.testng.internal.MethodInvocationHelper.invokeMethod(MethodInvocationHelper.java:104)
	at org.testng.internal.Invoker.invokeMethod(Invoker.java:645)
	at org.testng.internal.Invoker.invokeTestMethod(Invoker.java:851)
	at org.testng.internal.Invoker.invokeTestMethods(Invoker.java:1177)
	at org.testng.internal.TestMethodWorker.invokeTestMethods(TestMethodWorker.java:129)
	at org.testng.internal.TestMethodWorker.run(TestMethodWorker.java:112)
	at org.testng.TestRunner.privateRun(TestRunner.java:756)
	at org.testng.TestRunner.run(TestRunner.java:610)
	at org.testng.SuiteRunner.runTest(SuiteRunner.java:387)
	at org.testng.SuiteRunner.runSequentially(SuiteRunner.java:382)
	at org.testng.SuiteRunner.privateRun(SuiteRunner.java:340)
	at org.testng.SuiteRunner.run(SuiteRunner.java:289)
	at org.testng.SuiteRunnerWorker.runSuite(SuiteRunnerWorker.java:52)
	at org.testng.SuiteRunnerWorker.run(SuiteRunnerWorker.java:86)
	at org.testng.TestNG.runSuitesSequentially(TestNG.java:1293)
	at org.testng.TestNG.runSuitesSequentially(TestNG.java:1289)
	at org.testng.TestNG.runSuitesLocally(TestNG.java:1218)
	at org.testng.TestNG.runSuites(TestNG.java:1133)
	at org.testng.TestNG.run(TestNG.java:1104)
	at org.testng.remote.AbstractRemoteTestNG.run(AbstractRemoteTestNG.java:132)
	at org.testng.remote.RemoteTestNG.initAndRun(RemoteTestNG.java:236)
	at org.testng.remote.RemoteTestNG.main(RemoteTestNG.java:81)
]]>
            </full-stacktrace>
          </exception> <!-- java.lang.AssertionError -->
          <reporter-output>
          </reporter-output>
        </test-method> <!-- ChangePasswordTest -->
        <test-method status="PASS" signature="close()[pri:0, instance:CORE_SUITE.ChangePasswordTest@a74868d]" name="close" is-config="true" duration-ms="520" started-at="2017-03-23T19:39:01Z" finished-at="2017-03-23T19:39:02Z">
          <reporter-output>
          </reporter-output>
        </test-method> <!-- close -->
        <test-method status="PASS" signature="ChangePasswordTest(java.util.Hashtable)[pri:0, instance:CORE_SUITE.ChangePasswordTest@a74868d]" name="ChangePasswordTest" duration-ms="59448" started-at="2017-03-23T19:39:02Z" data-provider="CORE_SUITEDataProvider" finished-at="2017-03-23T19:40:01Z">
          <params>
            <param index="0">
              <value>
                <![CDATA[{NewPassword=bola1$(), OldPassword=Bola123$%^, Runmode=Y, ConfirmPassword=bola1$(), Expected_Result=FAILURE, Browser=Chrome, Result=}]]>
              </value>
            </param>
          </params>
          <reporter-output>
          </reporter-output>
        </test-method> <!-- ChangePasswordTest -->
        <test-method status="PASS" signature="close()[pri:0, instance:CORE_SUITE.ChangePasswordTest@a74868d]" name="close" is-config="true" duration-ms="3535" started-at="2017-03-23T19:40:01Z" finished-at="2017-03-23T19:40:05Z">
          <reporter-output>
          </reporter-output>
        </test-method> <!-- close -->
        <test-method status="PASS" signature="ChangePasswordTest(java.util.Hashtable)[pri:0, instance:CORE_SUITE.ChangePasswordTest@a74868d]" name="ChangePasswordTest" duration-ms="64597" started-at="2017-03-23T19:40:05Z" data-provider="CORE_SUITEDataProvider" finished-at="2017-03-23T19:41:10Z">
          <params>
            <param index="0">
              <value>
                <![CDATA[{NewPassword={generator}, OldPassword=tnBUxJcjlGA8EDP#F"ha, Runmode=Y, ConfirmPassword={generator}, Expected_Result=SUCCESS, Browser=Chrome, Result=}]]>
              </value>
            </param>
          </params>
          <reporter-output>
          </reporter-output>
        </test-method> <!-- ChangePasswordTest -->
        <test-method status="PASS" signature="close()[pri:0, instance:CORE_SUITE.ChangePasswordTest@a74868d]" name="close" is-config="true" duration-ms="2131" started-at="2017-03-23T19:41:10Z" finished-at="2017-03-23T19:41:12Z">
          <reporter-output>
          </reporter-output>
        </test-method> <!-- close -->
      </class> <!-- CORE_SUITE.ChangePasswordTest -->
    </test> <!-- ChangePasswordTest -->
    <test name="ForgottenDetails Test" duration-ms="279057" started-at="2017-03-23T19:41:12Z" finished-at="2017-03-23T19:45:51Z">
      <class name="CORE_SUITE.ForgottenDetailsTest">
        <test-method status="PASS" signature="initLogs()[pri:0, instance:CORE_SUITE.ForgottenDetailsTest@1990a65e]" name="initLogs" is-config="true" duration-ms="1" started-at="2017-03-23T19:41:12Z" finished-at="2017-03-23T19:41:12Z">
          <reporter-output>
          </reporter-output>
        </test-method> <!-- initLogs -->
        <test-method status="PASS" signature="ForgottenDetailsTest(java.util.Hashtable)[pri:0, instance:CORE_SUITE.ForgottenDetailsTest@1990a65e]" name="ForgottenDetailsTest" duration-ms="14863" started-at="2017-03-23T19:41:12Z" data-provider="CORE_SUITEDataProvider" finished-at="2017-03-23T19:41:27Z">
          <params>
            <param index="0">
              <value>
                <![CDATA[{NewPassword=bola1231, Username=manggee, Result=Incorrect, Runmode=Y, Email=test@playtech.com, Expected_Result=FAILURE, ConfirmPasswordR=bola1234, month=OCT, year=1990.0, day=3.0, Browser=Chrome}]]>
              </value>
            </param>
          </params>
          <reporter-output>
          </reporter-output>
        </test-method> <!-- ForgottenDetailsTest -->
        <test-method status="PASS" signature="close()[pri:0, instance:CORE_SUITE.ForgottenDetailsTest@1990a65e]" name="close" is-config="true" duration-ms="986" started-at="2017-03-23T19:41:27Z" finished-at="2017-03-23T19:41:28Z">
          <reporter-output>
          </reporter-output>
        </test-method> <!-- close -->
        <test-method status="PASS" signature="ForgottenDetailsTest(java.util.Hashtable)[pri:0, instance:CORE_SUITE.ForgottenDetailsTest@1990a65e]" name="ForgottenDetailsTest" duration-ms="14951" started-at="2017-03-23T19:41:28Z" data-provider="CORE_SUITEDataProvider" finished-at="2017-03-23T19:41:42Z">
          <params>
            <param index="0">
              <value>
                <![CDATA[{NewPassword=bola1234, Username=Nobelbug11, Result=Incorrect, Runmode=Y, Email=testplay.com, Expected_Result=FAILURE, ConfirmPasswordR=bola1234, month=Aug, year=1990.0, day=8.0, Browser=Mozilla}]]>
              </value>
            </param>
          </params>
          <reporter-output>
          </reporter-output>
        </test-method> <!-- ForgottenDetailsTest -->
        <test-method status="PASS" signature="close()[pri:0, instance:CORE_SUITE.ForgottenDetailsTest@1990a65e]" name="close" is-config="true" duration-ms="638" started-at="2017-03-23T19:41:42Z" finished-at="2017-03-23T19:41:43Z">
          <reporter-output>
          </reporter-output>
        </test-method> <!-- close -->
        <test-method status="PASS" signature="ForgottenDetailsTest(java.util.Hashtable)[pri:0, instance:CORE_SUITE.ForgottenDetailsTest@1990a65e]" name="ForgottenDetailsTest" duration-ms="18419" started-at="2017-03-23T19:41:43Z" data-provider="CORE_SUITEDataProvider" finished-at="2017-03-23T19:42:02Z">
          <params>
            <param index="0">
              <value>
                <![CDATA[{NewPassword=bola1237, Username=, Result=Incorrect, Runmode=Y, Email=test@playtech.com, Expected_Result=FAILURE, ConfirmPasswordR=bola1234, month=Jan, year=1980.0, day=3.0, Browser=Chrome}]]>
              </value>
            </param>
          </params>
          <reporter-output>
          </reporter-output>
        </test-method> <!-- ForgottenDetailsTest -->
        <test-method status="PASS" signature="close()[pri:0, instance:CORE_SUITE.ForgottenDetailsTest@1990a65e]" name="close" is-config="true" duration-ms="1027" started-at="2017-03-23T19:42:02Z" finished-at="2017-03-23T19:42:03Z">
          <reporter-output>
          </reporter-output>
        </test-method> <!-- close -->
        <test-method status="PASS" signature="ForgottenDetailsTest(java.util.Hashtable)[pri:0, instance:CORE_SUITE.ForgottenDetailsTest@1990a65e]" name="ForgottenDetailsTest" duration-ms="16214" started-at="2017-03-23T19:42:03Z" data-provider="CORE_SUITEDataProvider" finished-at="2017-03-23T19:42:19Z">
          <params>
            <param index="0">
              <value>
                <![CDATA[{NewPassword=bola1240, Username=H, Result=Incorrect, Runmode=Y, Email=test@playtech.com, Expected_Result=FAILURE, ConfirmPasswordR=bola1234, month=Aug, year=1990.0, day=8.0, Browser=Mozilla}]]>
              </value>
            </param>
          </params>
          <reporter-output>
          </reporter-output>
        </test-method> <!-- ForgottenDetailsTest -->
        <test-method status="PASS" signature="close()[pri:0, instance:CORE_SUITE.ForgottenDetailsTest@1990a65e]" name="close" is-config="true" duration-ms="1000" started-at="2017-03-23T19:42:19Z" finished-at="2017-03-23T19:42:20Z">
          <reporter-output>
          </reporter-output>
        </test-method> <!-- close -->
        <test-method status="FAIL" signature="ForgottenDetailsTest(java.util.Hashtable)[pri:0, instance:CORE_SUITE.ForgottenDetailsTest@1990a65e]" name="ForgottenDetailsTest" duration-ms="30540" started-at="2017-03-23T19:42:20Z" data-provider="CORE_SUITEDataProvider" finished-at="2017-03-23T19:42:50Z">
          <params>
            <param index="0">
              <value>
                <![CDATA[{NewPassword=££££££££££>, Username=Noblebug228, Result=Correct, Runmode=Y, Email=test@playtech.com, Expected_Result=FAILURE, ConfirmPasswordR=££££££££££>, month=NOV, year=1981.0, day=31.0, Browser=Mozilla}]]>
              </value>
            </param>
          </params>
          <exception class="java.lang.AssertionError">
            <message>
              <![CDATA[Element not found - resetPassword_NewPassword_xpath]]>
            </message>
            <full-stacktrace>
              <![CDATA[java.lang.AssertionError: Element not found - resetPassword_NewPassword_xpath
	at org.testng.Assert.fail(Assert.java:94)
	at Base.TestBase.input(TestBase.java:214)
	at CORE_SUITE.ForgottenDetailsTest.ForgottenDetailsTest(ForgottenDetailsTest.java:45)
	at sun.reflect.NativeMethodAccessorImpl.invoke0(Native Method)
	at sun.reflect.NativeMethodAccessorImpl.invoke(NativeMethodAccessorImpl.java:62)
	at sun.reflect.DelegatingMethodAccessorImpl.invoke(DelegatingMethodAccessorImpl.java:43)
	at java.lang.reflect.Method.invoke(Method.java:498)
	at org.testng.internal.MethodInvocationHelper.invokeMethod(MethodInvocationHelper.java:104)
	at org.testng.internal.Invoker.invokeMethod(Invoker.java:645)
	at org.testng.internal.Invoker.invokeTestMethod(Invoker.java:851)
	at org.testng.internal.Invoker.invokeTestMethods(Invoker.java:1177)
	at org.testng.internal.TestMethodWorker.invokeTestMethods(TestMethodWorker.java:129)
	at org.testng.internal.TestMethodWorker.run(TestMethodWorker.java:112)
	at org.testng.TestRunner.privateRun(TestRunner.java:756)
	at org.testng.TestRunner.run(TestRunner.java:610)
	at org.testng.SuiteRunner.runTest(SuiteRunner.java:387)
	at org.testng.SuiteRunner.runSequentially(SuiteRunner.java:382)
	at org.testng.SuiteRunner.privateRun(SuiteRunner.java:340)
	at org.testng.SuiteRunner.run(SuiteRunner.java:289)
	at org.testng.SuiteRunnerWorker.runSuite(SuiteRunnerWorker.java:52)
	at org.testng.SuiteRunnerWorker.run(SuiteRunnerWorker.java:86)
	at org.testng.TestNG.runSuitesSequentially(TestNG.java:1293)
	at org.testng.TestNG.runSuitesSequentially(TestNG.java:1289)
	at org.testng.TestNG.runSuitesLocally(TestNG.java:1218)
	at org.testng.TestNG.runSuites(TestNG.java:1133)
	at org.testng.TestNG.run(TestNG.java:1104)
	at org.testng.remote.AbstractRemoteTestNG.run(AbstractRemoteTestNG.java:132)
	at org.testng.remote.RemoteTestNG.initAndRun(RemoteTestNG.java:236)
	at org.testng.remote.RemoteTestNG.main(RemoteTestNG.java:81)
]]>
            </full-stacktrace>
          </exception> <!-- java.lang.AssertionError -->
          <reporter-output>
          </reporter-output>
        </test-method> <!-- ForgottenDetailsTest -->
        <test-method status="PASS" signature="close()[pri:0, instance:CORE_SUITE.ForgottenDetailsTest@1990a65e]" name="close" is-config="true" duration-ms="647" started-at="2017-03-23T19:42:50Z" finished-at="2017-03-23T19:42:51Z">
          <reporter-output>
          </reporter-output>
        </test-method> <!-- close -->
        <test-method status="PASS" signature="ForgottenDetailsTest(java.util.Hashtable)[pri:0, instance:CORE_SUITE.ForgottenDetailsTest@1990a65e]" name="ForgottenDetailsTest" duration-ms="24999" started-at="2017-03-23T19:42:51Z" data-provider="CORE_SUITEDataProvider" finished-at="2017-03-23T19:43:16Z">
          <params>
            <param index="0">
              <value>
                <![CDATA[{NewPassword=1.2345678E7, Username=Noblebug228, Result=Correct, Runmode=Y, Email=test@playtech.com, Expected_Result=FAILURE, ConfirmPasswordR=1.2345678E7, month=OCT, year=1980.0, day=30.0, Browser=Mozilla}]]>
              </value>
            </param>
          </params>
          <reporter-output>
          </reporter-output>
        </test-method> <!-- ForgottenDetailsTest -->
        <test-method status="PASS" signature="close()[pri:0, instance:CORE_SUITE.ForgottenDetailsTest@1990a65e]" name="close" is-config="true" duration-ms="589" started-at="2017-03-23T19:43:16Z" finished-at="2017-03-23T19:43:17Z">
          <reporter-output>
          </reporter-output>
        </test-method> <!-- close -->
        <test-method status="PASS" signature="ForgottenDetailsTest(java.util.Hashtable)[pri:0, instance:CORE_SUITE.ForgottenDetailsTest@1990a65e]" name="ForgottenDetailsTest" duration-ms="25558" started-at="2017-03-23T19:43:17Z" data-provider="CORE_SUITEDataProvider" finished-at="2017-03-23T19:43:42Z">
          <params>
            <param index="0">
              <value>
                <![CDATA[{NewPassword=££££££££££>, Username=Noblebug228, Result=Correct, Runmode=Y, Email=test@playtech.com, Expected_Result=FAILURE, ConfirmPasswordR=££££££££££>, month=OCT, year=1980.0, day=30.0, Browser=Mozilla}]]>
              </value>
            </param>
          </params>
          <reporter-output>
          </reporter-output>
        </test-method> <!-- ForgottenDetailsTest -->
        <test-method status="PASS" signature="close()[pri:0, instance:CORE_SUITE.ForgottenDetailsTest@1990a65e]" name="close" is-config="true" duration-ms="747" started-at="2017-03-23T19:43:42Z" finished-at="2017-03-23T19:43:43Z">
          <reporter-output>
          </reporter-output>
        </test-method> <!-- close -->
        <test-method status="PASS" signature="ForgottenDetailsTest(java.util.Hashtable)[pri:0, instance:CORE_SUITE.ForgottenDetailsTest@1990a65e]" name="ForgottenDetailsTest" duration-ms="22823" started-at="2017-03-23T19:43:43Z" data-provider="CORE_SUITEDataProvider" finished-at="2017-03-23T19:44:06Z">
          <params>
            <param index="0">
              <value>
                <![CDATA[{NewPassword=bola123, Username=Noblebug228, Result=Correct, Runmode=Y, Email=test@playtech.com, Expected_Result=FAILURE, ConfirmPasswordR=bola123, month=OCT, year=1980.0, day=30.0, Browser=Mozilla}]]>
              </value>
            </param>
          </params>
          <reporter-output>
          </reporter-output>
        </test-method> <!-- ForgottenDetailsTest -->
        <test-method status="PASS" signature="close()[pri:0, instance:CORE_SUITE.ForgottenDetailsTest@1990a65e]" name="close" is-config="true" duration-ms="629" started-at="2017-03-23T19:44:06Z" finished-at="2017-03-23T19:44:06Z">
          <reporter-output>
          </reporter-output>
        </test-method> <!-- close -->
        <test-method status="PASS" signature="ForgottenDetailsTest(java.util.Hashtable)[pri:0, instance:CORE_SUITE.ForgottenDetailsTest@1990a65e]" name="ForgottenDetailsTest" duration-ms="24105" started-at="2017-03-23T19:44:06Z" data-provider="CORE_SUITEDataProvider" finished-at="2017-03-23T19:44:30Z">
          <params>
            <param index="0">
              <value>
                <![CDATA[{NewPassword=bolabola, Username=Noblebug228, Result=Correct, Runmode=Y, Email=test@playtech.com, Expected_Result=FAILURE, ConfirmPasswordR=bolabola, month=OCT, year=1980.0, day=30.0, Browser=Mozilla}]]>
              </value>
            </param>
          </params>
          <reporter-output>
          </reporter-output>
        </test-method> <!-- ForgottenDetailsTest -->
        <test-method status="PASS" signature="close()[pri:0, instance:CORE_SUITE.ForgottenDetailsTest@1990a65e]" name="close" is-config="true" duration-ms="611" started-at="2017-03-23T19:44:30Z" finished-at="2017-03-23T19:44:31Z">
          <reporter-output>
          </reporter-output>
        </test-method> <!-- close -->
        <test-method status="PASS" signature="ForgottenDetailsTest(java.util.Hashtable)[pri:0, instance:CORE_SUITE.ForgottenDetailsTest@1990a65e]" name="ForgottenDetailsTest" duration-ms="25153" started-at="2017-03-23T19:44:31Z" data-provider="CORE_SUITEDataProvider" finished-at="2017-03-23T19:44:56Z">
          <params>
            <param index="0">
              <value>
                <![CDATA[{NewPassword=bola1£1, Username=Noblebug228, Result=Correct, Runmode=Y, Email=test@playtech.com, Expected_Result=FAILURE, ConfirmPasswordR=bola1£1, month=OCT, year=1980.0, day=30.0, Browser=Mozilla}]]>
              </value>
            </param>
          </params>
          <reporter-output>
          </reporter-output>
        </test-method> <!-- ForgottenDetailsTest -->
        <test-method status="PASS" signature="close()[pri:0, instance:CORE_SUITE.ForgottenDetailsTest@1990a65e]" name="close" is-config="true" duration-ms="658" started-at="2017-03-23T19:44:56Z" finished-at="2017-03-23T19:44:57Z">
          <reporter-output>
          </reporter-output>
        </test-method> <!-- close -->
        <test-method status="PASS" signature="ForgottenDetailsTest(java.util.Hashtable)[pri:0, instance:CORE_SUITE.ForgottenDetailsTest@1990a65e]" name="ForgottenDetailsTest" duration-ms="25852" started-at="2017-03-23T19:44:57Z" data-provider="CORE_SUITEDataProvider" finished-at="2017-03-23T19:45:23Z">
          <params>
            <param index="0">
              <value>
                <![CDATA[{NewPassword=bola123$%^£, Username=Noblebug228, Result=Correct, Runmode=Y, Email=test@playtech.com, Expected_Result=FAILURE, ConfirmPasswordR=bola123$%^£, month=OCT, year=1980.0, day=30.0, Browser=Mozilla}]]>
              </value>
            </param>
          </params>
          <reporter-output>
          </reporter-output>
        </test-method> <!-- ForgottenDetailsTest -->
        <test-method status="PASS" signature="close()[pri:0, instance:CORE_SUITE.ForgottenDetailsTest@1990a65e]" name="close" is-config="true" duration-ms="629" started-at="2017-03-23T19:45:23Z" finished-at="2017-03-23T19:45:23Z">
          <reporter-output>
          </reporter-output>
        </test-method> <!-- close -->
        <test-method status="PASS" signature="ForgottenDetailsTest(java.util.Hashtable)[pri:0, instance:CORE_SUITE.ForgottenDetailsTest@1990a65e]" name="ForgottenDetailsTest" duration-ms="26773" started-at="2017-03-23T19:45:23Z" data-provider="CORE_SUITEDataProvider" finished-at="2017-03-23T19:45:50Z">
          <params>
            <param index="0">
              <value>
                <![CDATA[{NewPassword=Bola123$%^, Username=Noblebug228, Result=Correct, Runmode=Y, Email=test@playtech.com, Expected_Result=SUCCESS, ConfirmPasswordR=Bola123$%^, month=OCT, year=1980.0, day=30.0, Browser=Mozilla}]]>
              </value>
            </param>
          </params>
          <reporter-output>
          </reporter-output>
        </test-method> <!-- ForgottenDetailsTest -->
        <test-method status="PASS" signature="close()[pri:0, instance:CORE_SUITE.ForgottenDetailsTest@1990a65e]" name="close" is-config="true" duration-ms="625" started-at="2017-03-23T19:45:50Z" finished-at="2017-03-23T19:45:51Z">
          <reporter-output>
          </reporter-output>
        </test-method> <!-- close -->
      </class> <!-- CORE_SUITE.ForgottenDetailsTest -->
    </test> <!-- ForgottenDetails Test -->
    <test name="HomePage Test" duration-ms="178432" started-at="2017-03-23T19:45:51Z" finished-at="2017-03-23T19:48:49Z">
      <class name="CORE_SUITE.HomePageTest">
        <test-method status="PASS" signature="initLogs()[pri:0, instance:CORE_SUITE.HomePageTest@2eda0940]" name="initLogs" is-config="true" duration-ms="2" started-at="2017-03-23T19:45:51Z" finished-at="2017-03-23T19:45:51Z">
          <reporter-output>
          </reporter-output>
        </test-method> <!-- initLogs -->
        <test-method status="PASS" signature="JackpotBlockBeachTest(java.util.Hashtable)[pri:0, instance:CORE_SUITE.HomePageTest@2eda0940]" name="JackpotBlockBeachTest" duration-ms="17802" started-at="2017-03-23T19:45:51Z" data-provider="CORE_SUITEDataProvider" finished-at="2017-03-23T19:46:09Z">
          <params>
            <param index="0">
              <value>
                <![CDATA[{}]]>
              </value>
            </param>
          </params>
          <reporter-output>
          </reporter-output>
        </test-method> <!-- JackpotBlockBeachTest -->
        <test-method status="PASS" signature="close()[pri:0, instance:CORE_SUITE.HomePageTest@2eda0940]" name="close" is-config="true" duration-ms="1005" started-at="2017-03-23T19:46:09Z" finished-at="2017-03-23T19:46:10Z">
          <reporter-output>
          </reporter-output>
        </test-method> <!-- close -->
        <test-method status="PASS" signature="footertest(java.util.Hashtable)[pri:0, instance:CORE_SUITE.HomePageTest@2eda0940]" name="footertest" duration-ms="93605" started-at="2017-03-23T19:46:10Z" data-provider="CORE_SUITEDataProvider" finished-at="2017-03-23T19:47:43Z">
          <params>
            <param index="0">
              <value>
                <![CDATA[{}]]>
              </value>
            </param>
          </params>
          <reporter-output>
          </reporter-output>
        </test-method> <!-- footertest -->
        <test-method status="PASS" signature="close()[pri:0, instance:CORE_SUITE.HomePageTest@2eda0940]" name="close" is-config="true" duration-ms="1005" started-at="2017-03-23T19:47:43Z" finished-at="2017-03-23T19:47:44Z">
          <reporter-output>
          </reporter-output>
        </test-method> <!-- close -->
        <test-method status="PASS" signature="marktest(java.util.Hashtable)[pri:0, instance:CORE_SUITE.HomePageTest@2eda0940]" name="marktest" duration-ms="63988" started-at="2017-03-23T19:47:44Z" data-provider="CORE_SUITEDataProvider" finished-at="2017-03-23T19:48:48Z">
          <params>
            <param index="0">
              <value>
                <![CDATA[{}]]>
              </value>
            </param>
          </params>
          <reporter-output>
          </reporter-output>
        </test-method> <!-- marktest -->
        <test-method status="PASS" signature="close()[pri:0, instance:CORE_SUITE.HomePageTest@2eda0940]" name="close" is-config="true" duration-ms="989" started-at="2017-03-23T19:48:48Z" finished-at="2017-03-23T19:48:49Z">
          <reporter-output>
          </reporter-output>
        </test-method> <!-- close -->
      </class> <!-- CORE_SUITE.HomePageTest -->
    </test> <!-- HomePage Test -->
  </suite> <!-- CORE_SUITE -->
  <suite name="Casino" duration-ms="668705" started-at="2017-03-23T19:48:49Z" finished-at="2017-03-23T19:59:58Z">
    <groups>
    </groups>
    <test name="AboutUsTest" duration-ms="83801" started-at="2017-03-23T19:48:49Z" finished-at="2017-03-23T19:50:13Z">
      <class name="Casino.AboutUsTest">
        <test-method status="PASS" signature="initLogs()[pri:0, instance:Casino.AboutUsTest@954b04f]" name="initLogs" is-config="true" duration-ms="1" started-at="2017-03-23T19:48:49Z" finished-at="2017-03-23T19:48:49Z">
          <reporter-output>
          </reporter-output>
        </test-method> <!-- initLogs -->
        <test-method status="FAIL" signature="AboutTest(java.util.Hashtable)[pri:0, instance:Casino.AboutUsTest@954b04f]" name="AboutTest" duration-ms="44316" started-at="2017-03-23T19:48:49Z" data-provider="CasinoDataProvider" finished-at="2017-03-23T19:49:34Z">
          <params>
            <param index="0">
              <value>
                <![CDATA[{}]]>
              </value>
            </param>
          </params>
          <exception class="java.lang.AssertionError">
            <message>
              <![CDATA[Element not found - aboutus_ProgressiveJackpot_xpath]]>
            </message>
            <full-stacktrace>
              <![CDATA[java.lang.AssertionError: Element not found - aboutus_ProgressiveJackpot_xpath
	at org.testng.Assert.fail(Assert.java:94)
	at Base.TestBase.click(TestBase.java:186)
	at Casino.AboutUsTest.AboutTest(AboutUsTest.java:54)
	at sun.reflect.NativeMethodAccessorImpl.invoke0(Native Method)
	at sun.reflect.NativeMethodAccessorImpl.invoke(NativeMethodAccessorImpl.java:62)
	at sun.reflect.DelegatingMethodAccessorImpl.invoke(DelegatingMethodAccessorImpl.java:43)
	at java.lang.reflect.Method.invoke(Method.java:498)
	at org.testng.internal.MethodInvocationHelper.invokeMethod(MethodInvocationHelper.java:104)
	at org.testng.internal.Invoker.invokeMethod(Invoker.java:645)
	at org.testng.internal.Invoker.invokeTestMethod(Invoker.java:851)
	at org.testng.internal.Invoker.invokeTestMethods(Invoker.java:1177)
	at org.testng.internal.TestMethodWorker.invokeTestMethods(TestMethodWorker.java:129)
	at org.testng.internal.TestMethodWorker.run(TestMethodWorker.java:112)
	at org.testng.TestRunner.privateRun(TestRunner.java:756)
	at org.testng.TestRunner.run(TestRunner.java:610)
	at org.testng.SuiteRunner.runTest(SuiteRunner.java:387)
	at org.testng.SuiteRunner.runSequentially(SuiteRunner.java:382)
	at org.testng.SuiteRunner.privateRun(SuiteRunner.java:340)
	at org.testng.SuiteRunner.run(SuiteRunner.java:289)
	at org.testng.SuiteRunnerWorker.runSuite(SuiteRunnerWorker.java:52)
	at org.testng.SuiteRunnerWorker.run(SuiteRunnerWorker.java:86)
	at org.testng.TestNG.runSuitesSequentially(TestNG.java:1293)
	at org.testng.TestNG.runSuitesSequentially(TestNG.java:1289)
	at org.testng.TestNG.runSuitesLocally(TestNG.java:1218)
	at org.testng.TestNG.runSuites(TestNG.java:1133)
	at org.testng.TestNG.run(TestNG.java:1104)
	at org.testng.remote.AbstractRemoteTestNG.run(AbstractRemoteTestNG.java:132)
	at org.testng.remote.RemoteTestNG.initAndRun(RemoteTestNG.java:236)
	at org.testng.remote.RemoteTestNG.main(RemoteTestNG.java:81)
]]>
            </full-stacktrace>
          </exception> <!-- java.lang.AssertionError -->
          <reporter-output>
          </reporter-output>
        </test-method> <!-- AboutTest -->
        <test-method status="PASS" signature="close()[pri:0, instance:Casino.AboutUsTest@954b04f]" name="close" is-config="true" duration-ms="962" started-at="2017-03-23T19:49:34Z" finished-at="2017-03-23T19:49:35Z">
          <reporter-output>
          </reporter-output>
        </test-method> <!-- close -->
        <test-method status="PASS" signature="EnjoyRespoTest(java.util.Hashtable)[pri:0, instance:Casino.AboutUsTest@954b04f]" name="EnjoyRespoTest" duration-ms="37510" started-at="2017-03-23T19:49:35Z" data-provider="CasinoDataProvider" finished-at="2017-03-23T19:50:12Z">
          <params>
            <param index="0">
              <value>
                <![CDATA[{}]]>
              </value>
            </param>
          </params>
          <reporter-output>
          </reporter-output>
        </test-method> <!-- EnjoyRespoTest -->
        <test-method status="PASS" signature="close()[pri:0, instance:Casino.AboutUsTest@954b04f]" name="close" is-config="true" duration-ms="969" started-at="2017-03-23T19:50:12Z" finished-at="2017-03-23T19:50:13Z">
          <reporter-output>
          </reporter-output>
        </test-method> <!-- close -->
      </class> <!-- Casino.AboutUsTest -->
    </test> <!-- AboutUsTest -->
    <test name="GamesLunchTest" duration-ms="23896" started-at="2017-03-23T19:50:13Z" finished-at="2017-03-23T19:50:37Z">
      <class name="Casino.GamesLunchTest">
        <test-method status="PASS" signature="initLogs()[pri:0, instance:Casino.GamesLunchTest@77846d2c]" name="initLogs" is-config="true" duration-ms="1" started-at="2017-03-23T19:50:13Z" finished-at="2017-03-23T19:50:13Z">
          <reporter-output>
          </reporter-output>
        </test-method> <!-- initLogs -->
        <test-method status="FAIL" signature="GettingStartedTest(java.util.Hashtable)[pri:0, instance:Casino.GamesLunchTest@77846d2c]" name="GettingStartedTest" duration-ms="22953" started-at="2017-03-23T19:50:13Z" data-provider="CasinoDataProvider" finished-at="2017-03-23T19:50:36Z">
          <params>
            <param index="0">
              <value>
                <![CDATA[{Col4=C43, Col3=C33, Col2=C22, Runmode=Y, Browser=Chrome, Result=}]]>
              </value>
            </param>
          </params>
          <exception class="org.openqa.selenium.WebDriverException">
            <message>
              <![CDATA[unknown error: Element is not clickable at point (839, 592). Other element would receive the click: <div class="login-overlay-footer overlay-footer">...</div>
  (Session info: chrome=56.0.2924.87)
  (Driver info: chromedriver=2.25.426923 (0390b88869384d6eb0d5d09729679f934aab9eed),platform=Windows NT 10.0.14393 x86_64) (WARNING: The server did not provide any stacktrace information)
Command duration or timeout: 44 milliseconds
Build info: version: '2.53.0', revision: '35ae25b1534ae328c771e0856c93e187490ca824', time: '2016-03-15 10:43:46'
System info: host: 'NP-SADEKUNLE', ip: '10.44.3.81', os.name: 'Windows 10', os.arch: 'amd64', os.version: '10.0', java.version: '1.8.0_102'
Driver info: org.openqa.selenium.chrome.ChromeDriver
Capabilities [{applicationCacheEnabled=false, rotatable=false, mobileEmulationEnabled=false, networkConnectionEnabled=false, chrome={chromedriverVersion=2.25.426923 (0390b88869384d6eb0d5d09729679f934aab9eed), userDataDir=C:\Users\SOLOMO~1.ADE\AppData\Local\Temp\scoped_dir40656_22912}, takesHeapSnapshot=true, pageLoadStrategy=normal, databaseEnabled=false, handlesAlerts=true, hasTouchScreen=false, version=56.0.2924.87, platform=XP, browserConnectionEnabled=false, nativeEvents=true, acceptSslCerts=true, locationContextEnabled=true, webStorageEnabled=true, browserName=chrome, takesScreenshot=true, javascriptEnabled=true, cssSelectorsEnabled=true}]
Session ID: 56652328e606ff2dde9d27470c338c20]]>
            </message>
            <full-stacktrace>
              <![CDATA[org.openqa.selenium.WebDriverException: unknown error: Element is not clickable at point (839, 592). Other element would receive the click: <div class="login-overlay-footer overlay-footer">...</div>
  (Session info: chrome=56.0.2924.87)
  (Driver info: chromedriver=2.25.426923 (0390b88869384d6eb0d5d09729679f934aab9eed),platform=Windows NT 10.0.14393 x86_64) (WARNING: The server did not provide any stacktrace information)
Command duration or timeout: 44 milliseconds
Build info: version: '2.53.0', revision: '35ae25b1534ae328c771e0856c93e187490ca824', time: '2016-03-15 10:43:46'
System info: host: 'NP-SADEKUNLE', ip: '10.44.3.81', os.name: 'Windows 10', os.arch: 'amd64', os.version: '10.0', java.version: '1.8.0_102'
Driver info: org.openqa.selenium.chrome.ChromeDriver
Capabilities [{applicationCacheEnabled=false, rotatable=false, mobileEmulationEnabled=false, networkConnectionEnabled=false, chrome={chromedriverVersion=2.25.426923 (0390b88869384d6eb0d5d09729679f934aab9eed), userDataDir=C:\Users\SOLOMO~1.ADE\AppData\Local\Temp\scoped_dir40656_22912}, takesHeapSnapshot=true, pageLoadStrategy=normal, databaseEnabled=false, handlesAlerts=true, hasTouchScreen=false, version=56.0.2924.87, platform=XP, browserConnectionEnabled=false, nativeEvents=true, acceptSslCerts=true, locationContextEnabled=true, webStorageEnabled=true, browserName=chrome, takesScreenshot=true, javascriptEnabled=true, cssSelectorsEnabled=true}]
Session ID: 56652328e606ff2dde9d27470c338c20
	at sun.reflect.NativeConstructorAccessorImpl.newInstance0(Native Method)
	at sun.reflect.NativeConstructorAccessorImpl.newInstance(NativeConstructorAccessorImpl.java:62)
	at sun.reflect.DelegatingConstructorAccessorImpl.newInstance(DelegatingConstructorAccessorImpl.java:45)
	at java.lang.reflect.Constructor.newInstance(Constructor.java:423)
	at org.openqa.selenium.remote.ErrorHandler.createThrowable(ErrorHandler.java:206)
	at org.openqa.selenium.remote.ErrorHandler.throwIfResponseFailed(ErrorHandler.java:158)
	at org.openqa.selenium.remote.RemoteWebDriver.execute(RemoteWebDriver.java:678)
	at org.openqa.selenium.remote.RemoteWebElement.execute(RemoteWebElement.java:327)
	at org.openqa.selenium.remote.RemoteWebElement.click(RemoteWebElement.java:85)
	at Base.TestBase.click(TestBase.java:183)
	at Casino.GamesLunchTest.GettingStartedTest(GamesLunchTest.java:28)
	at sun.reflect.NativeMethodAccessorImpl.invoke0(Native Method)
	at sun.reflect.NativeMethodAccessorImpl.invoke(NativeMethodAccessorImpl.java:62)
	at sun.reflect.DelegatingMethodAccessorImpl.invoke(DelegatingMethodAccessorImpl.java:43)
	at java.lang.reflect.Method.invoke(Method.java:498)
	at org.testng.internal.MethodInvocationHelper.invokeMethod(MethodInvocationHelper.java:104)
	at org.testng.internal.Invoker.invokeMethod(Invoker.java:645)
	at org.testng.internal.Invoker.invokeTestMethod(Invoker.java:851)
	at org.testng.internal.Invoker.invokeTestMethods(Invoker.java:1177)
	at org.testng.internal.TestMethodWorker.invokeTestMethods(TestMethodWorker.java:129)
	at org.testng.internal.TestMethodWorker.run(TestMethodWorker.java:112)
	at org.testng.TestRunner.privateRun(TestRunner.java:756)
	at org.testng.TestRunner.run(TestRunner.java:610)
	at org.testng.SuiteRunner.runTest(SuiteRunner.java:387)
	at org.testng.SuiteRunner.runSequentially(SuiteRunner.java:382)
	at org.testng.SuiteRunner.privateRun(SuiteRunner.java:340)
	at org.testng.SuiteRunner.run(SuiteRunner.java:289)
	at org.testng.SuiteRunnerWorker.runSuite(SuiteRunnerWorker.java:52)
	at org.testng.SuiteRunnerWorker.run(SuiteRunnerWorker.java:86)
	at org.testng.TestNG.runSuitesSequentially(TestNG.java:1293)
	at org.testng.TestNG.runSuitesSequentially(TestNG.java:1289)
	at org.testng.TestNG.runSuitesLocally(TestNG.java:1218)
	at org.testng.TestNG.runSuites(TestNG.java:1133)
	at org.testng.TestNG.run(TestNG.java:1104)
	at org.testng.remote.AbstractRemoteTestNG.run(AbstractRemoteTestNG.java:132)
	at org.testng.remote.RemoteTestNG.initAndRun(RemoteTestNG.java:236)
	at org.testng.remote.RemoteTestNG.main(RemoteTestNG.java:81)
]]>
            </full-stacktrace>
          </exception> <!-- org.openqa.selenium.WebDriverException -->
          <reporter-output>
          </reporter-output>
        </test-method> <!-- GettingStartedTest -->
        <test-method status="PASS" signature="close()[pri:0, instance:Casino.GamesLunchTest@77846d2c]" name="close" is-config="true" duration-ms="930" started-at="2017-03-23T19:50:36Z" finished-at="2017-03-23T19:50:37Z">
          <reporter-output>
          </reporter-output>
        </test-method> <!-- close -->
      </class> <!-- Casino.GamesLunchTest -->
    </test> <!-- GamesLunchTest -->
    <test name="GettingStartedTes" duration-ms="75598" started-at="2017-03-23T19:50:37Z" finished-at="2017-03-23T19:51:53Z">
      <class name="Casino.GettingStartedTest">
        <test-method status="PASS" signature="initLogs()[pri:0, instance:Casino.GettingStartedTest@319b92f3]" name="initLogs" is-config="true" duration-ms="1" started-at="2017-03-23T19:50:37Z" finished-at="2017-03-23T19:50:37Z">
          <reporter-output>
          </reporter-output>
        </test-method> <!-- initLogs -->
        <test-method status="PASS" signature="GettingStartedTest(java.util.Hashtable)[pri:0, instance:Casino.GettingStartedTest@319b92f3]" name="GettingStartedTest" duration-ms="22472" started-at="2017-03-23T19:50:37Z" data-provider="CasinoDataProvider" finished-at="2017-03-23T19:50:59Z">
          <params>
            <param index="0">
              <value>
                <![CDATA[{Col4=C43, Col3=C33, Col2=C22, Runmode=Y, Browser=Chrome, Result=}]]>
              </value>
            </param>
          </params>
          <reporter-output>
          </reporter-output>
        </test-method> <!-- GettingStartedTest -->
        <test-method status="PASS" signature="close()[pri:0, instance:Casino.GettingStartedTest@319b92f3]" name="close" is-config="true" duration-ms="943" started-at="2017-03-23T19:50:59Z" finished-at="2017-03-23T19:51:00Z">
          <reporter-output>
          </reporter-output>
        </test-method> <!-- close -->
        <test-method status="PASS" signature="HowToWithdrawTest(java.util.Hashtable)[pri:0, instance:Casino.GettingStartedTest@319b92f3]" name="HowToWithdrawTest" duration-ms="29372" started-at="2017-03-23T19:51:00Z" data-provider="CasinoDataProvider" finished-at="2017-03-23T19:51:30Z">
          <params>
            <param index="0">
              <value>
                <![CDATA[{}]]>
              </value>
            </param>
          </params>
          <reporter-output>
          </reporter-output>
        </test-method> <!-- HowToWithdrawTest -->
        <test-method status="PASS" signature="close()[pri:0, instance:Casino.GettingStartedTest@319b92f3]" name="close" is-config="true" duration-ms="942" started-at="2017-03-23T19:51:30Z" finished-at="2017-03-23T19:51:31Z">
          <reporter-output>
          </reporter-output>
        </test-method> <!-- close -->
        <test-method status="PASS" signature="VIPTest(java.util.Hashtable)[pri:0, instance:Casino.GettingStartedTest@319b92f3]" name="VIPTest" duration-ms="20906" started-at="2017-03-23T19:51:31Z" data-provider="CasinoDataProvider" finished-at="2017-03-23T19:51:52Z">
          <params>
            <param index="0">
              <value>
                <![CDATA[{}]]>
              </value>
            </param>
          </params>
          <reporter-output>
          </reporter-output>
        </test-method> <!-- VIPTest -->
        <test-method status="PASS" signature="close()[pri:0, instance:Casino.GettingStartedTest@319b92f3]" name="close" is-config="true" duration-ms="941" started-at="2017-03-23T19:51:52Z" finished-at="2017-03-23T19:51:53Z">
          <reporter-output>
          </reporter-output>
        </test-method> <!-- close -->
      </class> <!-- Casino.GettingStartedTest -->
    </test> <!-- GettingStartedTes -->
    <test name="LiveTest" duration-ms="63870" started-at="2017-03-23T19:51:53Z" finished-at="2017-03-23T19:52:56Z">
      <class name="Casino.LiveTest">
        <test-method status="PASS" signature="initLogs()[pri:0, instance:Casino.LiveTest@376b4233]" name="initLogs" is-config="true" duration-ms="1" started-at="2017-03-23T19:51:53Z" finished-at="2017-03-23T19:51:53Z">
          <reporter-output>
          </reporter-output>
        </test-method> <!-- initLogs -->
        <test-method status="FAIL" signature="LiveFooterTest(java.util.Hashtable)[pri:0, instance:Casino.LiveTest@376b4233]" name="LiveFooterTest" duration-ms="19633" started-at="2017-03-23T19:51:53Z" data-provider="CasinoDataProvider" finished-at="2017-03-23T19:52:12Z">
          <params>
            <param index="0">
              <value>
                <![CDATA[{}]]>
              </value>
            </param>
          </params>
          <exception class="org.openqa.selenium.WebDriverException">
            <message>
              <![CDATA[unknown error: Element is not clickable at point (1046, 153). Other element would receive the click: <div class="modal fade default-modal login-modal pas-login in" tabindex="-1" role="dialog" aria-labelledby="myModalLabel" aria-hidden="true" style="display: block; padding-right: 17px;">...</div>
  (Session info: chrome=56.0.2924.87)
  (Driver info: chromedriver=2.25.426923 (0390b88869384d6eb0d5d09729679f934aab9eed),platform=Windows NT 10.0.14393 x86_64) (WARNING: The server did not provide any stacktrace information)
Command duration or timeout: 30 milliseconds
Build info: version: '2.53.0', revision: '35ae25b1534ae328c771e0856c93e187490ca824', time: '2016-03-15 10:43:46'
System info: host: 'NP-SADEKUNLE', ip: '10.44.3.81', os.name: 'Windows 10', os.arch: 'amd64', os.version: '10.0', java.version: '1.8.0_102'
Driver info: org.openqa.selenium.chrome.ChromeDriver
Capabilities [{applicationCacheEnabled=false, rotatable=false, mobileEmulationEnabled=false, networkConnectionEnabled=false, chrome={chromedriverVersion=2.25.426923 (0390b88869384d6eb0d5d09729679f934aab9eed), userDataDir=C:\Users\SOLOMO~1.ADE\AppData\Local\Temp\scoped_dir45424_6186}, takesHeapSnapshot=true, pageLoadStrategy=normal, databaseEnabled=false, handlesAlerts=true, hasTouchScreen=false, version=56.0.2924.87, platform=XP, browserConnectionEnabled=false, nativeEvents=true, acceptSslCerts=true, locationContextEnabled=true, webStorageEnabled=true, browserName=chrome, takesScreenshot=true, javascriptEnabled=true, cssSelectorsEnabled=true}]
Session ID: 111266de8cbedc6ea60456f0e3cdc3ea]]>
            </message>
            <full-stacktrace>
              <![CDATA[org.openqa.selenium.WebDriverException: unknown error: Element is not clickable at point (1046, 153). Other element would receive the click: <div class="modal fade default-modal login-modal pas-login in" tabindex="-1" role="dialog" aria-labelledby="myModalLabel" aria-hidden="true" style="display: block; padding-right: 17px;">...</div>
  (Session info: chrome=56.0.2924.87)
  (Driver info: chromedriver=2.25.426923 (0390b88869384d6eb0d5d09729679f934aab9eed),platform=Windows NT 10.0.14393 x86_64) (WARNING: The server did not provide any stacktrace information)
Command duration or timeout: 30 milliseconds
Build info: version: '2.53.0', revision: '35ae25b1534ae328c771e0856c93e187490ca824', time: '2016-03-15 10:43:46'
System info: host: 'NP-SADEKUNLE', ip: '10.44.3.81', os.name: 'Windows 10', os.arch: 'amd64', os.version: '10.0', java.version: '1.8.0_102'
Driver info: org.openqa.selenium.chrome.ChromeDriver
Capabilities [{applicationCacheEnabled=false, rotatable=false, mobileEmulationEnabled=false, networkConnectionEnabled=false, chrome={chromedriverVersion=2.25.426923 (0390b88869384d6eb0d5d09729679f934aab9eed), userDataDir=C:\Users\SOLOMO~1.ADE\AppData\Local\Temp\scoped_dir45424_6186}, takesHeapSnapshot=true, pageLoadStrategy=normal, databaseEnabled=false, handlesAlerts=true, hasTouchScreen=false, version=56.0.2924.87, platform=XP, browserConnectionEnabled=false, nativeEvents=true, acceptSslCerts=true, locationContextEnabled=true, webStorageEnabled=true, browserName=chrome, takesScreenshot=true, javascriptEnabled=true, cssSelectorsEnabled=true}]
Session ID: 111266de8cbedc6ea60456f0e3cdc3ea
	at sun.reflect.NativeConstructorAccessorImpl.newInstance0(Native Method)
	at sun.reflect.NativeConstructorAccessorImpl.newInstance(NativeConstructorAccessorImpl.java:62)
	at sun.reflect.DelegatingConstructorAccessorImpl.newInstance(DelegatingConstructorAccessorImpl.java:45)
	at java.lang.reflect.Constructor.newInstance(Constructor.java:423)
	at org.openqa.selenium.remote.ErrorHandler.createThrowable(ErrorHandler.java:206)
	at org.openqa.selenium.remote.ErrorHandler.throwIfResponseFailed(ErrorHandler.java:158)
	at org.openqa.selenium.remote.RemoteWebDriver.execute(RemoteWebDriver.java:678)
	at org.openqa.selenium.remote.RemoteWebElement.execute(RemoteWebElement.java:327)
	at org.openqa.selenium.remote.RemoteWebElement.click(RemoteWebElement.java:85)
	at Base.TestBase.click(TestBase.java:183)
	at Casino.LiveTest.LiveFooterTest(LiveTest.java:46)
	at sun.reflect.NativeMethodAccessorImpl.invoke0(Native Method)
	at sun.reflect.NativeMethodAccessorImpl.invoke(NativeMethodAccessorImpl.java:62)
	at sun.reflect.DelegatingMethodAccessorImpl.invoke(DelegatingMethodAccessorImpl.java:43)
	at java.lang.reflect.Method.invoke(Method.java:498)
	at org.testng.internal.MethodInvocationHelper.invokeMethod(MethodInvocationHelper.java:104)
	at org.testng.internal.Invoker.invokeMethod(Invoker.java:645)
	at org.testng.internal.Invoker.invokeTestMethod(Invoker.java:851)
	at org.testng.internal.Invoker.invokeTestMethods(Invoker.java:1177)
	at org.testng.internal.TestMethodWorker.invokeTestMethods(TestMethodWorker.java:129)
	at org.testng.internal.TestMethodWorker.run(TestMethodWorker.java:112)
	at org.testng.TestRunner.privateRun(TestRunner.java:756)
	at org.testng.TestRunner.run(TestRunner.java:610)
	at org.testng.SuiteRunner.runTest(SuiteRunner.java:387)
	at org.testng.SuiteRunner.runSequentially(SuiteRunner.java:382)
	at org.testng.SuiteRunner.privateRun(SuiteRunner.java:340)
	at org.testng.SuiteRunner.run(SuiteRunner.java:289)
	at org.testng.SuiteRunnerWorker.runSuite(SuiteRunnerWorker.java:52)
	at org.testng.SuiteRunnerWorker.run(SuiteRunnerWorker.java:86)
	at org.testng.TestNG.runSuitesSequentially(TestNG.java:1293)
	at org.testng.TestNG.runSuitesSequentially(TestNG.java:1289)
	at org.testng.TestNG.runSuitesLocally(TestNG.java:1218)
	at org.testng.TestNG.runSuites(TestNG.java:1133)
	at org.testng.TestNG.run(TestNG.java:1104)
	at org.testng.remote.AbstractRemoteTestNG.run(AbstractRemoteTestNG.java:132)
	at org.testng.remote.RemoteTestNG.initAndRun(RemoteTestNG.java:236)
	at org.testng.remote.RemoteTestNG.main(RemoteTestNG.java:81)
]]>
            </full-stacktrace>
          </exception> <!-- org.openqa.selenium.WebDriverException -->
          <reporter-output>
          </reporter-output>
        </test-method> <!-- LiveFooterTest -->
        <test-method status="PASS" signature="close()[pri:0, instance:Casino.LiveTest@376b4233]" name="close" is-config="true" duration-ms="927" started-at="2017-03-23T19:52:12Z" finished-at="2017-03-23T19:52:13Z">
          <reporter-output>
          </reporter-output>
        </test-method> <!-- close -->
        <test-method status="PASS" signature="LiveForgottenDetailsTest(java.util.Hashtable)[pri:0, instance:Casino.LiveTest@376b4233]" name="LiveForgottenDetailsTest" duration-ms="21586" started-at="2017-03-23T19:52:13Z" data-provider="CasinoDataProvider" finished-at="2017-03-23T19:52:35Z">
          <params>
            <param index="0">
              <value>
                <![CDATA[{}]]>
              </value>
            </param>
          </params>
          <reporter-output>
          </reporter-output>
        </test-method> <!-- LiveForgottenDetailsTest -->
        <test-method status="PASS" signature="close()[pri:0, instance:Casino.LiveTest@376b4233]" name="close" is-config="true" duration-ms="945" started-at="2017-03-23T19:52:35Z" finished-at="2017-03-23T19:52:36Z">
          <reporter-output>
          </reporter-output>
        </test-method> <!-- close -->
        <test-method status="FAIL" signature="LiveTest(java.util.Hashtable)[pri:0, instance:Casino.LiveTest@376b4233]" name="LiveTest" duration-ms="19828" started-at="2017-03-23T19:52:36Z" data-provider="CasinoDataProvider" finished-at="2017-03-23T19:52:55Z">
          <params>
            <param index="0">
              <value>
                <![CDATA[{}]]>
              </value>
            </param>
          </params>
          <exception class="org.openqa.selenium.WebDriverException">
            <message>
              <![CDATA[unknown error: Element is not clickable at point (1046, 153). Other element would receive the click: <div class="modal fade default-modal login-modal pas-login in" tabindex="-1" role="dialog" aria-labelledby="myModalLabel" aria-hidden="true" style="display: block; padding-right: 17px;">...</div>
  (Session info: chrome=56.0.2924.87)
  (Driver info: chromedriver=2.25.426923 (0390b88869384d6eb0d5d09729679f934aab9eed),platform=Windows NT 10.0.14393 x86_64) (WARNING: The server did not provide any stacktrace information)
Command duration or timeout: 31 milliseconds
Build info: version: '2.53.0', revision: '35ae25b1534ae328c771e0856c93e187490ca824', time: '2016-03-15 10:43:46'
System info: host: 'NP-SADEKUNLE', ip: '10.44.3.81', os.name: 'Windows 10', os.arch: 'amd64', os.version: '10.0', java.version: '1.8.0_102'
Driver info: org.openqa.selenium.chrome.ChromeDriver
Capabilities [{applicationCacheEnabled=false, rotatable=false, mobileEmulationEnabled=false, networkConnectionEnabled=false, chrome={chromedriverVersion=2.25.426923 (0390b88869384d6eb0d5d09729679f934aab9eed), userDataDir=C:\Users\SOLOMO~1.ADE\AppData\Local\Temp\scoped_dir38740_25948}, takesHeapSnapshot=true, pageLoadStrategy=normal, databaseEnabled=false, handlesAlerts=true, hasTouchScreen=false, version=56.0.2924.87, platform=XP, browserConnectionEnabled=false, nativeEvents=true, acceptSslCerts=true, locationContextEnabled=true, webStorageEnabled=true, browserName=chrome, takesScreenshot=true, javascriptEnabled=true, cssSelectorsEnabled=true}]
Session ID: 2c58da4c9c909d35249c889cf08c7eef]]>
            </message>
            <full-stacktrace>
              <![CDATA[org.openqa.selenium.WebDriverException: unknown error: Element is not clickable at point (1046, 153). Other element would receive the click: <div class="modal fade default-modal login-modal pas-login in" tabindex="-1" role="dialog" aria-labelledby="myModalLabel" aria-hidden="true" style="display: block; padding-right: 17px;">...</div>
  (Session info: chrome=56.0.2924.87)
  (Driver info: chromedriver=2.25.426923 (0390b88869384d6eb0d5d09729679f934aab9eed),platform=Windows NT 10.0.14393 x86_64) (WARNING: The server did not provide any stacktrace information)
Command duration or timeout: 31 milliseconds
Build info: version: '2.53.0', revision: '35ae25b1534ae328c771e0856c93e187490ca824', time: '2016-03-15 10:43:46'
System info: host: 'NP-SADEKUNLE', ip: '10.44.3.81', os.name: 'Windows 10', os.arch: 'amd64', os.version: '10.0', java.version: '1.8.0_102'
Driver info: org.openqa.selenium.chrome.ChromeDriver
Capabilities [{applicationCacheEnabled=false, rotatable=false, mobileEmulationEnabled=false, networkConnectionEnabled=false, chrome={chromedriverVersion=2.25.426923 (0390b88869384d6eb0d5d09729679f934aab9eed), userDataDir=C:\Users\SOLOMO~1.ADE\AppData\Local\Temp\scoped_dir38740_25948}, takesHeapSnapshot=true, pageLoadStrategy=normal, databaseEnabled=false, handlesAlerts=true, hasTouchScreen=false, version=56.0.2924.87, platform=XP, browserConnectionEnabled=false, nativeEvents=true, acceptSslCerts=true, locationContextEnabled=true, webStorageEnabled=true, browserName=chrome, takesScreenshot=true, javascriptEnabled=true, cssSelectorsEnabled=true}]
Session ID: 2c58da4c9c909d35249c889cf08c7eef
	at sun.reflect.NativeConstructorAccessorImpl.newInstance0(Native Method)
	at sun.reflect.NativeConstructorAccessorImpl.newInstance(NativeConstructorAccessorImpl.java:62)
	at sun.reflect.DelegatingConstructorAccessorImpl.newInstance(DelegatingConstructorAccessorImpl.java:45)
	at java.lang.reflect.Constructor.newInstance(Constructor.java:423)
	at org.openqa.selenium.remote.ErrorHandler.createThrowable(ErrorHandler.java:206)
	at org.openqa.selenium.remote.ErrorHandler.throwIfResponseFailed(ErrorHandler.java:158)
	at org.openqa.selenium.remote.RemoteWebDriver.execute(RemoteWebDriver.java:678)
	at org.openqa.selenium.remote.RemoteWebElement.execute(RemoteWebElement.java:327)
	at org.openqa.selenium.remote.RemoteWebElement.click(RemoteWebElement.java:85)
	at Base.TestBase.click(TestBase.java:183)
	at Casino.LiveTest.LiveTest(LiveTest.java:29)
	at sun.reflect.NativeMethodAccessorImpl.invoke0(Native Method)
	at sun.reflect.NativeMethodAccessorImpl.invoke(NativeMethodAccessorImpl.java:62)
	at sun.reflect.DelegatingMethodAccessorImpl.invoke(DelegatingMethodAccessorImpl.java:43)
	at java.lang.reflect.Method.invoke(Method.java:498)
	at org.testng.internal.MethodInvocationHelper.invokeMethod(MethodInvocationHelper.java:104)
	at org.testng.internal.Invoker.invokeMethod(Invoker.java:645)
	at org.testng.internal.Invoker.invokeTestMethod(Invoker.java:851)
	at org.testng.internal.Invoker.invokeTestMethods(Invoker.java:1177)
	at org.testng.internal.TestMethodWorker.invokeTestMethods(TestMethodWorker.java:129)
	at org.testng.internal.TestMethodWorker.run(TestMethodWorker.java:112)
	at org.testng.TestRunner.privateRun(TestRunner.java:756)
	at org.testng.TestRunner.run(TestRunner.java:610)
	at org.testng.SuiteRunner.runTest(SuiteRunner.java:387)
	at org.testng.SuiteRunner.runSequentially(SuiteRunner.java:382)
	at org.testng.SuiteRunner.privateRun(SuiteRunner.java:340)
	at org.testng.SuiteRunner.run(SuiteRunner.java:289)
	at org.testng.SuiteRunnerWorker.runSuite(SuiteRunnerWorker.java:52)
	at org.testng.SuiteRunnerWorker.run(SuiteRunnerWorker.java:86)
	at org.testng.TestNG.runSuitesSequentially(TestNG.java:1293)
	at org.testng.TestNG.runSuitesSequentially(TestNG.java:1289)
	at org.testng.TestNG.runSuitesLocally(TestNG.java:1218)
	at org.testng.TestNG.runSuites(TestNG.java:1133)
	at org.testng.TestNG.run(TestNG.java:1104)
	at org.testng.remote.AbstractRemoteTestNG.run(AbstractRemoteTestNG.java:132)
	at org.testng.remote.RemoteTestNG.initAndRun(RemoteTestNG.java:236)
	at org.testng.remote.RemoteTestNG.main(RemoteTestNG.java:81)
]]>
            </full-stacktrace>
          </exception> <!-- org.openqa.selenium.WebDriverException -->
          <reporter-output>
          </reporter-output>
        </test-method> <!-- LiveTest -->
        <test-method status="PASS" signature="close()[pri:0, instance:Casino.LiveTest@376b4233]" name="close" is-config="true" duration-ms="928" started-at="2017-03-23T19:52:55Z" finished-at="2017-03-23T19:52:56Z">
          <reporter-output>
          </reporter-output>
        </test-method> <!-- close -->
      </class> <!-- Casino.LiveTest -->
    </test> <!-- LiveTest -->
    <test name="LoginErrorTest" duration-ms="18693" started-at="2017-03-23T19:52:56Z" finished-at="2017-03-23T19:53:15Z">
      <class name="Casino.LoginErrorTest">
        <test-method status="PASS" signature="initLogs()[pri:0, instance:Casino.LoginErrorTest@fe18270]" name="initLogs" is-config="true" duration-ms="1" started-at="2017-03-23T19:52:56Z" finished-at="2017-03-23T19:52:56Z">
          <reporter-output>
          </reporter-output>
        </test-method> <!-- initLogs -->
        <test-method status="PASS" signature="LoginErrorTest(java.util.Hashtable)[pri:0, instance:Casino.LoginErrorTest@fe18270]" name="LoginErrorTest" duration-ms="15742" started-at="2017-03-23T19:52:56Z" data-provider="CasinoDataProvider" finished-at="2017-03-23T19:53:12Z">
          <params>
            <param index="0">
              <value>
                <![CDATA[{Username=asdeghtt, Password=asdetrgh, Runmode=Y, Browser=Chrome, Result=}]]>
              </value>
            </param>
          </params>
          <reporter-output>
          </reporter-output>
        </test-method> <!-- LoginErrorTest -->
        <test-method status="PASS" signature="close()[pri:0, instance:Casino.LoginErrorTest@fe18270]" name="close" is-config="true" duration-ms="2943" started-at="2017-03-23T19:53:12Z" finished-at="2017-03-23T19:53:15Z">
          <reporter-output>
          </reporter-output>
        </test-method> <!-- close -->
      </class> <!-- Casino.LoginErrorTest -->
    </test> <!-- LoginErrorTest -->
    <test name="PromotionTest" duration-ms="51734" started-at="2017-03-23T19:53:15Z" finished-at="2017-03-23T19:54:07Z">
      <class name="Casino.PromotionTest">
        <test-method status="PASS" signature="initLogs()[pri:0, instance:Casino.PromotionTest@281e3708]" name="initLogs" is-config="true" duration-ms="1" started-at="2017-03-23T19:53:15Z" finished-at="2017-03-23T19:53:15Z">
          <reporter-output>
          </reporter-output>
        </test-method> <!-- initLogs -->
        <test-method status="FAIL" signature="COMPETITIONTest(java.util.Hashtable)[pri:0, instance:Casino.PromotionTest@281e3708]" name="COMPETITIONTest" duration-ms="21139" started-at="2017-03-23T19:53:15Z" data-provider="CasinoDataProvider" finished-at="2017-03-23T19:53:36Z">
          <params>
            <param index="0">
              <value>
                <![CDATA[{}]]>
              </value>
            </param>
          </params>
          <exception class="org.openqa.selenium.WebDriverException">
            <message>
              <![CDATA[unknown error: Element is not clickable at point (1236, 153). Other element would receive the click: <div class="modal fade default-modal login-modal pas-login in" tabindex="-1" role="dialog" aria-labelledby="myModalLabel" aria-hidden="true" style="display: block; padding-right: 17px;">...</div>
  (Session info: chrome=56.0.2924.87)
  (Driver info: chromedriver=2.25.426923 (0390b88869384d6eb0d5d09729679f934aab9eed),platform=Windows NT 10.0.14393 x86_64) (WARNING: The server did not provide any stacktrace information)
Command duration or timeout: 42 milliseconds
Build info: version: '2.53.0', revision: '35ae25b1534ae328c771e0856c93e187490ca824', time: '2016-03-15 10:43:46'
System info: host: 'NP-SADEKUNLE', ip: '10.44.3.81', os.name: 'Windows 10', os.arch: 'amd64', os.version: '10.0', java.version: '1.8.0_102'
Driver info: org.openqa.selenium.chrome.ChromeDriver
Capabilities [{applicationCacheEnabled=false, rotatable=false, mobileEmulationEnabled=false, networkConnectionEnabled=false, chrome={chromedriverVersion=2.25.426923 (0390b88869384d6eb0d5d09729679f934aab9eed), userDataDir=C:\Users\SOLOMO~1.ADE\AppData\Local\Temp\scoped_dir41484_3759}, takesHeapSnapshot=true, pageLoadStrategy=normal, databaseEnabled=false, handlesAlerts=true, hasTouchScreen=false, version=56.0.2924.87, platform=XP, browserConnectionEnabled=false, nativeEvents=true, acceptSslCerts=true, locationContextEnabled=true, webStorageEnabled=true, browserName=chrome, takesScreenshot=true, javascriptEnabled=true, cssSelectorsEnabled=true}]
Session ID: 1ce409ebc2102e54f37eb3f3e3976dae]]>
            </message>
            <full-stacktrace>
              <![CDATA[org.openqa.selenium.WebDriverException: unknown error: Element is not clickable at point (1236, 153). Other element would receive the click: <div class="modal fade default-modal login-modal pas-login in" tabindex="-1" role="dialog" aria-labelledby="myModalLabel" aria-hidden="true" style="display: block; padding-right: 17px;">...</div>
  (Session info: chrome=56.0.2924.87)
  (Driver info: chromedriver=2.25.426923 (0390b88869384d6eb0d5d09729679f934aab9eed),platform=Windows NT 10.0.14393 x86_64) (WARNING: The server did not provide any stacktrace information)
Command duration or timeout: 42 milliseconds
Build info: version: '2.53.0', revision: '35ae25b1534ae328c771e0856c93e187490ca824', time: '2016-03-15 10:43:46'
System info: host: 'NP-SADEKUNLE', ip: '10.44.3.81', os.name: 'Windows 10', os.arch: 'amd64', os.version: '10.0', java.version: '1.8.0_102'
Driver info: org.openqa.selenium.chrome.ChromeDriver
Capabilities [{applicationCacheEnabled=false, rotatable=false, mobileEmulationEnabled=false, networkConnectionEnabled=false, chrome={chromedriverVersion=2.25.426923 (0390b88869384d6eb0d5d09729679f934aab9eed), userDataDir=C:\Users\SOLOMO~1.ADE\AppData\Local\Temp\scoped_dir41484_3759}, takesHeapSnapshot=true, pageLoadStrategy=normal, databaseEnabled=false, handlesAlerts=true, hasTouchScreen=false, version=56.0.2924.87, platform=XP, browserConnectionEnabled=false, nativeEvents=true, acceptSslCerts=true, locationContextEnabled=true, webStorageEnabled=true, browserName=chrome, takesScreenshot=true, javascriptEnabled=true, cssSelectorsEnabled=true}]
Session ID: 1ce409ebc2102e54f37eb3f3e3976dae
	at sun.reflect.NativeConstructorAccessorImpl.newInstance0(Native Method)
	at sun.reflect.NativeConstructorAccessorImpl.newInstance(NativeConstructorAccessorImpl.java:62)
	at sun.reflect.DelegatingConstructorAccessorImpl.newInstance(DelegatingConstructorAccessorImpl.java:45)
	at java.lang.reflect.Constructor.newInstance(Constructor.java:423)
	at org.openqa.selenium.remote.ErrorHandler.createThrowable(ErrorHandler.java:206)
	at org.openqa.selenium.remote.ErrorHandler.throwIfResponseFailed(ErrorHandler.java:158)
	at org.openqa.selenium.remote.RemoteWebDriver.execute(RemoteWebDriver.java:678)
	at org.openqa.selenium.remote.RemoteWebElement.execute(RemoteWebElement.java:327)
	at org.openqa.selenium.remote.RemoteWebElement.click(RemoteWebElement.java:85)
	at Base.TestBase.click(TestBase.java:183)
	at Casino.PromotionTest.COMPETITIONTest(PromotionTest.java:89)
	at sun.reflect.NativeMethodAccessorImpl.invoke0(Native Method)
	at sun.reflect.NativeMethodAccessorImpl.invoke(NativeMethodAccessorImpl.java:62)
	at sun.reflect.DelegatingMethodAccessorImpl.invoke(DelegatingMethodAccessorImpl.java:43)
	at java.lang.reflect.Method.invoke(Method.java:498)
	at org.testng.internal.MethodInvocationHelper.invokeMethod(MethodInvocationHelper.java:104)
	at org.testng.internal.Invoker.invokeMethod(Invoker.java:645)
	at org.testng.internal.Invoker.invokeTestMethod(Invoker.java:851)
	at org.testng.internal.Invoker.invokeTestMethods(Invoker.java:1177)
	at org.testng.internal.TestMethodWorker.invokeTestMethods(TestMethodWorker.java:129)
	at org.testng.internal.TestMethodWorker.run(TestMethodWorker.java:112)
	at org.testng.TestRunner.privateRun(TestRunner.java:756)
	at org.testng.TestRunner.run(TestRunner.java:610)
	at org.testng.SuiteRunner.runTest(SuiteRunner.java:387)
	at org.testng.SuiteRunner.runSequentially(SuiteRunner.java:382)
	at org.testng.SuiteRunner.privateRun(SuiteRunner.java:340)
	at org.testng.SuiteRunner.run(SuiteRunner.java:289)
	at org.testng.SuiteRunnerWorker.runSuite(SuiteRunnerWorker.java:52)
	at org.testng.SuiteRunnerWorker.run(SuiteRunnerWorker.java:86)
	at org.testng.TestNG.runSuitesSequentially(TestNG.java:1293)
	at org.testng.TestNG.runSuitesSequentially(TestNG.java:1289)
	at org.testng.TestNG.runSuitesLocally(TestNG.java:1218)
	at org.testng.TestNG.runSuites(TestNG.java:1133)
	at org.testng.TestNG.run(TestNG.java:1104)
	at org.testng.remote.AbstractRemoteTestNG.run(AbstractRemoteTestNG.java:132)
	at org.testng.remote.RemoteTestNG.initAndRun(RemoteTestNG.java:236)
	at org.testng.remote.RemoteTestNG.main(RemoteTestNG.java:81)
]]>
            </full-stacktrace>
          </exception> <!-- org.openqa.selenium.WebDriverException -->
          <reporter-output>
          </reporter-output>
        </test-method> <!-- COMPETITIONTest -->
        <test-method status="PASS" signature="close()[pri:0, instance:Casino.PromotionTest@281e3708]" name="close" is-config="true" duration-ms="946" started-at="2017-03-23T19:53:36Z" finished-at="2017-03-23T19:53:37Z">
          <reporter-output>
          </reporter-output>
        </test-method> <!-- close -->
        <test-method status="PASS" signature="Promopage1(java.util.Hashtable)[pri:0, instance:Casino.PromotionTest@281e3708]" name="Promopage1" duration-ms="28678" started-at="2017-03-23T19:53:37Z" data-provider="CasinoDataProvider" finished-at="2017-03-23T19:54:06Z">
          <params>
            <param index="0">
              <value>
                <![CDATA[{}]]>
              </value>
            </param>
          </params>
          <reporter-output>
          </reporter-output>
        </test-method> <!-- Promopage1 -->
        <test-method status="PASS" signature="close()[pri:0, instance:Casino.PromotionTest@281e3708]" name="close" is-config="true" duration-ms="954" started-at="2017-03-23T19:54:06Z" finished-at="2017-03-23T19:54:07Z">
          <reporter-output>
          </reporter-output>
        </test-method> <!-- close -->
      </class> <!-- Casino.PromotionTest -->
    </test> <!-- PromotionTest -->
    <test name="SearchGamesTest" duration-ms="39512" started-at="2017-03-23T19:54:07Z" finished-at="2017-03-23T19:54:46Z">
      <class name="Casino.SearchGamesTest">
        <test-method status="PASS" signature="initLogs()[pri:0, instance:Casino.SearchGamesTest@6d3af739]" name="initLogs" is-config="true" duration-ms="1" started-at="2017-03-23T19:54:07Z" finished-at="2017-03-23T19:54:07Z">
          <reporter-output>
          </reporter-output>
        </test-method> <!-- initLogs -->
        <test-method status="FAIL" signature="SearchGamesTest(java.util.Hashtable)[pri:0, instance:Casino.SearchGamesTest@6d3af739]" name="SearchGamesTest" duration-ms="18815" started-at="2017-03-23T19:54:07Z" data-provider="CasinoDataProvider" finished-at="2017-03-23T19:54:26Z">
          <params>
            <param index="0">
              <value>
                <![CDATA[{Games=naggre, Runmode=Y, Expected_Result=FAILURE, Browser=Chrome, Result=}]]>
              </value>
            </param>
          </params>
          <exception class="org.openqa.selenium.WebDriverException">
            <message>
              <![CDATA[unknown error: Element is not clickable at point (1294, 466). Other element would receive the click: <div class="modal fade default-modal login-modal pas-login in" tabindex="-1" role="dialog" aria-labelledby="myModalLabel" aria-hidden="true" style="display: block; padding-right: 17px;">...</div>
  (Session info: chrome=56.0.2924.87)
  (Driver info: chromedriver=2.25.426923 (0390b88869384d6eb0d5d09729679f934aab9eed),platform=Windows NT 10.0.14393 x86_64) (WARNING: The server did not provide any stacktrace information)
Command duration or timeout: 63 milliseconds
Build info: version: '2.53.0', revision: '35ae25b1534ae328c771e0856c93e187490ca824', time: '2016-03-15 10:43:46'
System info: host: 'NP-SADEKUNLE', ip: '10.44.3.81', os.name: 'Windows 10', os.arch: 'amd64', os.version: '10.0', java.version: '1.8.0_102'
Driver info: org.openqa.selenium.chrome.ChromeDriver
Capabilities [{applicationCacheEnabled=false, rotatable=false, mobileEmulationEnabled=false, networkConnectionEnabled=false, chrome={chromedriverVersion=2.25.426923 (0390b88869384d6eb0d5d09729679f934aab9eed), userDataDir=C:\Users\SOLOMO~1.ADE\AppData\Local\Temp\scoped_dir46048_8305}, takesHeapSnapshot=true, pageLoadStrategy=normal, databaseEnabled=false, handlesAlerts=true, hasTouchScreen=false, version=56.0.2924.87, platform=XP, browserConnectionEnabled=false, nativeEvents=true, acceptSslCerts=true, locationContextEnabled=true, webStorageEnabled=true, browserName=chrome, takesScreenshot=true, javascriptEnabled=true, cssSelectorsEnabled=true}]
Session ID: e18eb6c636800850ac295b6533af7f1f]]>
            </message>
            <full-stacktrace>
              <![CDATA[org.openqa.selenium.WebDriverException: unknown error: Element is not clickable at point (1294, 466). Other element would receive the click: <div class="modal fade default-modal login-modal pas-login in" tabindex="-1" role="dialog" aria-labelledby="myModalLabel" aria-hidden="true" style="display: block; padding-right: 17px;">...</div>
  (Session info: chrome=56.0.2924.87)
  (Driver info: chromedriver=2.25.426923 (0390b88869384d6eb0d5d09729679f934aab9eed),platform=Windows NT 10.0.14393 x86_64) (WARNING: The server did not provide any stacktrace information)
Command duration or timeout: 63 milliseconds
Build info: version: '2.53.0', revision: '35ae25b1534ae328c771e0856c93e187490ca824', time: '2016-03-15 10:43:46'
System info: host: 'NP-SADEKUNLE', ip: '10.44.3.81', os.name: 'Windows 10', os.arch: 'amd64', os.version: '10.0', java.version: '1.8.0_102'
Driver info: org.openqa.selenium.chrome.ChromeDriver
Capabilities [{applicationCacheEnabled=false, rotatable=false, mobileEmulationEnabled=false, networkConnectionEnabled=false, chrome={chromedriverVersion=2.25.426923 (0390b88869384d6eb0d5d09729679f934aab9eed), userDataDir=C:\Users\SOLOMO~1.ADE\AppData\Local\Temp\scoped_dir46048_8305}, takesHeapSnapshot=true, pageLoadStrategy=normal, databaseEnabled=false, handlesAlerts=true, hasTouchScreen=false, version=56.0.2924.87, platform=XP, browserConnectionEnabled=false, nativeEvents=true, acceptSslCerts=true, locationContextEnabled=true, webStorageEnabled=true, browserName=chrome, takesScreenshot=true, javascriptEnabled=true, cssSelectorsEnabled=true}]
Session ID: e18eb6c636800850ac295b6533af7f1f
	at sun.reflect.NativeConstructorAccessorImpl.newInstance0(Native Method)
	at sun.reflect.NativeConstructorAccessorImpl.newInstance(NativeConstructorAccessorImpl.java:62)
	at sun.reflect.DelegatingConstructorAccessorImpl.newInstance(DelegatingConstructorAccessorImpl.java:45)
	at java.lang.reflect.Constructor.newInstance(Constructor.java:423)
	at org.openqa.selenium.remote.ErrorHandler.createThrowable(ErrorHandler.java:206)
	at org.openqa.selenium.remote.ErrorHandler.throwIfResponseFailed(ErrorHandler.java:158)
	at org.openqa.selenium.remote.RemoteWebDriver.execute(RemoteWebDriver.java:678)
	at org.openqa.selenium.remote.RemoteWebElement.execute(RemoteWebElement.java:327)
	at org.openqa.selenium.remote.RemoteWebElement.click(RemoteWebElement.java:85)
	at Base.TestBase.click(TestBase.java:183)
	at Casino.SearchGamesTest.SearchGamesTest(SearchGamesTest.java:33)
	at sun.reflect.NativeMethodAccessorImpl.invoke0(Native Method)
	at sun.reflect.NativeMethodAccessorImpl.invoke(NativeMethodAccessorImpl.java:62)
	at sun.reflect.DelegatingMethodAccessorImpl.invoke(DelegatingMethodAccessorImpl.java:43)
	at java.lang.reflect.Method.invoke(Method.java:498)
	at org.testng.internal.MethodInvocationHelper.invokeMethod(MethodInvocationHelper.java:104)
	at org.testng.internal.Invoker.invokeMethod(Invoker.java:645)
	at org.testng.internal.Invoker.invokeTestMethod(Invoker.java:851)
	at org.testng.internal.Invoker.invokeTestMethods(Invoker.java:1177)
	at org.testng.internal.TestMethodWorker.invokeTestMethods(TestMethodWorker.java:129)
	at org.testng.internal.TestMethodWorker.run(TestMethodWorker.java:112)
	at org.testng.TestRunner.privateRun(TestRunner.java:756)
	at org.testng.TestRunner.run(TestRunner.java:610)
	at org.testng.SuiteRunner.runTest(SuiteRunner.java:387)
	at org.testng.SuiteRunner.runSequentially(SuiteRunner.java:382)
	at org.testng.SuiteRunner.privateRun(SuiteRunner.java:340)
	at org.testng.SuiteRunner.run(SuiteRunner.java:289)
	at org.testng.SuiteRunnerWorker.runSuite(SuiteRunnerWorker.java:52)
	at org.testng.SuiteRunnerWorker.run(SuiteRunnerWorker.java:86)
	at org.testng.TestNG.runSuitesSequentially(TestNG.java:1293)
	at org.testng.TestNG.runSuitesSequentially(TestNG.java:1289)
	at org.testng.TestNG.runSuitesLocally(TestNG.java:1218)
	at org.testng.TestNG.runSuites(TestNG.java:1133)
	at org.testng.TestNG.run(TestNG.java:1104)
	at org.testng.remote.AbstractRemoteTestNG.run(AbstractRemoteTestNG.java:132)
	at org.testng.remote.RemoteTestNG.initAndRun(RemoteTestNG.java:236)
	at org.testng.remote.RemoteTestNG.main(RemoteTestNG.java:81)
]]>
            </full-stacktrace>
          </exception> <!-- org.openqa.selenium.WebDriverException -->
          <reporter-output>
          </reporter-output>
        </test-method> <!-- SearchGamesTest -->
        <test-method status="PASS" signature="close()[pri:0, instance:Casino.SearchGamesTest@6d3af739]" name="close" is-config="true" duration-ms="931" started-at="2017-03-23T19:54:26Z" finished-at="2017-03-23T19:54:27Z">
          <reporter-output>
          </reporter-output>
        </test-method> <!-- close -->
        <test-method status="FAIL" signature="SearchGamesTest(java.util.Hashtable)[pri:0, instance:Casino.SearchGamesTest@6d3af739]" name="SearchGamesTest" duration-ms="18819" started-at="2017-03-23T19:54:27Z" data-provider="CasinoDataProvider" finished-at="2017-03-23T19:54:45Z">
          <params>
            <param index="0">
              <value>
                <![CDATA[{Games=DoubleUp Roulette, Runmode=Y, Expected_Result=SUCCESS, Browser=Chrome, Result=}]]>
              </value>
            </param>
          </params>
          <exception class="org.openqa.selenium.WebDriverException">
            <message>
              <![CDATA[unknown error: Element is not clickable at point (1294, 466). Other element would receive the click: <div class="modal fade default-modal login-modal pas-login in" tabindex="-1" role="dialog" aria-labelledby="myModalLabel" aria-hidden="true" style="display: block; padding-right: 17px;">...</div>
  (Session info: chrome=56.0.2924.87)
  (Driver info: chromedriver=2.25.426923 (0390b88869384d6eb0d5d09729679f934aab9eed),platform=Windows NT 10.0.14393 x86_64) (WARNING: The server did not provide any stacktrace information)
Command duration or timeout: 66 milliseconds
Build info: version: '2.53.0', revision: '35ae25b1534ae328c771e0856c93e187490ca824', time: '2016-03-15 10:43:46'
System info: host: 'NP-SADEKUNLE', ip: '10.44.3.81', os.name: 'Windows 10', os.arch: 'amd64', os.version: '10.0', java.version: '1.8.0_102'
Driver info: org.openqa.selenium.chrome.ChromeDriver
Capabilities [{applicationCacheEnabled=false, rotatable=false, mobileEmulationEnabled=false, networkConnectionEnabled=false, chrome={chromedriverVersion=2.25.426923 (0390b88869384d6eb0d5d09729679f934aab9eed), userDataDir=C:\Users\SOLOMO~1.ADE\AppData\Local\Temp\scoped_dir44932_25612}, takesHeapSnapshot=true, pageLoadStrategy=normal, databaseEnabled=false, handlesAlerts=true, hasTouchScreen=false, version=56.0.2924.87, platform=XP, browserConnectionEnabled=false, nativeEvents=true, acceptSslCerts=true, locationContextEnabled=true, webStorageEnabled=true, browserName=chrome, takesScreenshot=true, javascriptEnabled=true, cssSelectorsEnabled=true}]
Session ID: 10f05348bc6fe643bfed266102f86a7e]]>
            </message>
            <full-stacktrace>
              <![CDATA[org.openqa.selenium.WebDriverException: unknown error: Element is not clickable at point (1294, 466). Other element would receive the click: <div class="modal fade default-modal login-modal pas-login in" tabindex="-1" role="dialog" aria-labelledby="myModalLabel" aria-hidden="true" style="display: block; padding-right: 17px;">...</div>
  (Session info: chrome=56.0.2924.87)
  (Driver info: chromedriver=2.25.426923 (0390b88869384d6eb0d5d09729679f934aab9eed),platform=Windows NT 10.0.14393 x86_64) (WARNING: The server did not provide any stacktrace information)
Command duration or timeout: 66 milliseconds
Build info: version: '2.53.0', revision: '35ae25b1534ae328c771e0856c93e187490ca824', time: '2016-03-15 10:43:46'
System info: host: 'NP-SADEKUNLE', ip: '10.44.3.81', os.name: 'Windows 10', os.arch: 'amd64', os.version: '10.0', java.version: '1.8.0_102'
Driver info: org.openqa.selenium.chrome.ChromeDriver
Capabilities [{applicationCacheEnabled=false, rotatable=false, mobileEmulationEnabled=false, networkConnectionEnabled=false, chrome={chromedriverVersion=2.25.426923 (0390b88869384d6eb0d5d09729679f934aab9eed), userDataDir=C:\Users\SOLOMO~1.ADE\AppData\Local\Temp\scoped_dir44932_25612}, takesHeapSnapshot=true, pageLoadStrategy=normal, databaseEnabled=false, handlesAlerts=true, hasTouchScreen=false, version=56.0.2924.87, platform=XP, browserConnectionEnabled=false, nativeEvents=true, acceptSslCerts=true, locationContextEnabled=true, webStorageEnabled=true, browserName=chrome, takesScreenshot=true, javascriptEnabled=true, cssSelectorsEnabled=true}]
Session ID: 10f05348bc6fe643bfed266102f86a7e
	at sun.reflect.NativeConstructorAccessorImpl.newInstance0(Native Method)
	at sun.reflect.NativeConstructorAccessorImpl.newInstance(NativeConstructorAccessorImpl.java:62)
	at sun.reflect.DelegatingConstructorAccessorImpl.newInstance(DelegatingConstructorAccessorImpl.java:45)
	at java.lang.reflect.Constructor.newInstance(Constructor.java:423)
	at org.openqa.selenium.remote.ErrorHandler.createThrowable(ErrorHandler.java:206)
	at org.openqa.selenium.remote.ErrorHandler.throwIfResponseFailed(ErrorHandler.java:158)
	at org.openqa.selenium.remote.RemoteWebDriver.execute(RemoteWebDriver.java:678)
	at org.openqa.selenium.remote.RemoteWebElement.execute(RemoteWebElement.java:327)
	at org.openqa.selenium.remote.RemoteWebElement.click(RemoteWebElement.java:85)
	at Base.TestBase.click(TestBase.java:183)
	at Casino.SearchGamesTest.SearchGamesTest(SearchGamesTest.java:33)
	at sun.reflect.NativeMethodAccessorImpl.invoke0(Native Method)
	at sun.reflect.NativeMethodAccessorImpl.invoke(NativeMethodAccessorImpl.java:62)
	at sun.reflect.DelegatingMethodAccessorImpl.invoke(DelegatingMethodAccessorImpl.java:43)
	at java.lang.reflect.Method.invoke(Method.java:498)
	at org.testng.internal.MethodInvocationHelper.invokeMethod(MethodInvocationHelper.java:104)
	at org.testng.internal.Invoker.invokeMethod(Invoker.java:645)
	at org.testng.internal.Invoker.invokeTestMethod(Invoker.java:851)
	at org.testng.internal.Invoker.invokeTestMethods(Invoker.java:1177)
	at org.testng.internal.TestMethodWorker.invokeTestMethods(TestMethodWorker.java:129)
	at org.testng.internal.TestMethodWorker.run(TestMethodWorker.java:112)
	at org.testng.TestRunner.privateRun(TestRunner.java:756)
	at org.testng.TestRunner.run(TestRunner.java:610)
	at org.testng.SuiteRunner.runTest(SuiteRunner.java:387)
	at org.testng.SuiteRunner.runSequentially(SuiteRunner.java:382)
	at org.testng.SuiteRunner.privateRun(SuiteRunner.java:340)
	at org.testng.SuiteRunner.run(SuiteRunner.java:289)
	at org.testng.SuiteRunnerWorker.runSuite(SuiteRunnerWorker.java:52)
	at org.testng.SuiteRunnerWorker.run(SuiteRunnerWorker.java:86)
	at org.testng.TestNG.runSuitesSequentially(TestNG.java:1293)
	at org.testng.TestNG.runSuitesSequentially(TestNG.java:1289)
	at org.testng.TestNG.runSuitesLocally(TestNG.java:1218)
	at org.testng.TestNG.runSuites(TestNG.java:1133)
	at org.testng.TestNG.run(TestNG.java:1104)
	at org.testng.remote.AbstractRemoteTestNG.run(AbstractRemoteTestNG.java:132)
	at org.testng.remote.RemoteTestNG.initAndRun(RemoteTestNG.java:236)
	at org.testng.remote.RemoteTestNG.main(RemoteTestNG.java:81)
]]>
            </full-stacktrace>
          </exception> <!-- org.openqa.selenium.WebDriverException -->
          <reporter-output>
          </reporter-output>
        </test-method> <!-- SearchGamesTest -->
        <test-method status="PASS" signature="close()[pri:0, instance:Casino.SearchGamesTest@6d3af739]" name="close" is-config="true" duration-ms="936" started-at="2017-03-23T19:54:45Z" finished-at="2017-03-23T19:54:46Z">
          <reporter-output>
          </reporter-output>
        </test-method> <!-- close -->
      </class> <!-- Casino.SearchGamesTest -->
    </test> <!-- SearchGamesTest -->
    <test name="VegasTest" duration-ms="191540" started-at="2017-03-23T19:54:46Z" finished-at="2017-03-23T19:57:58Z">
      <class name="Casino.VegasTest">
        <test-method status="PASS" signature="initLogs()[pri:0, instance:Casino.VegasTest@15b3e5b]" name="initLogs" is-config="true" duration-ms="1" started-at="2017-03-23T19:54:46Z" finished-at="2017-03-23T19:54:46Z">
          <reporter-output>
          </reporter-output>
        </test-method> <!-- initLogs -->
        <test-method status="PASS" signature="VegasFooterTest(java.util.Hashtable)[pri:0, instance:Casino.VegasTest@15b3e5b]" name="VegasFooterTest" duration-ms="55255" started-at="2017-03-23T19:54:46Z" data-provider="CasinoDataProvider" finished-at="2017-03-23T19:55:42Z">
          <params>
            <param index="0">
              <value>
                <![CDATA[{}]]>
              </value>
            </param>
          </params>
          <reporter-output>
          </reporter-output>
        </test-method> <!-- VegasFooterTest -->
        <test-method status="PASS" signature="close()[pri:0, instance:Casino.VegasTest@15b3e5b]" name="close" is-config="true" duration-ms="2956" started-at="2017-03-23T19:55:42Z" finished-at="2017-03-23T19:55:45Z">
          <reporter-output>
          </reporter-output>
        </test-method> <!-- close -->
        <test-method status="FAIL" signature="VegasGamesLunhTest(java.util.Hashtable)[pri:0, instance:Casino.VegasTest@15b3e5b]" name="VegasGamesLunhTest" duration-ms="23469" started-at="2017-03-23T19:55:45Z" data-provider="CasinoDataProvider" finished-at="2017-03-23T19:56:08Z">
          <params>
            <param index="0">
              <value>
                <![CDATA[{}]]>
              </value>
            </param>
          </params>
          <exception class="org.openqa.selenium.WebDriverException">
            <message>
              <![CDATA[unknown error: Element is not clickable at point (856, 153). Other element would receive the click: <div class="modal fade default-modal login-modal pas-login in" tabindex="-1" role="dialog" aria-labelledby="myModalLabel" aria-hidden="true" style="display: block; padding-right: 17px;">...</div>
  (Session info: chrome=56.0.2924.87)
  (Driver info: chromedriver=2.25.426923 (0390b88869384d6eb0d5d09729679f934aab9eed),platform=Windows NT 10.0.14393 x86_64) (WARNING: The server did not provide any stacktrace information)
Command duration or timeout: 76 milliseconds
Build info: version: '2.53.0', revision: '35ae25b1534ae328c771e0856c93e187490ca824', time: '2016-03-15 10:43:46'
System info: host: 'NP-SADEKUNLE', ip: '10.44.3.81', os.name: 'Windows 10', os.arch: 'amd64', os.version: '10.0', java.version: '1.8.0_102'
Driver info: org.openqa.selenium.chrome.ChromeDriver
Capabilities [{applicationCacheEnabled=false, rotatable=false, mobileEmulationEnabled=false, networkConnectionEnabled=false, chrome={chromedriverVersion=2.25.426923 (0390b88869384d6eb0d5d09729679f934aab9eed), userDataDir=C:\Users\SOLOMO~1.ADE\AppData\Local\Temp\scoped_dir45700_14264}, takesHeapSnapshot=true, pageLoadStrategy=normal, databaseEnabled=false, handlesAlerts=true, hasTouchScreen=false, version=56.0.2924.87, platform=XP, browserConnectionEnabled=false, nativeEvents=true, acceptSslCerts=true, locationContextEnabled=true, webStorageEnabled=true, browserName=chrome, takesScreenshot=true, javascriptEnabled=true, cssSelectorsEnabled=true}]
Session ID: d7688c7b9128cff7e93ad05b9aa09ef5]]>
            </message>
            <full-stacktrace>
              <![CDATA[org.openqa.selenium.WebDriverException: unknown error: Element is not clickable at point (856, 153). Other element would receive the click: <div class="modal fade default-modal login-modal pas-login in" tabindex="-1" role="dialog" aria-labelledby="myModalLabel" aria-hidden="true" style="display: block; padding-right: 17px;">...</div>
  (Session info: chrome=56.0.2924.87)
  (Driver info: chromedriver=2.25.426923 (0390b88869384d6eb0d5d09729679f934aab9eed),platform=Windows NT 10.0.14393 x86_64) (WARNING: The server did not provide any stacktrace information)
Command duration or timeout: 76 milliseconds
Build info: version: '2.53.0', revision: '35ae25b1534ae328c771e0856c93e187490ca824', time: '2016-03-15 10:43:46'
System info: host: 'NP-SADEKUNLE', ip: '10.44.3.81', os.name: 'Windows 10', os.arch: 'amd64', os.version: '10.0', java.version: '1.8.0_102'
Driver info: org.openqa.selenium.chrome.ChromeDriver
Capabilities [{applicationCacheEnabled=false, rotatable=false, mobileEmulationEnabled=false, networkConnectionEnabled=false, chrome={chromedriverVersion=2.25.426923 (0390b88869384d6eb0d5d09729679f934aab9eed), userDataDir=C:\Users\SOLOMO~1.ADE\AppData\Local\Temp\scoped_dir45700_14264}, takesHeapSnapshot=true, pageLoadStrategy=normal, databaseEnabled=false, handlesAlerts=true, hasTouchScreen=false, version=56.0.2924.87, platform=XP, browserConnectionEnabled=false, nativeEvents=true, acceptSslCerts=true, locationContextEnabled=true, webStorageEnabled=true, browserName=chrome, takesScreenshot=true, javascriptEnabled=true, cssSelectorsEnabled=true}]
Session ID: d7688c7b9128cff7e93ad05b9aa09ef5
	at sun.reflect.NativeConstructorAccessorImpl.newInstance0(Native Method)
	at sun.reflect.NativeConstructorAccessorImpl.newInstance(NativeConstructorAccessorImpl.java:62)
	at sun.reflect.DelegatingConstructorAccessorImpl.newInstance(DelegatingConstructorAccessorImpl.java:45)
	at java.lang.reflect.Constructor.newInstance(Constructor.java:423)
	at org.openqa.selenium.remote.ErrorHandler.createThrowable(ErrorHandler.java:206)
	at org.openqa.selenium.remote.ErrorHandler.throwIfResponseFailed(ErrorHandler.java:158)
	at org.openqa.selenium.remote.RemoteWebDriver.execute(RemoteWebDriver.java:678)
	at org.openqa.selenium.remote.RemoteWebElement.execute(RemoteWebElement.java:327)
	at org.openqa.selenium.remote.RemoteWebElement.click(RemoteWebElement.java:85)
	at Base.TestBase.click(TestBase.java:183)
	at Casino.VegasTest.VegasGamesLunhTest(VegasTest.java:186)
	at sun.reflect.NativeMethodAccessorImpl.invoke0(Native Method)
	at sun.reflect.NativeMethodAccessorImpl.invoke(NativeMethodAccessorImpl.java:62)
	at sun.reflect.DelegatingMethodAccessorImpl.invoke(DelegatingMethodAccessorImpl.java:43)
	at java.lang.reflect.Method.invoke(Method.java:498)
	at org.testng.internal.MethodInvocationHelper.invokeMethod(MethodInvocationHelper.java:104)
	at org.testng.internal.Invoker.invokeMethod(Invoker.java:645)
	at org.testng.internal.Invoker.invokeTestMethod(Invoker.java:851)
	at org.testng.internal.Invoker.invokeTestMethods(Invoker.java:1177)
	at org.testng.internal.TestMethodWorker.invokeTestMethods(TestMethodWorker.java:129)
	at org.testng.internal.TestMethodWorker.run(TestMethodWorker.java:112)
	at org.testng.TestRunner.privateRun(TestRunner.java:756)
	at org.testng.TestRunner.run(TestRunner.java:610)
	at org.testng.SuiteRunner.runTest(SuiteRunner.java:387)
	at org.testng.SuiteRunner.runSequentially(SuiteRunner.java:382)
	at org.testng.SuiteRunner.privateRun(SuiteRunner.java:340)
	at org.testng.SuiteRunner.run(SuiteRunner.java:289)
	at org.testng.SuiteRunnerWorker.runSuite(SuiteRunnerWorker.java:52)
	at org.testng.SuiteRunnerWorker.run(SuiteRunnerWorker.java:86)
	at org.testng.TestNG.runSuitesSequentially(TestNG.java:1293)
	at org.testng.TestNG.runSuitesSequentially(TestNG.java:1289)
	at org.testng.TestNG.runSuitesLocally(TestNG.java:1218)
	at org.testng.TestNG.runSuites(TestNG.java:1133)
	at org.testng.TestNG.run(TestNG.java:1104)
	at org.testng.remote.AbstractRemoteTestNG.run(AbstractRemoteTestNG.java:132)
	at org.testng.remote.RemoteTestNG.initAndRun(RemoteTestNG.java:236)
	at org.testng.remote.RemoteTestNG.main(RemoteTestNG.java:81)
]]>
            </full-stacktrace>
          </exception> <!-- org.openqa.selenium.WebDriverException -->
          <reporter-output>
          </reporter-output>
        </test-method> <!-- VegasGamesLunhTest -->
        <test-method status="PASS" signature="close()[pri:0, instance:Casino.VegasTest@15b3e5b]" name="close" is-config="true" duration-ms="2929" started-at="2017-03-23T19:56:08Z" finished-at="2017-03-23T19:56:11Z">
          <reporter-output>
          </reporter-output>
        </test-method> <!-- close -->
        <test-method status="PASS" signature="VegasJackpotTest(java.util.Hashtable)[pri:0, instance:Casino.VegasTest@15b3e5b]" name="VegasJackpotTest" duration-ms="81316" started-at="2017-03-23T19:56:11Z" data-provider="CasinoDataProvider" finished-at="2017-03-23T19:57:32Z">
          <params>
            <param index="0">
              <value>
                <![CDATA[{}]]>
              </value>
            </param>
          </params>
          <reporter-output>
          </reporter-output>
        </test-method> <!-- VegasJackpotTest -->
        <test-method status="PASS" signature="close()[pri:0, instance:Casino.VegasTest@15b3e5b]" name="close" is-config="true" duration-ms="2962" started-at="2017-03-23T19:57:32Z" finished-at="2017-03-23T19:57:35Z">
          <reporter-output>
          </reporter-output>
        </test-method> <!-- close -->
        <test-method status="FAIL" signature="VegasTest(java.util.Hashtable)[pri:0, instance:Casino.VegasTest@15b3e5b]" name="VegasTest" duration-ms="19699" started-at="2017-03-23T19:57:35Z" data-provider="CasinoDataProvider" finished-at="2017-03-23T19:57:55Z">
          <params>
            <param index="0">
              <value>
                <![CDATA[{Username=, Password=, Runmode=Y, Browser=Chrome, Result=}]]>
              </value>
            </param>
          </params>
          <exception class="org.openqa.selenium.WebDriverException">
            <message>
              <![CDATA[unknown error: Element is not clickable at point (856, 153). Other element would receive the click: <div class="modal fade default-modal login-modal pas-login in" tabindex="-1" role="dialog" aria-labelledby="myModalLabel" aria-hidden="true" style="display: block; padding-right: 17px;">...</div>
  (Session info: chrome=56.0.2924.87)
  (Driver info: chromedriver=2.25.426923 (0390b88869384d6eb0d5d09729679f934aab9eed),platform=Windows NT 10.0.14393 x86_64) (WARNING: The server did not provide any stacktrace information)
Command duration or timeout: 41 milliseconds
Build info: version: '2.53.0', revision: '35ae25b1534ae328c771e0856c93e187490ca824', time: '2016-03-15 10:43:46'
System info: host: 'NP-SADEKUNLE', ip: '10.44.3.81', os.name: 'Windows 10', os.arch: 'amd64', os.version: '10.0', java.version: '1.8.0_102'
Driver info: org.openqa.selenium.chrome.ChromeDriver
Capabilities [{applicationCacheEnabled=false, rotatable=false, mobileEmulationEnabled=false, networkConnectionEnabled=false, chrome={chromedriverVersion=2.25.426923 (0390b88869384d6eb0d5d09729679f934aab9eed), userDataDir=C:\Users\SOLOMO~1.ADE\AppData\Local\Temp\scoped_dir33224_29438}, takesHeapSnapshot=true, pageLoadStrategy=normal, databaseEnabled=false, handlesAlerts=true, hasTouchScreen=false, version=56.0.2924.87, platform=XP, browserConnectionEnabled=false, nativeEvents=true, acceptSslCerts=true, locationContextEnabled=true, webStorageEnabled=true, browserName=chrome, takesScreenshot=true, javascriptEnabled=true, cssSelectorsEnabled=true}]
Session ID: aafbefdef4eaa59fe735acd4bc7801d0]]>
            </message>
            <full-stacktrace>
              <![CDATA[org.openqa.selenium.WebDriverException: unknown error: Element is not clickable at point (856, 153). Other element would receive the click: <div class="modal fade default-modal login-modal pas-login in" tabindex="-1" role="dialog" aria-labelledby="myModalLabel" aria-hidden="true" style="display: block; padding-right: 17px;">...</div>
  (Session info: chrome=56.0.2924.87)
  (Driver info: chromedriver=2.25.426923 (0390b88869384d6eb0d5d09729679f934aab9eed),platform=Windows NT 10.0.14393 x86_64) (WARNING: The server did not provide any stacktrace information)
Command duration or timeout: 41 milliseconds
Build info: version: '2.53.0', revision: '35ae25b1534ae328c771e0856c93e187490ca824', time: '2016-03-15 10:43:46'
System info: host: 'NP-SADEKUNLE', ip: '10.44.3.81', os.name: 'Windows 10', os.arch: 'amd64', os.version: '10.0', java.version: '1.8.0_102'
Driver info: org.openqa.selenium.chrome.ChromeDriver
Capabilities [{applicationCacheEnabled=false, rotatable=false, mobileEmulationEnabled=false, networkConnectionEnabled=false, chrome={chromedriverVersion=2.25.426923 (0390b88869384d6eb0d5d09729679f934aab9eed), userDataDir=C:\Users\SOLOMO~1.ADE\AppData\Local\Temp\scoped_dir33224_29438}, takesHeapSnapshot=true, pageLoadStrategy=normal, databaseEnabled=false, handlesAlerts=true, hasTouchScreen=false, version=56.0.2924.87, platform=XP, browserConnectionEnabled=false, nativeEvents=true, acceptSslCerts=true, locationContextEnabled=true, webStorageEnabled=true, browserName=chrome, takesScreenshot=true, javascriptEnabled=true, cssSelectorsEnabled=true}]
Session ID: aafbefdef4eaa59fe735acd4bc7801d0
	at sun.reflect.NativeConstructorAccessorImpl.newInstance0(Native Method)
	at sun.reflect.NativeConstructorAccessorImpl.newInstance(NativeConstructorAccessorImpl.java:62)
	at sun.reflect.DelegatingConstructorAccessorImpl.newInstance(DelegatingConstructorAccessorImpl.java:45)
	at java.lang.reflect.Constructor.newInstance(Constructor.java:423)
	at org.openqa.selenium.remote.ErrorHandler.createThrowable(ErrorHandler.java:206)
	at org.openqa.selenium.remote.ErrorHandler.throwIfResponseFailed(ErrorHandler.java:158)
	at org.openqa.selenium.remote.RemoteWebDriver.execute(RemoteWebDriver.java:678)
	at org.openqa.selenium.remote.RemoteWebElement.execute(RemoteWebElement.java:327)
	at org.openqa.selenium.remote.RemoteWebElement.click(RemoteWebElement.java:85)
	at Base.TestBase.click(TestBase.java:183)
	at Casino.VegasTest.VegasTest(VegasTest.java:37)
	at sun.reflect.NativeMethodAccessorImpl.invoke0(Native Method)
	at sun.reflect.NativeMethodAccessorImpl.invoke(NativeMethodAccessorImpl.java:62)
	at sun.reflect.DelegatingMethodAccessorImpl.invoke(DelegatingMethodAccessorImpl.java:43)
	at java.lang.reflect.Method.invoke(Method.java:498)
	at org.testng.internal.MethodInvocationHelper.invokeMethod(MethodInvocationHelper.java:104)
	at org.testng.internal.Invoker.invokeMethod(Invoker.java:645)
	at org.testng.internal.Invoker.invokeTestMethod(Invoker.java:851)
	at org.testng.internal.Invoker.invokeTestMethods(Invoker.java:1177)
	at org.testng.internal.TestMethodWorker.invokeTestMethods(TestMethodWorker.java:129)
	at org.testng.internal.TestMethodWorker.run(TestMethodWorker.java:112)
	at org.testng.TestRunner.privateRun(TestRunner.java:756)
	at org.testng.TestRunner.run(TestRunner.java:610)
	at org.testng.SuiteRunner.runTest(SuiteRunner.java:387)
	at org.testng.SuiteRunner.runSequentially(SuiteRunner.java:382)
	at org.testng.SuiteRunner.privateRun(SuiteRunner.java:340)
	at org.testng.SuiteRunner.run(SuiteRunner.java:289)
	at org.testng.SuiteRunnerWorker.runSuite(SuiteRunnerWorker.java:52)
	at org.testng.SuiteRunnerWorker.run(SuiteRunnerWorker.java:86)
	at org.testng.TestNG.runSuitesSequentially(TestNG.java:1293)
	at org.testng.TestNG.runSuitesSequentially(TestNG.java:1289)
	at org.testng.TestNG.runSuitesLocally(TestNG.java:1218)
	at org.testng.TestNG.runSuites(TestNG.java:1133)
	at org.testng.TestNG.run(TestNG.java:1104)
	at org.testng.remote.AbstractRemoteTestNG.run(AbstractRemoteTestNG.java:132)
	at org.testng.remote.RemoteTestNG.initAndRun(RemoteTestNG.java:236)
	at org.testng.remote.RemoteTestNG.main(RemoteTestNG.java:81)
]]>
            </full-stacktrace>
          </exception> <!-- org.openqa.selenium.WebDriverException -->
          <reporter-output>
          </reporter-output>
        </test-method> <!-- VegasTest -->
        <test-method status="PASS" signature="close()[pri:0, instance:Casino.VegasTest@15b3e5b]" name="close" is-config="true" duration-ms="2924" started-at="2017-03-23T19:57:55Z" finished-at="2017-03-23T19:57:58Z">
          <reporter-output>
          </reporter-output>
        </test-method> <!-- close -->
      </class> <!-- Casino.VegasTest -->
    </test> <!-- VegasTest -->
    <test name="PresentersTest" duration-ms="81988" started-at="2017-03-23T19:57:58Z" finished-at="2017-03-23T19:59:20Z">
      <class name="Casino.PresentersTest">
        <test-method status="PASS" signature="initLogs()[pri:0, instance:Casino.PresentersTest@7dc222ae]" name="initLogs" is-config="true" duration-ms="1" started-at="2017-03-23T19:57:58Z" finished-at="2017-03-23T19:57:58Z">
          <reporter-output>
          </reporter-output>
        </test-method> <!-- initLogs -->
        <test-method status="PASS" signature="TvPresnterTest(java.util.Hashtable)[pri:0, instance:Casino.PresentersTest@7dc222ae]" name="TvPresnterTest" duration-ms="81020" started-at="2017-03-23T19:57:58Z" data-provider="CasinoDataProvider" finished-at="2017-03-23T19:59:19Z">
          <params>
            <param index="0">
              <value>
                <![CDATA[{}]]>
              </value>
            </param>
          </params>
          <reporter-output>
          </reporter-output>
        </test-method> <!-- TvPresnterTest -->
        <test-method status="PASS" signature="close()[pri:0, instance:Casino.PresentersTest@7dc222ae]" name="close" is-config="true" duration-ms="960" started-at="2017-03-23T19:59:19Z" finished-at="2017-03-23T19:59:20Z">
          <reporter-output>
          </reporter-output>
        </test-method> <!-- close -->
      </class> <!-- Casino.PresentersTest -->
    </test> <!-- PresentersTest -->
    <test name="GameInfoPageTest" duration-ms="37997" started-at="2017-03-23T19:59:20Z" finished-at="2017-03-23T19:59:58Z">
      <class name="Casino.GameInfoPageTest">
        <test-method status="PASS" signature="initLogs()[pri:0, instance:Casino.GameInfoPageTest@80169cf]" name="initLogs" is-config="true" duration-ms="1" started-at="2017-03-23T19:59:20Z" finished-at="2017-03-23T19:59:20Z">
          <reporter-output>
          </reporter-output>
        </test-method> <!-- initLogs -->
        <test-method status="FAIL" signature="GameInfoTest(java.util.Hashtable)[pri:0, instance:Casino.GameInfoPageTest@80169cf]" name="GameInfoTest" duration-ms="37062" started-at="2017-03-23T19:59:20Z" data-provider="CasinoDataProvider" finished-at="2017-03-23T19:59:57Z">
          <params>
            <param index="0">
              <value>
                <![CDATA[{}]]>
              </value>
            </param>
          </params>
          <exception class="org.openqa.selenium.TimeoutException">
            <message>
              <![CDATA[Timed out after 20 seconds waiting for visibility of all elements located by By.cssSelector: div#account_box a.deposit
Build info: version: '2.53.0', revision: '35ae25b1534ae328c771e0856c93e187490ca824', time: '2016-03-15 10:43:46'
System info: host: 'NP-SADEKUNLE', ip: '10.44.3.81', os.name: 'Windows 10', os.arch: 'amd64', os.version: '10.0', java.version: '1.8.0_102'
Driver info: org.openqa.selenium.chrome.ChromeDriver
Capabilities [{applicationCacheEnabled=false, rotatable=false, mobileEmulationEnabled=false, networkConnectionEnabled=false, chrome={chromedriverVersion=2.25.426923 (0390b88869384d6eb0d5d09729679f934aab9eed), userDataDir=C:\Users\SOLOMO~1.ADE\AppData\Local\Temp\scoped_dir45112_11979}, takesHeapSnapshot=true, pageLoadStrategy=normal, databaseEnabled=false, handlesAlerts=true, hasTouchScreen=false, version=56.0.2924.87, platform=XP, browserConnectionEnabled=false, nativeEvents=true, acceptSslCerts=true, locationContextEnabled=true, webStorageEnabled=true, browserName=chrome, takesScreenshot=true, javascriptEnabled=true, cssSelectorsEnabled=true}]
Session ID: be99e9fc4d73d326279921ab20836e73]]>
            </message>
            <full-stacktrace>
              <![CDATA[org.openqa.selenium.TimeoutException: Timed out after 20 seconds waiting for visibility of all elements located by By.cssSelector: div#account_box a.deposit
Build info: version: '2.53.0', revision: '35ae25b1534ae328c771e0856c93e187490ca824', time: '2016-03-15 10:43:46'
System info: host: 'NP-SADEKUNLE', ip: '10.44.3.81', os.name: 'Windows 10', os.arch: 'amd64', os.version: '10.0', java.version: '1.8.0_102'
Driver info: org.openqa.selenium.chrome.ChromeDriver
Capabilities [{applicationCacheEnabled=false, rotatable=false, mobileEmulationEnabled=false, networkConnectionEnabled=false, chrome={chromedriverVersion=2.25.426923 (0390b88869384d6eb0d5d09729679f934aab9eed), userDataDir=C:\Users\SOLOMO~1.ADE\AppData\Local\Temp\scoped_dir45112_11979}, takesHeapSnapshot=true, pageLoadStrategy=normal, databaseEnabled=false, handlesAlerts=true, hasTouchScreen=false, version=56.0.2924.87, platform=XP, browserConnectionEnabled=false, nativeEvents=true, acceptSslCerts=true, locationContextEnabled=true, webStorageEnabled=true, browserName=chrome, takesScreenshot=true, javascriptEnabled=true, cssSelectorsEnabled=true}]
Session ID: be99e9fc4d73d326279921ab20836e73
	at org.openqa.selenium.support.ui.WebDriverWait.timeoutException(WebDriverWait.java:80)
	at org.openqa.selenium.support.ui.FluentWait.until(FluentWait.java:261)
	at Casino.GameInfoPageTest.GameInfoTest(GameInfoPageTest.java:31)
	at sun.reflect.NativeMethodAccessorImpl.invoke0(Native Method)
	at sun.reflect.NativeMethodAccessorImpl.invoke(NativeMethodAccessorImpl.java:62)
	at sun.reflect.DelegatingMethodAccessorImpl.invoke(DelegatingMethodAccessorImpl.java:43)
	at java.lang.reflect.Method.invoke(Method.java:498)
	at org.testng.internal.MethodInvocationHelper.invokeMethod(MethodInvocationHelper.java:104)
	at org.testng.internal.Invoker.invokeMethod(Invoker.java:645)
	at org.testng.internal.Invoker.invokeTestMethod(Invoker.java:851)
	at org.testng.internal.Invoker.invokeTestMethods(Invoker.java:1177)
	at org.testng.internal.TestMethodWorker.invokeTestMethods(TestMethodWorker.java:129)
	at org.testng.internal.TestMethodWorker.run(TestMethodWorker.java:112)
	at org.testng.TestRunner.privateRun(TestRunner.java:756)
	at org.testng.TestRunner.run(TestRunner.java:610)
	at org.testng.SuiteRunner.runTest(SuiteRunner.java:387)
	at org.testng.SuiteRunner.runSequentially(SuiteRunner.java:382)
	at org.testng.SuiteRunner.privateRun(SuiteRunner.java:340)
	at org.testng.SuiteRunner.run(SuiteRunner.java:289)
	at org.testng.SuiteRunnerWorker.runSuite(SuiteRunnerWorker.java:52)
	at org.testng.SuiteRunnerWorker.run(SuiteRunnerWorker.java:86)
	at org.testng.TestNG.runSuitesSequentially(TestNG.java:1293)
	at org.testng.TestNG.runSuitesSequentially(TestNG.java:1289)
	at org.testng.TestNG.runSuitesLocally(TestNG.java:1218)
	at org.testng.TestNG.runSuites(TestNG.java:1133)
	at org.testng.TestNG.run(TestNG.java:1104)
	at org.testng.remote.AbstractRemoteTestNG.run(AbstractRemoteTestNG.java:132)
	at org.testng.remote.RemoteTestNG.initAndRun(RemoteTestNG.java:236)
	at org.testng.remote.RemoteTestNG.main(RemoteTestNG.java:81)
]]>
            </full-stacktrace>
          </exception> <!-- org.openqa.selenium.TimeoutException -->
          <reporter-output>
          </reporter-output>
        </test-method> <!-- GameInfoTest -->
        <test-method status="PASS" signature="close()[pri:0, instance:Casino.GameInfoPageTest@80169cf]" name="close" is-config="true" duration-ms="927" started-at="2017-03-23T19:59:57Z" finished-at="2017-03-23T19:59:58Z">
          <reporter-output>
          </reporter-output>
        </test-method> <!-- close -->
      </class> <!-- Casino.GameInfoPageTest -->
    </test> <!-- GameInfoPageTest -->
  </suite> <!-- Casino -->
  <suite name="Cashier" duration-ms="178991" started-at="2017-03-23T19:59:58Z" finished-at="2017-03-23T20:02:57Z">
    <groups>
    </groups>
    <test name="DepositTest" duration-ms="144375" started-at="2017-03-23T19:59:58Z" finished-at="2017-03-23T20:02:22Z">
      <class name="Cashier.DepositTest">
        <test-method status="PASS" signature="initLogs()[pri:0, instance:Cashier.DepositTest@2698dc7]" name="initLogs" is-config="true" duration-ms="1" started-at="2017-03-23T19:59:58Z" finished-at="2017-03-23T19:59:58Z">
          <reporter-output>
          </reporter-output>
        </test-method> <!-- initLogs -->
        <test-method status="FAIL" signature="DepositTest(java.util.Hashtable)[pri:0, instance:Cashier.DepositTest@2698dc7]" name="DepositTest" duration-ms="28119" started-at="2017-03-23T19:59:58Z" data-provider="CashierDataProvider" finished-at="2017-03-23T20:00:26Z">
          <params>
            <param index="0">
              <value>
                <![CDATA[{Card=3625.0, Amount=3.0, Runmode=Y, Cvv2=123, promoCode=, Expected_Result=FAILURE, Browser=Chrome, Result=}]]>
              </value>
            </param>
          </params>
          <exception class="java.lang.AssertionError">
            <message>
              <![CDATA[Element not found - hpDeposit_xpath]]>
            </message>
            <full-stacktrace>
              <![CDATA[java.lang.AssertionError: Element not found - hpDeposit_xpath
	at org.testng.Assert.fail(Assert.java:94)
	at Base.TestBase.click(TestBase.java:186)
	at Cashier.DepositTest.DepositTest(DepositTest.java:33)
	at sun.reflect.NativeMethodAccessorImpl.invoke0(Native Method)
	at sun.reflect.NativeMethodAccessorImpl.invoke(NativeMethodAccessorImpl.java:62)
	at sun.reflect.DelegatingMethodAccessorImpl.invoke(DelegatingMethodAccessorImpl.java:43)
	at java.lang.reflect.Method.invoke(Method.java:498)
	at org.testng.internal.MethodInvocationHelper.invokeMethod(MethodInvocationHelper.java:104)
	at org.testng.internal.Invoker.invokeMethod(Invoker.java:645)
	at org.testng.internal.Invoker.invokeTestMethod(Invoker.java:851)
	at org.testng.internal.Invoker.invokeTestMethods(Invoker.java:1177)
	at org.testng.internal.TestMethodWorker.invokeTestMethods(TestMethodWorker.java:129)
	at org.testng.internal.TestMethodWorker.run(TestMethodWorker.java:112)
	at org.testng.TestRunner.privateRun(TestRunner.java:756)
	at org.testng.TestRunner.run(TestRunner.java:610)
	at org.testng.SuiteRunner.runTest(SuiteRunner.java:387)
	at org.testng.SuiteRunner.runSequentially(SuiteRunner.java:382)
	at org.testng.SuiteRunner.privateRun(SuiteRunner.java:340)
	at org.testng.SuiteRunner.run(SuiteRunner.java:289)
	at org.testng.SuiteRunnerWorker.runSuite(SuiteRunnerWorker.java:52)
	at org.testng.SuiteRunnerWorker.run(SuiteRunnerWorker.java:86)
	at org.testng.TestNG.runSuitesSequentially(TestNG.java:1293)
	at org.testng.TestNG.runSuitesSequentially(TestNG.java:1289)
	at org.testng.TestNG.runSuitesLocally(TestNG.java:1218)
	at org.testng.TestNG.runSuites(TestNG.java:1133)
	at org.testng.TestNG.run(TestNG.java:1104)
	at org.testng.remote.AbstractRemoteTestNG.run(AbstractRemoteTestNG.java:132)
	at org.testng.remote.RemoteTestNG.initAndRun(RemoteTestNG.java:236)
	at org.testng.remote.RemoteTestNG.main(RemoteTestNG.java:81)
]]>
            </full-stacktrace>
          </exception> <!-- java.lang.AssertionError -->
          <reporter-output>
          </reporter-output>
        </test-method> <!-- DepositTest -->
        <test-method status="PASS" signature="close()[pri:0, instance:Cashier.DepositTest@2698dc7]" name="close" is-config="true" duration-ms="979" started-at="2017-03-23T20:00:26Z" finished-at="2017-03-23T20:00:27Z">
          <reporter-output>
          </reporter-output>
        </test-method> <!-- close -->
        <test-method status="FAIL" signature="DepositTest(java.util.Hashtable)[pri:0, instance:Cashier.DepositTest@2698dc7]" name="DepositTest" duration-ms="28717" started-at="2017-03-23T20:00:27Z" data-provider="CashierDataProvider" finished-at="2017-03-23T20:00:56Z">
          <params>
            <param index="0">
              <value>
                <![CDATA[{Card=3625.0, Amount=20.0, Runmode=Y, Cvv2=12, promoCode=, Expected_Result=FAILURE, Browser=Chrome, Result=}]]>
              </value>
            </param>
          </params>
          <exception class="java.lang.AssertionError">
            <message>
              <![CDATA[Element not found - hpDeposit_xpath]]>
            </message>
            <full-stacktrace>
              <![CDATA[java.lang.AssertionError: Element not found - hpDeposit_xpath
	at org.testng.Assert.fail(Assert.java:94)
	at Base.TestBase.click(TestBase.java:186)
	at Cashier.DepositTest.DepositTest(DepositTest.java:33)
	at sun.reflect.NativeMethodAccessorImpl.invoke0(Native Method)
	at sun.reflect.NativeMethodAccessorImpl.invoke(NativeMethodAccessorImpl.java:62)
	at sun.reflect.DelegatingMethodAccessorImpl.invoke(DelegatingMethodAccessorImpl.java:43)
	at java.lang.reflect.Method.invoke(Method.java:498)
	at org.testng.internal.MethodInvocationHelper.invokeMethod(MethodInvocationHelper.java:104)
	at org.testng.internal.Invoker.invokeMethod(Invoker.java:645)
	at org.testng.internal.Invoker.invokeTestMethod(Invoker.java:851)
	at org.testng.internal.Invoker.invokeTestMethods(Invoker.java:1177)
	at org.testng.internal.TestMethodWorker.invokeTestMethods(TestMethodWorker.java:129)
	at org.testng.internal.TestMethodWorker.run(TestMethodWorker.java:112)
	at org.testng.TestRunner.privateRun(TestRunner.java:756)
	at org.testng.TestRunner.run(TestRunner.java:610)
	at org.testng.SuiteRunner.runTest(SuiteRunner.java:387)
	at org.testng.SuiteRunner.runSequentially(SuiteRunner.java:382)
	at org.testng.SuiteRunner.privateRun(SuiteRunner.java:340)
	at org.testng.SuiteRunner.run(SuiteRunner.java:289)
	at org.testng.SuiteRunnerWorker.runSuite(SuiteRunnerWorker.java:52)
	at org.testng.SuiteRunnerWorker.run(SuiteRunnerWorker.java:86)
	at org.testng.TestNG.runSuitesSequentially(TestNG.java:1293)
	at org.testng.TestNG.runSuitesSequentially(TestNG.java:1289)
	at org.testng.TestNG.runSuitesLocally(TestNG.java:1218)
	at org.testng.TestNG.runSuites(TestNG.java:1133)
	at org.testng.TestNG.run(TestNG.java:1104)
	at org.testng.remote.AbstractRemoteTestNG.run(AbstractRemoteTestNG.java:132)
	at org.testng.remote.RemoteTestNG.initAndRun(RemoteTestNG.java:236)
	at org.testng.remote.RemoteTestNG.main(RemoteTestNG.java:81)
]]>
            </full-stacktrace>
          </exception> <!-- java.lang.AssertionError -->
          <reporter-output>
          </reporter-output>
        </test-method> <!-- DepositTest -->
        <test-method status="PASS" signature="close()[pri:0, instance:Cashier.DepositTest@2698dc7]" name="close" is-config="true" duration-ms="947" started-at="2017-03-23T20:00:56Z" finished-at="2017-03-23T20:00:57Z">
          <reporter-output>
          </reporter-output>
        </test-method> <!-- close -->
        <test-method status="FAIL" signature="DepositTest(java.util.Hashtable)[pri:0, instance:Cashier.DepositTest@2698dc7]" name="DepositTest" duration-ms="27207" started-at="2017-03-23T20:00:57Z" data-provider="CashierDataProvider" finished-at="2017-03-23T20:01:24Z">
          <params>
            <param index="0">
              <value>
                <![CDATA[{Card=2257.0, Amount=20.0, Runmode=Y, Cvv2=, promoCode=, Expected_Result=FAILURE, Browser=Chrome, Result=}]]>
              </value>
            </param>
          </params>
          <exception class="java.lang.AssertionError">
            <message>
              <![CDATA[Element not found - hpDeposit_xpath]]>
            </message>
            <full-stacktrace>
              <![CDATA[java.lang.AssertionError: Element not found - hpDeposit_xpath
	at org.testng.Assert.fail(Assert.java:94)
	at Base.TestBase.click(TestBase.java:186)
	at Cashier.DepositTest.DepositTest(DepositTest.java:33)
	at sun.reflect.NativeMethodAccessorImpl.invoke0(Native Method)
	at sun.reflect.NativeMethodAccessorImpl.invoke(NativeMethodAccessorImpl.java:62)
	at sun.reflect.DelegatingMethodAccessorImpl.invoke(DelegatingMethodAccessorImpl.java:43)
	at java.lang.reflect.Method.invoke(Method.java:498)
	at org.testng.internal.MethodInvocationHelper.invokeMethod(MethodInvocationHelper.java:104)
	at org.testng.internal.Invoker.invokeMethod(Invoker.java:645)
	at org.testng.internal.Invoker.invokeTestMethod(Invoker.java:851)
	at org.testng.internal.Invoker.invokeTestMethods(Invoker.java:1177)
	at org.testng.internal.TestMethodWorker.invokeTestMethods(TestMethodWorker.java:129)
	at org.testng.internal.TestMethodWorker.run(TestMethodWorker.java:112)
	at org.testng.TestRunner.privateRun(TestRunner.java:756)
	at org.testng.TestRunner.run(TestRunner.java:610)
	at org.testng.SuiteRunner.runTest(SuiteRunner.java:387)
	at org.testng.SuiteRunner.runSequentially(SuiteRunner.java:382)
	at org.testng.SuiteRunner.privateRun(SuiteRunner.java:340)
	at org.testng.SuiteRunner.run(SuiteRunner.java:289)
	at org.testng.SuiteRunnerWorker.runSuite(SuiteRunnerWorker.java:52)
	at org.testng.SuiteRunnerWorker.run(SuiteRunnerWorker.java:86)
	at org.testng.TestNG.runSuitesSequentially(TestNG.java:1293)
	at org.testng.TestNG.runSuitesSequentially(TestNG.java:1289)
	at org.testng.TestNG.runSuitesLocally(TestNG.java:1218)
	at org.testng.TestNG.runSuites(TestNG.java:1133)
	at org.testng.TestNG.run(TestNG.java:1104)
	at org.testng.remote.AbstractRemoteTestNG.run(AbstractRemoteTestNG.java:132)
	at org.testng.remote.RemoteTestNG.initAndRun(RemoteTestNG.java:236)
	at org.testng.remote.RemoteTestNG.main(RemoteTestNG.java:81)
]]>
            </full-stacktrace>
          </exception> <!-- java.lang.AssertionError -->
          <reporter-output>
          </reporter-output>
        </test-method> <!-- DepositTest -->
        <test-method status="PASS" signature="close()[pri:0, instance:Cashier.DepositTest@2698dc7]" name="close" is-config="true" duration-ms="952" started-at="2017-03-23T20:01:24Z" finished-at="2017-03-23T20:01:25Z">
          <reporter-output>
          </reporter-output>
        </test-method> <!-- close -->
        <test-method status="FAIL" signature="DepositTest(java.util.Hashtable)[pri:0, instance:Cashier.DepositTest@2698dc7]" name="DepositTest" duration-ms="27269" started-at="2017-03-23T20:01:25Z" data-provider="CashierDataProvider" finished-at="2017-03-23T20:01:52Z">
          <params>
            <param index="0">
              <value>
                <![CDATA[{Card=3625.0, Amount=20.0, Runmode=Y, Cvv2=123, promoCode=Bonse120, Expected_Result=FAILURE, Browser=Chrome, Result=}]]>
              </value>
            </param>
          </params>
          <exception class="java.lang.AssertionError">
            <message>
              <![CDATA[Element not found - hpDeposit_xpath]]>
            </message>
            <full-stacktrace>
              <![CDATA[java.lang.AssertionError: Element not found - hpDeposit_xpath
	at org.testng.Assert.fail(Assert.java:94)
	at Base.TestBase.click(TestBase.java:186)
	at Cashier.DepositTest.DepositTest(DepositTest.java:33)
	at sun.reflect.NativeMethodAccessorImpl.invoke0(Native Method)
	at sun.reflect.NativeMethodAccessorImpl.invoke(NativeMethodAccessorImpl.java:62)
	at sun.reflect.DelegatingMethodAccessorImpl.invoke(DelegatingMethodAccessorImpl.java:43)
	at java.lang.reflect.Method.invoke(Method.java:498)
	at org.testng.internal.MethodInvocationHelper.invokeMethod(MethodInvocationHelper.java:104)
	at org.testng.internal.Invoker.invokeMethod(Invoker.java:645)
	at org.testng.internal.Invoker.invokeTestMethod(Invoker.java:851)
	at org.testng.internal.Invoker.invokeTestMethods(Invoker.java:1177)
	at org.testng.internal.TestMethodWorker.invokeTestMethods(TestMethodWorker.java:129)
	at org.testng.internal.TestMethodWorker.run(TestMethodWorker.java:112)
	at org.testng.TestRunner.privateRun(TestRunner.java:756)
	at org.testng.TestRunner.run(TestRunner.java:610)
	at org.testng.SuiteRunner.runTest(SuiteRunner.java:387)
	at org.testng.SuiteRunner.runSequentially(SuiteRunner.java:382)
	at org.testng.SuiteRunner.privateRun(SuiteRunner.java:340)
	at org.testng.SuiteRunner.run(SuiteRunner.java:289)
	at org.testng.SuiteRunnerWorker.runSuite(SuiteRunnerWorker.java:52)
	at org.testng.SuiteRunnerWorker.run(SuiteRunnerWorker.java:86)
	at org.testng.TestNG.runSuitesSequentially(TestNG.java:1293)
	at org.testng.TestNG.runSuitesSequentially(TestNG.java:1289)
	at org.testng.TestNG.runSuitesLocally(TestNG.java:1218)
	at org.testng.TestNG.runSuites(TestNG.java:1133)
	at org.testng.TestNG.run(TestNG.java:1104)
	at org.testng.remote.AbstractRemoteTestNG.run(AbstractRemoteTestNG.java:132)
	at org.testng.remote.RemoteTestNG.initAndRun(RemoteTestNG.java:236)
	at org.testng.remote.RemoteTestNG.main(RemoteTestNG.java:81)
]]>
            </full-stacktrace>
          </exception> <!-- java.lang.AssertionError -->
          <reporter-output>
          </reporter-output>
        </test-method> <!-- DepositTest -->
        <test-method status="PASS" signature="close()[pri:0, instance:Cashier.DepositTest@2698dc7]" name="close" is-config="true" duration-ms="965" started-at="2017-03-23T20:01:52Z" finished-at="2017-03-23T20:01:53Z">
          <reporter-output>
          </reporter-output>
        </test-method> <!-- close -->
        <test-method status="FAIL" signature="DepositTest(java.util.Hashtable)[pri:0, instance:Cashier.DepositTest@2698dc7]" name="DepositTest" duration-ms="28228" started-at="2017-03-23T20:01:53Z" data-provider="CashierDataProvider" finished-at="2017-03-23T20:02:21Z">
          <params>
            <param index="0">
              <value>
                <![CDATA[{Card=3625.0, Amount=20.0, Runmode=Y, Cvv2=123, promoCode=, Expected_Result=SUCCESS, Browser=Chrome, Result=}]]>
              </value>
            </param>
          </params>
          <exception class="java.lang.AssertionError">
            <message>
              <![CDATA[Element not found - hpDeposit_xpath]]>
            </message>
            <full-stacktrace>
              <![CDATA[java.lang.AssertionError: Element not found - hpDeposit_xpath
	at org.testng.Assert.fail(Assert.java:94)
	at Base.TestBase.click(TestBase.java:186)
	at Cashier.DepositTest.DepositTest(DepositTest.java:33)
	at sun.reflect.NativeMethodAccessorImpl.invoke0(Native Method)
	at sun.reflect.NativeMethodAccessorImpl.invoke(NativeMethodAccessorImpl.java:62)
	at sun.reflect.DelegatingMethodAccessorImpl.invoke(DelegatingMethodAccessorImpl.java:43)
	at java.lang.reflect.Method.invoke(Method.java:498)
	at org.testng.internal.MethodInvocationHelper.invokeMethod(MethodInvocationHelper.java:104)
	at org.testng.internal.Invoker.invokeMethod(Invoker.java:645)
	at org.testng.internal.Invoker.invokeTestMethod(Invoker.java:851)
	at org.testng.internal.Invoker.invokeTestMethods(Invoker.java:1177)
	at org.testng.internal.TestMethodWorker.invokeTestMethods(TestMethodWorker.java:129)
	at org.testng.internal.TestMethodWorker.run(TestMethodWorker.java:112)
	at org.testng.TestRunner.privateRun(TestRunner.java:756)
	at org.testng.TestRunner.run(TestRunner.java:610)
	at org.testng.SuiteRunner.runTest(SuiteRunner.java:387)
	at org.testng.SuiteRunner.runSequentially(SuiteRunner.java:382)
	at org.testng.SuiteRunner.privateRun(SuiteRunner.java:340)
	at org.testng.SuiteRunner.run(SuiteRunner.java:289)
	at org.testng.SuiteRunnerWorker.runSuite(SuiteRunnerWorker.java:52)
	at org.testng.SuiteRunnerWorker.run(SuiteRunnerWorker.java:86)
	at org.testng.TestNG.runSuitesSequentially(TestNG.java:1293)
	at org.testng.TestNG.runSuitesSequentially(TestNG.java:1289)
	at org.testng.TestNG.runSuitesLocally(TestNG.java:1218)
	at org.testng.TestNG.runSuites(TestNG.java:1133)
	at org.testng.TestNG.run(TestNG.java:1104)
	at org.testng.remote.AbstractRemoteTestNG.run(AbstractRemoteTestNG.java:132)
	at org.testng.remote.RemoteTestNG.initAndRun(RemoteTestNG.java:236)
	at org.testng.remote.RemoteTestNG.main(RemoteTestNG.java:81)
]]>
            </full-stacktrace>
          </exception> <!-- java.lang.AssertionError -->
          <reporter-output>
          </reporter-output>
        </test-method> <!-- DepositTest -->
        <test-method status="PASS" signature="close()[pri:0, instance:Cashier.DepositTest@2698dc7]" name="close" is-config="true" duration-ms="966" started-at="2017-03-23T20:02:21Z" finished-at="2017-03-23T20:02:22Z">
          <reporter-output>
          </reporter-output>
        </test-method> <!-- close -->
      </class> <!-- Cashier.DepositTest -->
    </test> <!-- DepositTest -->
    <test name="Cashier_RegisterNewCard" duration-ms="1" started-at="2017-03-23T20:02:22Z" finished-at="2017-03-23T20:02:22Z">
      <class name="Cashier.Cashier_RegisterNewCard">
        <test-method status="PASS" signature="initLogs()[pri:0, instance:Cashier.Cashier_RegisterNewCard@4f51b3e0]" name="initLogs" is-config="true" duration-ms="0" started-at="2017-03-23T20:02:22Z" finished-at="2017-03-23T20:02:22Z">
          <reporter-output>
          </reporter-output>
        </test-method> <!-- initLogs -->
      </class> <!-- Cashier.Cashier_RegisterNewCard -->
    </test> <!-- Cashier_RegisterNewCard -->
    <test name="AccountSummaryTest" duration-ms="34580" started-at="2017-03-23T20:02:22Z" finished-at="2017-03-23T20:02:57Z">
      <class name="Cashier.AccountSummaryTest">
        <test-method status="PASS" signature="initLogs()[pri:0, instance:Cashier.AccountSummaryTest@5e955596]" name="initLogs" is-config="true" duration-ms="1" started-at="2017-03-23T20:02:22Z" finished-at="2017-03-23T20:02:22Z">
          <reporter-output>
          </reporter-output>
        </test-method> <!-- initLogs -->
        <test-method status="FAIL" signature="AccountSummarytest(java.util.Hashtable)[pri:0, instance:Cashier.AccountSummaryTest@5e955596]" name="AccountSummarytest" duration-ms="33679" started-at="2017-03-23T20:02:22Z" data-provider="CashierDataProvider" finished-at="2017-03-23T20:02:56Z">
          <params>
            <param index="0">
              <value>
                <![CDATA[{}]]>
              </value>
            </param>
          </params>
          <exception class="org.openqa.selenium.NoSuchElementException">
            <message>
              <![CDATA[no such element: Unable to locate element: {"method":"xpath","selector":"//*[@id='account_box']/ul[1]/li[1]/a"}
  (Session info: chrome=56.0.2924.87)
  (Driver info: chromedriver=2.25.426923 (0390b88869384d6eb0d5d09729679f934aab9eed),platform=Windows NT 10.0.14393 x86_64) (WARNING: The server did not provide any stacktrace information)
Command duration or timeout: 10.02 seconds
For documentation on this error, please visit: http://seleniumhq.org/exceptions/no_such_element.html
Build info: version: '2.53.0', revision: '35ae25b1534ae328c771e0856c93e187490ca824', time: '2016-03-15 10:43:46'
System info: host: 'NP-SADEKUNLE', ip: '10.44.3.81', os.name: 'Windows 10', os.arch: 'amd64', os.version: '10.0', java.version: '1.8.0_102'
Driver info: org.openqa.selenium.chrome.ChromeDriver
Capabilities [{applicationCacheEnabled=false, rotatable=false, mobileEmulationEnabled=false, networkConnectionEnabled=false, chrome={chromedriverVersion=2.25.426923 (0390b88869384d6eb0d5d09729679f934aab9eed), userDataDir=C:\Users\SOLOMO~1.ADE\AppData\Local\Temp\scoped_dir34596_25553}, takesHeapSnapshot=true, pageLoadStrategy=normal, databaseEnabled=false, handlesAlerts=true, hasTouchScreen=false, version=56.0.2924.87, platform=XP, browserConnectionEnabled=false, nativeEvents=true, acceptSslCerts=true, locationContextEnabled=true, webStorageEnabled=true, browserName=chrome, takesScreenshot=true, javascriptEnabled=true, cssSelectorsEnabled=true}]
Session ID: c251a2d4f7aa5687b9330c9a84806829
*** Element info: {Using=xpath, value=//*[@id='account_box']/ul[1]/li[1]/a}]]>
            </message>
            <full-stacktrace>
              <![CDATA[org.openqa.selenium.NoSuchElementException: no such element: Unable to locate element: {"method":"xpath","selector":"//*[@id='account_box']/ul[1]/li[1]/a"}
  (Session info: chrome=56.0.2924.87)
  (Driver info: chromedriver=2.25.426923 (0390b88869384d6eb0d5d09729679f934aab9eed),platform=Windows NT 10.0.14393 x86_64) (WARNING: The server did not provide any stacktrace information)
Command duration or timeout: 10.02 seconds
For documentation on this error, please visit: http://seleniumhq.org/exceptions/no_such_element.html
Build info: version: '2.53.0', revision: '35ae25b1534ae328c771e0856c93e187490ca824', time: '2016-03-15 10:43:46'
System info: host: 'NP-SADEKUNLE', ip: '10.44.3.81', os.name: 'Windows 10', os.arch: 'amd64', os.version: '10.0', java.version: '1.8.0_102'
Driver info: org.openqa.selenium.chrome.ChromeDriver
Capabilities [{applicationCacheEnabled=false, rotatable=false, mobileEmulationEnabled=false, networkConnectionEnabled=false, chrome={chromedriverVersion=2.25.426923 (0390b88869384d6eb0d5d09729679f934aab9eed), userDataDir=C:\Users\SOLOMO~1.ADE\AppData\Local\Temp\scoped_dir34596_25553}, takesHeapSnapshot=true, pageLoadStrategy=normal, databaseEnabled=false, handlesAlerts=true, hasTouchScreen=false, version=56.0.2924.87, platform=XP, browserConnectionEnabled=false, nativeEvents=true, acceptSslCerts=true, locationContextEnabled=true, webStorageEnabled=true, browserName=chrome, takesScreenshot=true, javascriptEnabled=true, cssSelectorsEnabled=true}]
Session ID: c251a2d4f7aa5687b9330c9a84806829
*** Element info: {Using=xpath, value=//*[@id='account_box']/ul[1]/li[1]/a}
	at sun.reflect.GeneratedConstructorAccessor58.newInstance(Unknown Source)
	at sun.reflect.DelegatingConstructorAccessorImpl.newInstance(DelegatingConstructorAccessorImpl.java:45)
	at java.lang.reflect.Constructor.newInstance(Constructor.java:423)
	at org.openqa.selenium.remote.ErrorHandler.createThrowable(ErrorHandler.java:206)
	at org.openqa.selenium.remote.ErrorHandler.throwIfResponseFailed(ErrorHandler.java:158)
	at org.openqa.selenium.remote.RemoteWebDriver.execute(RemoteWebDriver.java:678)
	at org.openqa.selenium.remote.RemoteWebDriver.findElement(RemoteWebDriver.java:363)
	at org.openqa.selenium.remote.RemoteWebDriver.findElementByXPath(RemoteWebDriver.java:500)
	at org.openqa.selenium.By$ByXPath.findElement(By.java:361)
	at org.openqa.selenium.remote.RemoteWebDriver.findElement(RemoteWebDriver.java:355)
	at Cashier.AccountSummaryTest.AccountSummarytest(AccountSummaryTest.java:35)
	at sun.reflect.NativeMethodAccessorImpl.invoke0(Native Method)
	at sun.reflect.NativeMethodAccessorImpl.invoke(NativeMethodAccessorImpl.java:62)
	at sun.reflect.DelegatingMethodAccessorImpl.invoke(DelegatingMethodAccessorImpl.java:43)
	at java.lang.reflect.Method.invoke(Method.java:498)
	at org.testng.internal.MethodInvocationHelper.invokeMethod(MethodInvocationHelper.java:104)
	at org.testng.internal.Invoker.invokeMethod(Invoker.java:645)
	at org.testng.internal.Invoker.invokeTestMethod(Invoker.java:851)
	at org.testng.internal.Invoker.invokeTestMethods(Invoker.java:1177)
	at org.testng.internal.TestMethodWorker.invokeTestMethods(TestMethodWorker.java:129)
	at org.testng.internal.TestMethodWorker.run(TestMethodWorker.java:112)
	at org.testng.TestRunner.privateRun(TestRunner.java:756)
	at org.testng.TestRunner.run(TestRunner.java:610)
	at org.testng.SuiteRunner.runTest(SuiteRunner.java:387)
	at org.testng.SuiteRunner.runSequentially(SuiteRunner.java:382)
	at org.testng.SuiteRunner.privateRun(SuiteRunner.java:340)
	at org.testng.SuiteRunner.run(SuiteRunner.java:289)
	at org.testng.SuiteRunnerWorker.runSuite(SuiteRunnerWorker.java:52)
	at org.testng.SuiteRunnerWorker.run(SuiteRunnerWorker.java:86)
	at org.testng.TestNG.runSuitesSequentially(TestNG.java:1293)
	at org.testng.TestNG.runSuitesSequentially(TestNG.java:1289)
	at org.testng.TestNG.runSuitesLocally(TestNG.java:1218)
	at org.testng.TestNG.runSuites(TestNG.java:1133)
	at org.testng.TestNG.run(TestNG.java:1104)
	at org.testng.remote.AbstractRemoteTestNG.run(AbstractRemoteTestNG.java:132)
	at org.testng.remote.RemoteTestNG.initAndRun(RemoteTestNG.java:236)
	at org.testng.remote.RemoteTestNG.main(RemoteTestNG.java:81)
]]>
            </full-stacktrace>
          </exception> <!-- org.openqa.selenium.NoSuchElementException -->
          <reporter-output>
          </reporter-output>
        </test-method> <!-- AccountSummarytest -->
        <test-method status="PASS" signature="close()[pri:0, instance:Cashier.AccountSummaryTest@5e955596]" name="close" is-config="true" duration-ms="893" started-at="2017-03-23T20:02:56Z" finished-at="2017-03-23T20:02:57Z">
          <reporter-output>
          </reporter-output>
        </test-method> <!-- close -->
      </class> <!-- Cashier.AccountSummaryTest -->
    </test> <!-- AccountSummaryTest -->
    <test name="AccountSummary2Test" duration-ms="1" started-at="2017-03-23T20:02:57Z" finished-at="2017-03-23T20:02:57Z">
      <class name="Cashier.AccountSummary2Test">
        <test-method status="PASS" signature="initLogs()[pri:0, instance:Cashier.AccountSummary2Test@17695df3]" name="initLogs" is-config="true" duration-ms="1" started-at="2017-03-23T20:02:57Z" finished-at="2017-03-23T20:02:57Z">
          <reporter-output>
          </reporter-output>
        </test-method> <!-- initLogs -->
      </class> <!-- Cashier.AccountSummary2Test -->
    </test> <!-- AccountSummary2Test -->
    <test name="AccountSummary3Test" duration-ms="1" started-at="2017-03-23T20:02:57Z" finished-at="2017-03-23T20:02:57Z">
      <class name="Cashier.AccountSummary3Test">
        <test-method status="PASS" signature="initLogs()[pri:0, instance:Cashier.AccountSummary3Test@2a40cd94]" name="initLogs" is-config="true" duration-ms="1" started-at="2017-03-23T20:02:57Z" finished-at="2017-03-23T20:02:57Z">
          <reporter-output>
          </reporter-output>
        </test-method> <!-- initLogs -->
      </class> <!-- Cashier.AccountSummary3Test -->
    </test> <!-- AccountSummary3Test -->
  </suite> <!-- Cashier -->
</testng-results>
