<?xml version="1.0" encoding="UTF-8"?>
<!-- Generated by org.testng.reporters.JUnitReportReporter -->
<testsuite name="Casino.AboutUsTest" tests="2" time="83.757" ignored="11" failures="1" timestamp="23 Mar 2017 20:02:57 GMT" skipped="0" hostname="NP-SADEKUNLE" errors="0">
  <testcase name="EnjoyRespoTest" time="38.472" classname="Casino.AboutUsTest"/>
  <testcase name="AboutTest" time="45.285" classname="Casino.AboutUsTest">
    <failure type="java.lang.AssertionError" message="Element not found - aboutus_ProgressiveJackpot_xpath">
      <![CDATA[java.lang.AssertionError: Element not found - aboutus_ProgressiveJackpot_xpath
	at org.testng.Assert.fail(Assert.java:94)
	at Base.TestBase.click(TestBase.java:186)
	at Casino.AboutUsTest.AboutTest(AboutUsTest.java:54)
	at sun.reflect.NativeMethodAccessorImpl.invoke0(Native Method)
	at sun.reflect.NativeMethodAccessorImpl.invoke(NativeMethodAccessorImpl.java:62)
	at sun.reflect.DelegatingMethodAccessorImpl.invoke(DelegatingMethodAccessorImpl.java:43)
	at java.lang.reflect.Method.invoke(Method.java:498)
	at org.testng.internal.MethodInvocationHelper.invokeMethod(MethodInvocationHelper.java:104)
	at org.testng.internal.Invoker.invokeMethod(Invoker.java:645)
	at org.testng.internal.Invoker.invokeTestMethod(Invoker.java:851)
	at org.testng.internal.Invoker.invokeTestMethods(Invoker.java:1177)
	at org.testng.internal.TestMethodWorker.invokeTestMethods(TestMethodWorker.java:129)
	at org.testng.internal.TestMethodWorker.run(TestMethodWorker.java:112)
	at org.testng.TestRunner.privateRun(TestRunner.java:756)
	at org.testng.TestRunner.run(TestRunner.java:610)
	at org.testng.SuiteRunner.runTest(SuiteRunner.java:387)
	at org.testng.SuiteRunner.runSequentially(SuiteRunner.java:382)
	at org.testng.SuiteRunner.privateRun(SuiteRunner.java:340)
	at org.testng.SuiteRunner.run(SuiteRunner.java:289)
	at org.testng.SuiteRunnerWorker.runSuite(SuiteRunnerWorker.java:52)
	at org.testng.SuiteRunnerWorker.run(SuiteRunnerWorker.java:86)
	at org.testng.TestNG.runSuitesSequentially(TestNG.java:1293)
	at org.testng.TestNG.runSuitesSequentially(TestNG.java:1289)
	at org.testng.TestNG.runSuitesLocally(TestNG.java:1218)
	at org.testng.TestNG.runSuites(TestNG.java:1133)
	at org.testng.TestNG.run(TestNG.java:1104)
	at org.testng.remote.AbstractRemoteTestNG.run(AbstractRemoteTestNG.java:132)
	at org.testng.remote.RemoteTestNG.initAndRun(RemoteTestNG.java:236)
	at org.testng.remote.RemoteTestNG.main(RemoteTestNG.java:81)
]]>
    </failure>
  </testcase> <!-- AboutTest -->
  <testcase name="DepositLimitTest" classname="Cashier.AccountSummaryTest">
    <skipped/>
  </testcase> <!-- DepositLimitTest -->
  <testcase name="SelfExclusiontest" classname="Cashier.AccountSummaryTest">
    <skipped/>
  </testcase> <!-- SelfExclusiontest -->
  <testcase name="TimeoutOptionTest" classname="Cashier.AccountSummaryTest">
    <skipped/>
  </testcase> <!-- TimeoutOptionTest -->
  <testcase name="TransactionsTest" classname="Cashier.AccountSummary2Test">
    <skipped/>
  </testcase> <!-- TransactionsTest -->
  <testcase name="Wageringest" classname="Casino.PromotionTest">
    <skipped/>
  </testcase> <!-- Wageringest -->
  <testcase name="TermTest" classname="Casino.GamesLunchTest">
    <skipped/>
  </testcase> <!-- TermTest -->
  <testcase name="HelpAndFAQsTest" classname="Casino.GamesLunchTest">
    <skipped/>
  </testcase> <!-- HelpAndFAQsTest -->
  <testcase name="AccountBonusestest" classname="Cashier.AccountSummary3Test">
    <skipped/>
  </testcase> <!-- AccountBonusestest -->
  <testcase name="AccountSessiontest" classname="Cashier.AccountSummary3Test">
    <skipped/>
  </testcase> <!-- AccountSessiontest -->
  <testcase name="AccountGameHistorytest" classname="Cashier.AccountSummary3Test">
    <skipped/>
  </testcase> <!-- AccountGameHistorytest -->
  <testcase name="RegisterNewCardTest" classname="Cashier.Cashier_RegisterNewCard">
    <skipped/>
  </testcase> <!-- RegisterNewCardTest -->
</testsuite> <!-- Casino.AboutUsTest -->
