<?xml version="1.0" encoding="UTF-8"?>
<!-- Generated by org.testng.reporters.JUnitXMLReporter -->
<testsuite hostname="NP-SADEKUNLE" ignored="0" name="DepositTest" tests="5" failures="5" timestamp="23 Mar 2017 20:02:22 GMT" time="144.375" errors="0">
  <testcase name="DepositTest" time="28.119" classname="Cashier.DepositTest">
    <failure type="java.lang.AssertionError" message="Element not found - hpDeposit_xpath">
      <![CDATA[java.lang.AssertionError: Element not found - hpDeposit_xpath
	at Base.TestBase.click(TestBase.java:186)
	at Cashier.DepositTest.DepositTest(DepositTest.java:33)
... Removed 27 stack frames]]>
    </failure>
  </testcase> <!-- DepositTest -->
  <testcase name="DepositTest" time="28.717" classname="Cashier.DepositTest">
    <failure type="java.lang.AssertionError" message="Element not found - hpDeposit_xpath">
      <![CDATA[java.lang.AssertionError: Element not found - hpDeposit_xpath
	at Base.TestBase.click(TestBase.java:186)
	at Cashier.DepositTest.DepositTest(DepositTest.java:33)
... Removed 27 stack frames]]>
    </failure>
  </testcase> <!-- DepositTest -->
  <testcase name="DepositTest" time="27.207" classname="Cashier.DepositTest">
    <failure type="java.lang.AssertionError" message="Element not found - hpDeposit_xpath">
      <![CDATA[java.lang.AssertionError: Element not found - hpDeposit_xpath
	at Base.TestBase.click(TestBase.java:186)
	at Cashier.DepositTest.DepositTest(DepositTest.java:33)
... Removed 27 stack frames]]>
    </failure>
  </testcase> <!-- DepositTest -->
  <testcase name="DepositTest" time="27.269" classname="Cashier.DepositTest">
    <failure type="java.lang.AssertionError" message="Element not found - hpDeposit_xpath">
      <![CDATA[java.lang.AssertionError: Element not found - hpDeposit_xpath
	at Base.TestBase.click(TestBase.java:186)
	at Cashier.DepositTest.DepositTest(DepositTest.java:33)
... Removed 27 stack frames]]>
    </failure>
  </testcase> <!-- DepositTest -->
  <testcase name="DepositTest" time="28.228" classname="Cashier.DepositTest">
    <failure type="java.lang.AssertionError" message="Element not found - hpDeposit_xpath">
      <![CDATA[java.lang.AssertionError: Element not found - hpDeposit_xpath
	at Base.TestBase.click(TestBase.java:186)
	at Cashier.DepositTest.DepositTest(DepositTest.java:33)
... Removed 27 stack frames]]>
    </failure>
  </testcase> <!-- DepositTest -->
</testsuite> <!-- DepositTest -->
